Log file opened on Mon Dec 28 16:45:44 2015
Host: xiaoyideMacBook-Pro.local  pid: 44010  rank ID: 0  number of ranks:  1
GROMACS:    gmx mdrun, VERSION 5.0.6

GROMACS is written by:
Emile Apol         Rossen Apostolov   Herman J.C. Berendsen Par Bjelkmar       
Aldert van Buuren  Rudi van Drunen    Anton Feenstra     Sebastian Fritsch  
Gerrit Groenhof    Christoph Junghans Peter Kasson       Carsten Kutzner    
Per Larsson        Justin A. Lemkul   Magnus Lundborg    Pieter Meulenhoff  
Erik Marklund      Teemu Murtola      Szilard Pall       Sander Pronk       
Roland Schulz      Alexey Shvetsov    Michael Shirts     Alfons Sijbers     
Peter Tieleman     Christian Wennberg Maarten Wolf       
and the project leaders:
Mark Abraham, Berk Hess, Erik Lindahl, and David van der Spoel

Copyright (c) 1991-2000, University of Groningen, The Netherlands.
Copyright (c) 2001-2014, The GROMACS development team at
Uppsala University, Stockholm University and
the Royal Institute of Technology, Sweden.
check out http://www.gromacs.org for more information.

GROMACS is free software; you can redistribute it and/or modify it
under the terms of the GNU Lesser General Public License
as published by the Free Software Foundation; either version 2.1
of the License, or (at your option) any later version.

GROMACS:      gmx mdrun, VERSION 5.0.6
Executable:   /usr/local/bin/../Cellar/gromacs/5.0.6/bin/gmx
Library dir:  /usr/local/bin/../Cellar/gromacs/5.0.6/share/gromacs/top
Command line:
  gmx mdrun -v -deffnm equil -nt 1

Gromacs version:    VERSION 5.0.6
Precision:          single
Memory model:       64 bit
MPI library:        thread_mpi
OpenMP support:     disabled
GPU support:        disabled
invsqrt routine:    gmx_software_invsqrt(x)
SIMD instructions:  AVX_256
FFT library:        fftw-3.3.4-sse2
RDTSCP usage:       enabled
C++11 compilation:  enabled
TNG support:        enabled
Tracing support:    disabled
Built on:           Fri Aug  7 06:21:30 PDT 2015
Built by:           brew@yosemitevm.local [CMAKE]
Build OS/arch:      Darwin 14.4.0 x86_64
Build CPU vendor:   GenuineIntel
Build CPU brand:    Intel(R) Core(TM) i7-3720QM CPU @ 2.60GHz
Build CPU family:   6   Model: 58   Stepping: 9
Build CPU features: aes apic avx clfsh cmov cx8 cx16 f16c lahf_lm mmx msr nonstop_tsc pcid pclmuldq popcnt pse rdrnd rdtscp sse2 sse3 sse4.1 sse4.2 ssse3 tdt x2apic
C compiler:         /usr/local/Library/ENV/4.3/clang Clang 6.1.0.6020053
C compiler flags:    -mavx    -Wall -Wno-unused -Wunused-value -Wunused-parameter -Wno-unknown-pragmas    
C++ compiler:       /usr/local/Library/ENV/4.3/clang++ Clang 6.1.0.6020053
C++ compiler flags:  -mavx   -std=c++0x  -Wextra -Wno-missing-field-initializers -Wpointer-arith -Wall -Wno-unused-function -Wno-unknown-pragmas    
Boost version:      1.55.0 (internal)



++++ PLEASE READ AND CITE THE FOLLOWING REFERENCE ++++
S. Páll, M. J. Abraham, C. Kutzner, B. Hess, E. Lindahl
Tackling Exascale Software Challenges in Molecular Dynamics Simulations with
GROMACS
In S. Markidis & E. Laure (Eds.), Solving Software Challenges for Exascale 8759 (2015) pp. 3–27
-------- -------- --- Thank You --- -------- --------


++++ PLEASE READ AND CITE THE FOLLOWING REFERENCE ++++
S. Pronk, S. Páll, R. Schulz, P. Larsson, P. Bjelkmar, R. Apostolov, M. R.
Shirts, J. C. Smith, P. M. Kasson, D. van der Spoel, B. Hess, and E. Lindahl
GROMACS 4.5: a high-throughput and highly parallel open source molecular
simulation toolkit
Bioinformatics 29 (2013) pp. 845-54
-------- -------- --- Thank You --- -------- --------


++++ PLEASE READ AND CITE THE FOLLOWING REFERENCE ++++
B. Hess and C. Kutzner and D. van der Spoel and E. Lindahl
GROMACS 4: Algorithms for highly efficient, load-balanced, and scalable
molecular simulation
J. Chem. Theory Comput. 4 (2008) pp. 435-447
-------- -------- --- Thank You --- -------- --------


++++ PLEASE READ AND CITE THE FOLLOWING REFERENCE ++++
D. van der Spoel, E. Lindahl, B. Hess, G. Groenhof, A. E. Mark and H. J. C.
Berendsen
GROMACS: Fast, Flexible and Free
J. Comp. Chem. 26 (2005) pp. 1701-1719
-------- -------- --- Thank You --- -------- --------


++++ PLEASE READ AND CITE THE FOLLOWING REFERENCE ++++
E. Lindahl and B. Hess and D. van der Spoel
GROMACS 3.0: A package for molecular simulation and trajectory analysis
J. Mol. Mod. 7 (2001) pp. 306-317
-------- -------- --- Thank You --- -------- --------


++++ PLEASE READ AND CITE THE FOLLOWING REFERENCE ++++
H. J. C. Berendsen, D. van der Spoel and R. van Drunen
GROMACS: A message-passing parallel molecular dynamics implementation
Comp. Phys. Comm. 91 (1995) pp. 43-56
-------- -------- --- Thank You --- -------- --------

Changing nstlist from 10 to 20, rlist from 1 to 1.029

Input Parameters:
   integrator                     = md
   tinit                          = 0
   dt                             = 0.002
   nsteps                         = 50000
   init-step                      = 0
   simulation-part                = 1
   comm-mode                      = Linear
   nstcomm                        = 100
   bd-fric                        = 0
   ld-seed                        = 3664338443
   emtol                          = 10
   emstep                         = 0.01
   niter                          = 20
   fcstep                         = 0
   nstcgsteep                     = 1000
   nbfgscorr                      = 10
   rtpi                           = 0.05
   nstxout                        = 1000
   nstvout                        = 1000
   nstfout                        = 0
   nstlog                         = 1000
   nstcalcenergy                  = 100
   nstenergy                      = 100
   nstxout-compressed             = 0
   compressed-x-precision         = 1000
   cutoff-scheme                  = Verlet
   nstlist                        = 20
   ns-type                        = Grid
   pbc                            = xyz
   periodic-molecules             = FALSE
   verlet-buffer-tolerance        = 0.005
   rlist                          = 1.029
   rlistlong                      = 1.029
   nstcalclr                      = 10
   coulombtype                    = PME
   coulomb-modifier               = Potential-shift
   rcoulomb-switch                = 0
   rcoulomb                       = 1
   epsilon-r                      = 1
   epsilon-rf                     = inf
   vdw-type                       = Cut-off
   vdw-modifier                   = Potential-shift
   rvdw-switch                    = 0
   rvdw                           = 1
   DispCorr                       = No
   table-extension                = 1
   fourierspacing                 = 0.12
   fourier-nx                     = 20
   fourier-ny                     = 20
   fourier-nz                     = 20
   pme-order                      = 4
   ewald-rtol                     = 1e-05
   ewald-rtol-lj                  = 0.001
   lj-pme-comb-rule               = Geometric
   ewald-geometry                 = 0
   epsilon-surface                = 0
   implicit-solvent               = No
   gb-algorithm                   = Still
   nstgbradii                     = 1
   rgbradii                       = 1
   gb-epsilon-solvent             = 80
   gb-saltconc                    = 0
   gb-obc-alpha                   = 1
   gb-obc-beta                    = 0.8
   gb-obc-gamma                   = 4.85
   gb-dielectric-offset           = 0.009
   sa-algorithm                   = Ace-approximation
   sa-surface-tension             = 2.05016
   tcoupl                         = V-rescale
   nsttcouple                     = 10
   nh-chain-length                = 0
   print-nose-hoover-chain-variables = FALSE
   pcoupl                         = Berendsen
   pcoupltype                     = Isotropic
   nstpcouple                     = 10
   tau-p                          = 5
   compressibility (3x3):
      compressibility[    0]={ 4.50000e-05,  0.00000e+00,  0.00000e+00}
      compressibility[    1]={ 0.00000e+00,  4.50000e-05,  0.00000e+00}
      compressibility[    2]={ 0.00000e+00,  0.00000e+00,  4.50000e-05}
   ref-p (3x3):
      ref-p[    0]={ 1.00000e+00,  0.00000e+00,  0.00000e+00}
      ref-p[    1]={ 0.00000e+00,  1.00000e+00,  0.00000e+00}
      ref-p[    2]={ 0.00000e+00,  0.00000e+00,  1.00000e+00}
   refcoord-scaling               = No
   posres-com (3):
      posres-com[0]= 0.00000e+00
      posres-com[1]= 0.00000e+00
      posres-com[2]= 0.00000e+00
   posres-comB (3):
      posres-comB[0]= 0.00000e+00
      posres-comB[1]= 0.00000e+00
      posres-comB[2]= 0.00000e+00
   QMMM                           = FALSE
   QMconstraints                  = 0
   QMMMscheme                     = 0
   MMChargeScaleFactor            = 1
qm-opts:
   ngQM                           = 0
   constraint-algorithm           = Lincs
   continuation                   = FALSE
   Shake-SOR                      = FALSE
   shake-tol                      = 0.0001
   lincs-order                    = 4
   lincs-iter                     = 1
   lincs-warnangle                = 30
   nwall                          = 0
   wall-type                      = 9-3
   wall-r-linpot                  = -1
   wall-atomtype[0]               = -1
   wall-atomtype[1]               = -1
   wall-density[0]                = 0
   wall-density[1]                = 0
   wall-ewald-zfac                = 3
   pull                           = no
   rotation                       = FALSE
   interactiveMD                  = FALSE
   disre                          = No
   disre-weighting                = Conservative
   disre-mixed                    = FALSE
   dr-fc                          = 1000
   dr-tau                         = 0
   nstdisreout                    = 100
   orire-fc                       = 0
   orire-tau                      = 0
   nstorireout                    = 100
   free-energy                    = no
   cos-acceleration               = 0
   deform (3x3):
      deform[    0]={ 0.00000e+00,  0.00000e+00,  0.00000e+00}
      deform[    1]={ 0.00000e+00,  0.00000e+00,  0.00000e+00}
      deform[    2]={ 0.00000e+00,  0.00000e+00,  0.00000e+00}
   simulated-tempering            = FALSE
   E-x:
      n = 0
   E-xt:
      n = 0
   E-y:
      n = 0
   E-yt:
      n = 0
   E-z:
      n = 0
   E-zt:
      n = 0
   swapcoords                     = no
   adress                         = FALSE
   userint1                       = 0
   userint2                       = 0
   userint3                       = 0
   userint4                       = 0
   userreal1                      = 0
   userreal2                      = 0
   userreal3                      = 0
   userreal4                      = 0
grpopts:
   nrdf:        1412
   ref-t:         300
   tau-t:         0.2
annealing:          No
annealing-npoints:           0
   acc:	           0           0           0
   nfreeze:           N           N           N
   energygrp-flags[  0]: 0
Using 1 MPI thread

Detecting CPU SIMD instructions.
Present hardware specification:
Vendor: GenuineIntel
Brand:  Intel(R) Core(TM) i7-5557U CPU @ 3.10GHz
Family:  6  Model: 61  Stepping:  4
Features: aes apic avx avx2 clfsh cmov cx8 cx16 f16c fma htt lahf_lm mmx msr nonstop_tsc pcid pclmuldq pdcm pdpe1gb popcnt pse rdrnd rdtscp sse2 sse3 sse4.1 sse4.2 ssse3 tdt x2apic
SIMD instructions most likely to fit this hardware: AVX2_256
SIMD instructions selected at GROMACS compile time: AVX_256


Binary not matching hardware - you might be losing performance.
SIMD instructions most likely to fit this hardware: AVX2_256
SIMD instructions selected at GROMACS compile time: AVX_256

Will do PME sum in reciprocal space for electrostatic interactions.

++++ PLEASE READ AND CITE THE FOLLOWING REFERENCE ++++
U. Essmann, L. Perera, M. L. Berkowitz, T. Darden, H. Lee and L. G. Pedersen 
A smooth particle mesh Ewald method
J. Chem. Phys. 103 (1995) pp. 8577-8592
-------- -------- --- Thank You --- -------- --------

Will do ordinary reciprocal space Ewald sum.
Using a Gaussian width (1/beta) of 0.320163 nm for Ewald
Cut-off's:   NS: 1.029   Coulomb: 1   LJ: 1
System total charge: 0.000
Generated table with 1014 data points for Ewald.
Tabscale = 500 points/nm
Generated table with 1014 data points for LJ6.
Tabscale = 500 points/nm
Generated table with 1014 data points for LJ12.
Tabscale = 500 points/nm

Using AVX_256 4x4 non-bonded kernels

Using geometric Lennard-Jones combination rule

Potential shift: LJ r^-12: -1.000e+00 r^-6: -1.000e+00, Ewald -1.000e-05
Initialized non-bonded Ewald correction tables, spacing: 9.33e-04 size: 2176

Removing pbc first time

Initializing LINear Constraint Solver

++++ PLEASE READ AND CITE THE FOLLOWING REFERENCE ++++
B. Hess and H. Bekker and H. J. C. Berendsen and J. G. E. M. Fraaije
LINCS: A Linear Constraint Solver for molecular simulations
J. Comp. Chem. 18 (1997) pp. 1463-1472
-------- -------- --- Thank You --- -------- --------

The number of constraints is 4

++++ PLEASE READ AND CITE THE FOLLOWING REFERENCE ++++
S. Miyamoto and P. A. Kollman
SETTLE: An Analytical Version of the SHAKE and RATTLE Algorithms for Rigid
Water Models
J. Comp. Chem. 13 (1992) pp. 952-962
-------- -------- --- Thank You --- -------- --------

Center of mass motion removal mode is Linear
We have the following groups for center of mass motion removal:
  0:  rest

++++ PLEASE READ AND CITE THE FOLLOWING REFERENCE ++++
G. Bussi, D. Donadio and M. Parrinello
Canonical sampling through velocity rescaling
J. Chem. Phys. 126 (2007) pp. 014101
-------- -------- --- Thank You --- -------- --------

There are: 707 Atoms

Constraining the starting coordinates (step 0)

Constraining the coordinates at t0-dt (step 0)
RMS relative constraint deviation after constraining: 2.15e-06
Initial temperature: 293.226 K

Started mdrun on rank 0 Mon Dec 28 16:45:44 2015
           Step           Time         Lambda
              0        0.00000        0.00000

   Energies (kJ/mol)
          Angle        LJ (SR)   Coulomb (SR)   Coul. recip.      Potential
    7.59649e-01    2.13276e+03   -1.36243e+04    2.44876e+01   -1.14663e+04
    Kinetic En.   Total Energy    Temperature Pressure (bar)   Constr. rmsd
    1.72084e+03   -9.74548e+03    2.93157e+02   -1.84456e+03    2.43961e-06

           Step           Time         Lambda
           1000        2.00000        0.00000

   Energies (kJ/mol)
          Angle        LJ (SR)   Coulomb (SR)   Coul. recip.      Potential
    6.45028e+00    1.55007e+03   -1.09893e+04    5.28743e+01   -9.37991e+03
    Kinetic En.   Total Energy    Temperature Pressure (bar)   Constr. rmsd
    1.82933e+03   -7.55058e+03    3.11638e+02    2.42137e+02    2.31539e-06

           Step           Time         Lambda
           2000        4.00000        0.00000

   Energies (kJ/mol)
          Angle        LJ (SR)   Coulomb (SR)   Coul. recip.      Potential
    1.09274e+01    1.45482e+03   -1.10056e+04    5.07059e+01   -9.48917e+03
    Kinetic En.   Total Energy    Temperature Pressure (bar)   Constr. rmsd
    1.76876e+03   -7.72040e+03    3.01320e+02   -8.16095e+02    1.19395e-06

           Step           Time         Lambda
           3000        6.00000        0.00000

   Energies (kJ/mol)
          Angle        LJ (SR)   Coulomb (SR)   Coul. recip.      Potential
    6.49953e+00    1.55310e+03   -1.08960e+04    5.44041e+01   -9.28197e+03
    Kinetic En.   Total Energy    Temperature Pressure (bar)   Constr. rmsd
    1.73933e+03   -7.54263e+03    2.96307e+02    5.35392e+02    3.04699e-06

           Step           Time         Lambda
           4000        8.00000        0.00000

   Energies (kJ/mol)
          Angle        LJ (SR)   Coulomb (SR)   Coul. recip.      Potential
    9.26505e+00    1.61800e+03   -1.09589e+04    6.26859e+01   -9.26900e+03
    Kinetic En.   Total Energy    Temperature Pressure (bar)   Constr. rmsd
    1.77731e+03   -7.49168e+03    3.02776e+02    1.14999e+03    3.36806e-06

           Step           Time         Lambda
           5000       10.00000        0.00000

   Energies (kJ/mol)
          Angle        LJ (SR)   Coulomb (SR)   Coul. recip.      Potential
    9.56893e+00    1.29701e+03   -1.05885e+04    6.46843e+01   -9.21720e+03
    Kinetic En.   Total Energy    Temperature Pressure (bar)   Constr. rmsd
    1.83466e+03   -7.38254e+03    3.12546e+02   -1.02477e+03    1.09865e-06

           Step           Time         Lambda
           6000       12.00000        0.00000

   Energies (kJ/mol)
          Angle        LJ (SR)   Coulomb (SR)   Coul. recip.      Potential
    4.53013e+00    1.49912e+03   -1.09442e+04    5.57948e+01   -9.38476e+03
    Kinetic En.   Total Energy    Temperature Pressure (bar)   Constr. rmsd
    1.75294e+03   -7.63182e+03    2.98625e+02   -1.04200e+02    1.23778e-06

           Step           Time         Lambda
           7000       14.00000        0.00000

   Energies (kJ/mol)
          Angle        LJ (SR)   Coulomb (SR)   Coul. recip.      Potential
    6.66152e+00    1.35004e+03   -1.05218e+04    5.61101e+01   -9.10903e+03
    Kinetic En.   Total Energy    Temperature Pressure (bar)   Constr. rmsd
    1.78268e+03   -7.32635e+03    3.03690e+02   -3.68711e+02    1.64481e-06

           Step           Time         Lambda
           8000       16.00000        0.00000

   Energies (kJ/mol)
          Angle        LJ (SR)   Coulomb (SR)   Coul. recip.      Potential
    1.40238e+01    1.37679e+03   -1.07272e+04    5.54797e+01   -9.28093e+03
    Kinetic En.   Total Energy    Temperature Pressure (bar)   Constr. rmsd
    1.81421e+03   -7.46672e+03    3.09062e+02   -7.66847e+02    2.20557e-06

           Step           Time         Lambda
           9000       18.00000        0.00000

   Energies (kJ/mol)
          Angle        LJ (SR)   Coulomb (SR)   Coul. recip.      Potential
    1.15712e+01    1.61308e+03   -1.08551e+04    6.45928e+01   -9.16583e+03
    Kinetic En.   Total Energy    Temperature Pressure (bar)   Constr. rmsd
    1.74746e+03   -7.41837e+03    2.97691e+02    1.27921e+03    3.23873e-06

           Step           Time         Lambda
          10000       20.00000        0.00000

   Energies (kJ/mol)
          Angle        LJ (SR)   Coulomb (SR)   Coul. recip.      Potential
    5.73504e+00    1.28037e+03   -1.07299e+04    6.32307e+01   -9.38060e+03
    Kinetic En.   Total Energy    Temperature Pressure (bar)   Constr. rmsd
    1.75711e+03   -7.62349e+03    2.99334e+02   -2.09769e+03    1.58402e-06

           Step           Time         Lambda
          11000       22.00000        0.00000

   Energies (kJ/mol)
          Angle        LJ (SR)   Coulomb (SR)   Coul. recip.      Potential
    1.27726e+01    1.42734e+03   -1.07533e+04    5.38240e+01   -9.25933e+03
    Kinetic En.   Total Energy    Temperature Pressure (bar)   Constr. rmsd
    1.90068e+03   -7.35865e+03    3.23794e+02   -3.11423e+02    6.08581e-07

           Step           Time         Lambda
          12000       24.00000        0.00000

   Energies (kJ/mol)
          Angle        LJ (SR)   Coulomb (SR)   Coul. recip.      Potential
    1.34459e+01    1.49006e+03   -1.07262e+04    5.81542e+01   -9.16451e+03
    Kinetic En.   Total Energy    Temperature Pressure (bar)   Constr. rmsd
    1.89401e+03   -7.27050e+03    3.22656e+02    6.80555e+02    6.75810e-06

           Step           Time         Lambda
          13000       26.00000        0.00000

   Energies (kJ/mol)
          Angle        LJ (SR)   Coulomb (SR)   Coul. recip.      Potential
    1.23713e+01    1.58736e+03   -1.09018e+04    5.62227e+01   -9.24583e+03
    Kinetic En.   Total Energy    Temperature Pressure (bar)   Constr. rmsd
    1.75080e+03   -7.49503e+03    2.98261e+02    1.16606e+03    1.02114e-06

           Step           Time         Lambda
          14000       28.00000        0.00000

   Energies (kJ/mol)
          Angle        LJ (SR)   Coulomb (SR)   Coul. recip.      Potential
    1.29269e+01    1.31553e+03   -1.06040e+04    6.48436e+01   -9.21075e+03
    Kinetic En.   Total Energy    Temperature Pressure (bar)   Constr. rmsd
    1.77995e+03   -7.43081e+03    3.03225e+02   -1.01457e+03    1.45910e-06

           Step           Time         Lambda
          15000       30.00000        0.00000

   Energies (kJ/mol)
          Angle        LJ (SR)   Coulomb (SR)   Coul. recip.      Potential
    6.44808e+00    1.49126e+03   -1.05918e+04    6.82902e+01   -9.02581e+03
    Kinetic En.   Total Energy    Temperature Pressure (bar)   Constr. rmsd
    1.79019e+03   -7.23562e+03    3.04970e+02    7.09201e+02    1.19866e-05

           Step           Time         Lambda
          16000       32.00000        0.00000

   Energies (kJ/mol)
          Angle        LJ (SR)   Coulomb (SR)   Coul. recip.      Potential
    6.21458e+00    1.47634e+03   -1.06593e+04    6.23555e+01   -9.11435e+03
    Kinetic En.   Total Energy    Temperature Pressure (bar)   Constr. rmsd
    1.81928e+03   -7.29507e+03    3.09926e+02    5.59361e+02    4.34164e-06

           Step           Time         Lambda
          17000       34.00000        0.00000

   Energies (kJ/mol)
          Angle        LJ (SR)   Coulomb (SR)   Coul. recip.      Potential
    9.00200e+00    1.42221e+03   -1.06848e+04    5.48718e+01   -9.19867e+03
    Kinetic En.   Total Energy    Temperature Pressure (bar)   Constr. rmsd
    1.81771e+03   -7.38095e+03    3.09659e+02   -6.02581e+01    5.99419e-06

           Step           Time         Lambda
          18000       36.00000        0.00000

   Energies (kJ/mol)
          Angle        LJ (SR)   Coulomb (SR)   Coul. recip.      Potential
    9.45137e+00    1.62031e+03   -1.09170e+04    5.75429e+01   -9.22966e+03
    Kinetic En.   Total Energy    Temperature Pressure (bar)   Constr. rmsd
    1.71574e+03   -7.51392e+03    2.92287e+02    1.26681e+03    4.59942e-06

           Step           Time         Lambda
          19000       38.00000        0.00000

   Energies (kJ/mol)
          Angle        LJ (SR)   Coulomb (SR)   Coul. recip.      Potential
    1.24760e+01    1.34751e+03   -1.06631e+04    5.51587e+01   -9.24791e+03
    Kinetic En.   Total Energy    Temperature Pressure (bar)   Constr. rmsd
    1.77255e+03   -7.47536e+03    3.01965e+02   -7.60688e+02    3.98081e-06

           Step           Time         Lambda
          20000       40.00000        0.00000

   Energies (kJ/mol)
          Angle        LJ (SR)   Coulomb (SR)   Coul. recip.      Potential
    5.71648e+00    1.34711e+03   -1.06543e+04    4.70791e+01   -9.25442e+03
    Kinetic En.   Total Energy    Temperature Pressure (bar)   Constr. rmsd
    1.75987e+03   -7.49455e+03    2.99806e+02   -6.54469e+02    1.31468e-05

           Step           Time         Lambda
          21000       42.00000        0.00000

   Energies (kJ/mol)
          Angle        LJ (SR)   Coulomb (SR)   Coul. recip.      Potential
    7.59596e+00    1.38421e+03   -1.06263e+04    5.52750e+01   -9.17922e+03
    Kinetic En.   Total Energy    Temperature Pressure (bar)   Constr. rmsd
    1.89641e+03   -7.28281e+03    3.23065e+02   -2.22799e+02    1.86068e-06

           Step           Time         Lambda
          22000       44.00000        0.00000

   Energies (kJ/mol)
          Angle        LJ (SR)   Coulomb (SR)   Coul. recip.      Potential
    1.18611e+01    1.54911e+03   -1.09031e+04    5.11968e+01   -9.29090e+03
    Kinetic En.   Total Energy    Temperature Pressure (bar)   Constr. rmsd
    1.77675e+03   -7.51415e+03    3.02681e+02    5.91800e+02    4.18603e-06

           Step           Time         Lambda
          23000       46.00000        0.00000

   Energies (kJ/mol)
          Angle        LJ (SR)   Coulomb (SR)   Coul. recip.      Potential
    1.13701e+01    1.48825e+03   -1.09071e+04    6.08783e+01   -9.34659e+03
    Kinetic En.   Total Energy    Temperature Pressure (bar)   Constr. rmsd
    1.74095e+03   -7.60564e+03    2.96582e+02    3.86221e+00    3.23242e-06

           Step           Time         Lambda
          24000       48.00000        0.00000

   Energies (kJ/mol)
          Angle        LJ (SR)   Coulomb (SR)   Coul. recip.      Potential
    7.56031e+00    1.50437e+03   -1.08704e+04    7.03035e+01   -9.28812e+03
    Kinetic En.   Total Energy    Temperature Pressure (bar)   Constr. rmsd
    1.76639e+03   -7.52173e+03    3.00916e+02    2.29212e+02    6.27528e-06

           Step           Time         Lambda
          25000       50.00000        0.00000

   Energies (kJ/mol)
          Angle        LJ (SR)   Coulomb (SR)   Coul. recip.      Potential
    5.66352e+00    1.67893e+03   -1.11822e+04    5.24451e+01   -9.44515e+03
    Kinetic En.   Total Energy    Temperature Pressure (bar)   Constr. rmsd
    1.74251e+03   -7.70265e+03    2.96847e+02    9.74915e+02    9.63261e-06

           Step           Time         Lambda
          26000       52.00000        0.00000

   Energies (kJ/mol)
          Angle        LJ (SR)   Coulomb (SR)   Coul. recip.      Potential
    1.34950e+01    1.70528e+03   -1.12489e+04    6.10883e+01   -9.46905e+03
    Kinetic En.   Total Energy    Temperature Pressure (bar)   Constr. rmsd
    1.81015e+03   -7.65890e+03    3.08370e+02    1.36348e+03    5.37013e-06

           Step           Time         Lambda
          27000       54.00000        0.00000

   Energies (kJ/mol)
          Angle        LJ (SR)   Coulomb (SR)   Coul. recip.      Potential
    2.12171e+01    1.54502e+03   -1.08793e+04    6.87449e+01   -9.24428e+03
    Kinetic En.   Total Energy    Temperature Pressure (bar)   Constr. rmsd
    1.75571e+03   -7.48857e+03    2.99096e+02    4.80608e+02    5.44233e-06

           Step           Time         Lambda
          28000       56.00000        0.00000

   Energies (kJ/mol)
          Angle        LJ (SR)   Coulomb (SR)   Coul. recip.      Potential
    2.15072e+01    1.72249e+03   -1.13196e+04    4.56186e+01   -9.52995e+03
    Kinetic En.   Total Energy    Temperature Pressure (bar)   Constr. rmsd
    1.81339e+03   -7.71656e+03    3.08922e+02    1.11933e+03    3.49501e-06

           Step           Time         Lambda
          29000       58.00000        0.00000

   Energies (kJ/mol)
          Angle        LJ (SR)   Coulomb (SR)   Coul. recip.      Potential
    9.06973e+00    1.44168e+03   -1.08083e+04    6.14847e+01   -9.29603e+03
    Kinetic En.   Total Energy    Temperature Pressure (bar)   Constr. rmsd
    1.77779e+03   -7.51823e+03    3.02859e+02   -7.05162e+01    1.26370e-05

           Step           Time         Lambda
          30000       60.00000        0.00000

   Energies (kJ/mol)
          Angle        LJ (SR)   Coulomb (SR)   Coul. recip.      Potential
    1.16185e+01    1.46353e+03   -1.08759e+04    6.57593e+01   -9.33503e+03
    Kinetic En.   Total Energy    Temperature Pressure (bar)   Constr. rmsd
    1.67612e+03   -7.65891e+03    2.85538e+02   -2.59768e+02    6.59413e-06

           Step           Time         Lambda
          31000       62.00000        0.00000

   Energies (kJ/mol)
          Angle        LJ (SR)   Coulomb (SR)   Coul. recip.      Potential
    2.55877e+01    1.59912e+03   -1.09646e+04    6.28636e+01   -9.27705e+03
    Kinetic En.   Total Energy    Temperature Pressure (bar)   Constr. rmsd
    1.73321e+03   -7.54384e+03    2.95264e+02    1.00610e+03    2.13290e-06

           Step           Time         Lambda
          32000       64.00000        0.00000

   Energies (kJ/mol)
          Angle        LJ (SR)   Coulomb (SR)   Coul. recip.      Potential
    1.78052e+01    1.38213e+03   -1.07929e+04    6.65611e+01   -9.32639e+03
    Kinetic En.   Total Energy    Temperature Pressure (bar)   Constr. rmsd
    1.86262e+03   -7.46376e+03    3.17310e+02   -8.17556e+02    4.62215e-06

           Step           Time         Lambda
          33000       66.00000        0.00000

   Energies (kJ/mol)
          Angle        LJ (SR)   Coulomb (SR)   Coul. recip.      Potential
    1.01076e+01    1.28681e+03   -1.08390e+04    5.45049e+01   -9.48754e+03
    Kinetic En.   Total Energy    Temperature Pressure (bar)   Constr. rmsd
    1.79032e+03   -7.69722e+03    3.04993e+02   -2.05493e+03    9.75451e-06

           Step           Time         Lambda
          34000       68.00000        0.00000

   Energies (kJ/mol)
          Angle        LJ (SR)   Coulomb (SR)   Coul. recip.      Potential
    9.83057e+00    1.52018e+03   -1.08748e+04    6.63989e+01   -9.27840e+03
    Kinetic En.   Total Energy    Temperature Pressure (bar)   Constr. rmsd
    1.83552e+03   -7.44289e+03    3.12692e+02    4.77798e+02    1.10921e-05

           Step           Time         Lambda
          35000       70.00000        0.00000

   Energies (kJ/mol)
          Angle        LJ (SR)   Coulomb (SR)   Coul. recip.      Potential
    2.03403e+01    1.40518e+03   -1.07723e+04    5.82615e+01   -9.28856e+03
    Kinetic En.   Total Energy    Temperature Pressure (bar)   Constr. rmsd
    1.83062e+03   -7.45794e+03    3.11857e+02   -4.51186e+02    1.99920e-06

           Step           Time         Lambda
          36000       72.00000        0.00000

   Energies (kJ/mol)
          Angle        LJ (SR)   Coulomb (SR)   Coul. recip.      Potential
    1.49500e+01    1.68339e+03   -1.11240e+04    4.25606e+01   -9.38314e+03
    Kinetic En.   Total Energy    Temperature Pressure (bar)   Constr. rmsd
    1.75997e+03   -7.62318e+03    2.99822e+02    1.15713e+03    2.72589e-06

           Step           Time         Lambda
          37000       74.00000        0.00000

   Energies (kJ/mol)
          Angle        LJ (SR)   Coulomb (SR)   Coul. recip.      Potential
    2.20372e+01    1.47061e+03   -1.08937e+04    5.52943e+01   -9.34578e+03
    Kinetic En.   Total Energy    Temperature Pressure (bar)   Constr. rmsd
    1.74881e+03   -7.59697e+03    2.97922e+02   -3.04751e+02    2.23120e-06

           Step           Time         Lambda
          38000       76.00000        0.00000

   Energies (kJ/mol)
          Angle        LJ (SR)   Coulomb (SR)   Coul. recip.      Potential
    2.17860e+01    1.49832e+03   -1.07567e+04    5.84282e+01   -9.17814e+03
    Kinetic En.   Total Energy    Temperature Pressure (bar)   Constr. rmsd
    1.64960e+03   -7.52854e+03    2.81020e+02    2.05383e+02    1.46396e-06

           Step           Time         Lambda
          39000       78.00000        0.00000

   Energies (kJ/mol)
          Angle        LJ (SR)   Coulomb (SR)   Coul. recip.      Potential
    1.01494e+01    1.47273e+03   -1.07996e+04    5.31115e+01   -9.26358e+03
    Kinetic En.   Total Energy    Temperature Pressure (bar)   Constr. rmsd
    1.79343e+03   -7.47015e+03    3.05523e+02   -9.89820e+01    5.47390e-06

           Step           Time         Lambda
          40000       80.00000        0.00000

   Energies (kJ/mol)
          Angle        LJ (SR)   Coulomb (SR)   Coul. recip.      Potential
    1.33944e+01    1.41551e+03   -1.07446e+04    5.32364e+01   -9.26249e+03
    Kinetic En.   Total Energy    Temperature Pressure (bar)   Constr. rmsd
    1.78756e+03   -7.47493e+03    3.04523e+02   -3.27844e+02    2.40680e-06

           Step           Time         Lambda
          41000       82.00000        0.00000

   Energies (kJ/mol)
          Angle        LJ (SR)   Coulomb (SR)   Coul. recip.      Potential
    1.15756e+01    1.64942e+03   -1.09346e+04    6.43586e+01   -9.20928e+03
    Kinetic En.   Total Energy    Temperature Pressure (bar)   Constr. rmsd
    1.75529e+03   -7.45399e+03    2.99025e+02    1.40574e+03    6.48247e-06

           Step           Time         Lambda
          42000       84.00000        0.00000

   Energies (kJ/mol)
          Angle        LJ (SR)   Coulomb (SR)   Coul. recip.      Potential
    1.48145e+01    1.37183e+03   -1.05109e+04    6.89610e+01   -9.05534e+03
    Kinetic En.   Total Energy    Temperature Pressure (bar)   Constr. rmsd
    1.78619e+03   -7.26915e+03    3.04289e+02   -3.27953e+01    3.96505e-06

           Step           Time         Lambda
          43000       86.00000        0.00000

   Energies (kJ/mol)
          Angle        LJ (SR)   Coulomb (SR)   Coul. recip.      Potential
    1.37584e+01    1.32590e+03   -1.03953e+04    5.94140e+01   -8.99627e+03
    Kinetic En.   Total Energy    Temperature Pressure (bar)   Constr. rmsd
    1.63582e+03   -7.36046e+03    2.78672e+02   -2.09688e+02    1.03491e-05

           Step           Time         Lambda
          44000       88.00000        0.00000

   Energies (kJ/mol)
          Angle        LJ (SR)   Coulomb (SR)   Coul. recip.      Potential
    1.73588e+01    1.49238e+03   -1.08936e+04    5.80537e+01   -9.32582e+03
    Kinetic En.   Total Energy    Temperature Pressure (bar)   Constr. rmsd
    1.90115e+03   -7.42467e+03    3.23874e+02    2.57820e+02    4.99756e-06

           Step           Time         Lambda
          45000       90.00000        0.00000

   Energies (kJ/mol)
          Angle        LJ (SR)   Coulomb (SR)   Coul. recip.      Potential
    1.82763e+01    1.51250e+03   -1.10048e+04    5.24006e+01   -9.42167e+03
    Kinetic En.   Total Energy    Temperature Pressure (bar)   Constr. rmsd
    1.79471e+03   -7.62696e+03    3.05740e+02   -2.24336e+01    3.77326e-06

           Step           Time         Lambda
          46000       92.00000        0.00000

   Energies (kJ/mol)
          Angle        LJ (SR)   Coulomb (SR)   Coul. recip.      Potential
    1.94618e+01    1.50899e+03   -1.07728e+04    6.51756e+01   -9.17921e+03
    Kinetic En.   Total Energy    Temperature Pressure (bar)   Constr. rmsd
    1.78938e+03   -7.38982e+03    3.04833e+02    5.53316e+02    4.14767e-06

           Step           Time         Lambda
          47000       94.00000        0.00000

   Energies (kJ/mol)
          Angle        LJ (SR)   Coulomb (SR)   Coul. recip.      Potential
    1.51232e+01    1.47153e+03   -1.06845e+04    5.29060e+01   -9.14491e+03
    Kinetic En.   Total Energy    Temperature Pressure (bar)   Constr. rmsd
    1.78919e+03   -7.35572e+03    3.04800e+02    2.84738e+02    4.68731e-06

           Step           Time         Lambda
          48000       96.00000        0.00000

   Energies (kJ/mol)
          Angle        LJ (SR)   Coulomb (SR)   Coul. recip.      Potential
    1.55590e+01    1.57523e+03   -1.08448e+04    5.16058e+01   -9.20238e+03
    Kinetic En.   Total Energy    Temperature Pressure (bar)   Constr. rmsd
    1.81586e+03   -7.38652e+03    3.09344e+02    1.03629e+03    2.46027e-06

           Step           Time         Lambda
          49000       98.00000        0.00000

   Energies (kJ/mol)
          Angle        LJ (SR)   Coulomb (SR)   Coul. recip.      Potential
    7.16875e+00    1.44927e+03   -1.07010e+04    5.41704e+01   -9.19042e+03
    Kinetic En.   Total Energy    Temperature Pressure (bar)   Constr. rmsd
    1.86808e+03   -7.32234e+03    3.18240e+02    4.42148e+01    2.65224e-06

           Step           Time         Lambda
          50000      100.00000        0.00000

Writing checkpoint, step 50000 at Mon Dec 28 16:46:40 2015


   Energies (kJ/mol)
          Angle        LJ (SR)   Coulomb (SR)   Coul. recip.      Potential
    1.33390e+01    1.60174e+03   -1.09300e+04    5.03310e+01   -9.26461e+03
    Kinetic En.   Total Energy    Temperature Pressure (bar)   Constr. rmsd
    1.65600e+03   -7.60862e+03    2.82110e+02    6.35154e+02    6.53419e-06

	<======  ###############  ==>
	<====  A V E R A G E S  ====>
	<==  ###############  ======>

	Statistics over 50001 steps using 501 frames

   Energies (kJ/mol)
          Angle        LJ (SR)   Coulomb (SR)   Coul. recip.      Potential
    1.24403e+01    1.46856e+03   -1.08082e+04    5.90795e+01   -9.26810e+03
    Kinetic En.   Total Energy    Temperature Pressure (bar)   Constr. rmsd
    1.76422e+03   -7.50388e+03    3.00546e+02   -6.43369e+00    0.00000e+00

          Box-X          Box-Y          Box-Z
    2.17249e+00    2.17249e+00    1.53618e+00

   Total Virial (kJ/mol)
    5.89578e+02    1.93104e+01    1.62067e+00
    1.93149e+01    6.01318e+02   -4.04626e+00
    1.63408e+00   -4.03466e+00    5.77730e+02

   Pressure (bar)
   -1.68594e+01   -8.83615e+01   -7.92641e+00
   -8.83824e+01   -5.79495e+01    2.36126e+01
   -7.98785e+00    2.35597e+01    5.55078e+01


	M E G A - F L O P S   A C C O U N T I N G

 NB=Group-cutoff nonbonded kernels    NxN=N-by-N cluster Verlet kernels
 RF=Reaction-Field  VdW=Van der Waals  QSTab=quadratic-spline table
 W3=SPC/TIP3p  W4=TIP4p (single or pairs)
 V&F=Potential and force  V=Potential only  F=Force only

 Computing:                               M-Number         M-Flops  % Flops
-----------------------------------------------------------------------------
 Pair Search distance check             575.707448        5181.367     0.5
 NxN Ewald Elec. + LJ [F]              7754.408792      511790.980    46.4
 NxN Ewald Elec. + LJ [V&F]              78.490704        8398.505     0.8
 NxN Ewald Elec. [F]                   7543.902248      460178.037    41.7
 NxN Ewald Elec. [V&F]                   76.303168        6409.466     0.6
 Calc Weights                           106.052121        3817.876     0.3
 Spread Q Bspline                      2262.445248        4524.890     0.4
 Gather F Bspline                      2262.445248       13574.671     1.2
 3D-FFT                               10372.807452       82982.460     7.5
 Solve PME                               20.000400        1280.026     0.1
 Shift-X                                  1.768207          10.609     0.0
 Angles                                   0.300006          50.401     0.0
 Virial                                   3.760752          67.694     0.0
 Stop-CM                                  0.354914           3.549     0.0
 P-Coupling                              35.350707         212.104     0.0
 Calc-Ekin                                7.071414         190.928     0.0
 Lincs                                    0.200012          12.001     0.0
 Lincs-Mat                                3.600216          14.401     0.0
 Constraint-V                            35.501420         284.011     0.0
 Constraint-Vir                           3.530706          84.737     0.0
 Settle                                  11.700702        3779.327     0.3
-----------------------------------------------------------------------------
 Total                                                 1102848.041   100.0
-----------------------------------------------------------------------------


     R E A L   C Y C L E   A N D   T I M E   A C C O U N T I N G

On 1 MPI rank

 Computing:          Num   Num      Call    Wall time         Giga-Cycles
                     Ranks Threads  Count      (s)         total sum    %
-----------------------------------------------------------------------------
 Neighbor search        1    1       2501       3.233         10.021   5.7
 Force                  1    1      50001      38.915        120.633  68.9
 PME mesh               1    1      50001      10.656         33.032  18.9
 NB X/F buffer ops.     1    1      97501       0.272          0.844   0.5
 Write traj.            1    1         51       0.032          0.099   0.1
 Update                 1    1      50001       0.489          1.516   0.9
 Constraints            1    1      50001       2.137          6.626   3.8
 Rest                                           0.722          2.237   1.3
-----------------------------------------------------------------------------
 Total                                         56.456        175.009 100.0
-----------------------------------------------------------------------------
 Breakdown of PME mesh computation
-----------------------------------------------------------------------------
 PME spread/gather      1    1     100002       6.020         18.662  10.7
 PME 3D-FFT             1    1     100002       2.854          8.847   5.1
 PME solve Elec         1    1      50001       1.702          5.275   3.0
-----------------------------------------------------------------------------

               Core t (s)   Wall t (s)        (%)
       Time:       56.456       56.456      100.0
                 (ns/day)    (hour/ns)
Performance:      153.043        0.157
Finished mdrun on rank 0 Mon Dec 28 16:46:40 2015
