Log file opened on Mon Dec 28 16:59:45 2015
Host: xiaoyideMacBook-Pro.local  pid: 44081  rank ID: 0  number of ranks:  1
GROMACS:    gmx mdrun, VERSION 5.0.6

GROMACS is written by:
Emile Apol         Rossen Apostolov   Herman J.C. Berendsen Par Bjelkmar       
Aldert van Buuren  Rudi van Drunen    Anton Feenstra     Sebastian Fritsch  
Gerrit Groenhof    Christoph Junghans Peter Kasson       Carsten Kutzner    
Per Larsson        Justin A. Lemkul   Magnus Lundborg    Pieter Meulenhoff  
Erik Marklund      Teemu Murtola      Szilard Pall       Sander Pronk       
Roland Schulz      Alexey Shvetsov    Michael Shirts     Alfons Sijbers     
Peter Tieleman     Christian Wennberg Maarten Wolf       
and the project leaders:
Mark Abraham, Berk Hess, Erik Lindahl, and David van der Spoel

Copyright (c) 1991-2000, University of Groningen, The Netherlands.
Copyright (c) 2001-2014, The GROMACS development team at
Uppsala University, Stockholm University and
the Royal Institute of Technology, Sweden.
check out http://www.gromacs.org for more information.

GROMACS is free software; you can redistribute it and/or modify it
under the terms of the GNU Lesser General Public License
as published by the Free Software Foundation; either version 2.1
of the License, or (at your option) any later version.

GROMACS:      gmx mdrun, VERSION 5.0.6
Executable:   /usr/local/bin/../Cellar/gromacs/5.0.6/bin/gmx
Library dir:  /usr/local/bin/../Cellar/gromacs/5.0.6/share/gromacs/top
Command line:
  gmx mdrun -v -nt 1

Gromacs version:    VERSION 5.0.6
Precision:          single
Memory model:       64 bit
MPI library:        thread_mpi
OpenMP support:     disabled
GPU support:        disabled
invsqrt routine:    gmx_software_invsqrt(x)
SIMD instructions:  AVX_256
FFT library:        fftw-3.3.4-sse2
RDTSCP usage:       enabled
C++11 compilation:  enabled
TNG support:        enabled
Tracing support:    disabled
Built on:           Fri Aug  7 06:21:30 PDT 2015
Built by:           brew@yosemitevm.local [CMAKE]
Build OS/arch:      Darwin 14.4.0 x86_64
Build CPU vendor:   GenuineIntel
Build CPU brand:    Intel(R) Core(TM) i7-3720QM CPU @ 2.60GHz
Build CPU family:   6   Model: 58   Stepping: 9
Build CPU features: aes apic avx clfsh cmov cx8 cx16 f16c lahf_lm mmx msr nonstop_tsc pcid pclmuldq popcnt pse rdrnd rdtscp sse2 sse3 sse4.1 sse4.2 ssse3 tdt x2apic
C compiler:         /usr/local/Library/ENV/4.3/clang Clang 6.1.0.6020053
C compiler flags:    -mavx    -Wall -Wno-unused -Wunused-value -Wunused-parameter -Wno-unknown-pragmas    
C++ compiler:       /usr/local/Library/ENV/4.3/clang++ Clang 6.1.0.6020053
C++ compiler flags:  -mavx   -std=c++0x  -Wextra -Wno-missing-field-initializers -Wpointer-arith -Wall -Wno-unused-function -Wno-unknown-pragmas    
Boost version:      1.55.0 (internal)



++++ PLEASE READ AND CITE THE FOLLOWING REFERENCE ++++
S. Páll, M. J. Abraham, C. Kutzner, B. Hess, E. Lindahl
Tackling Exascale Software Challenges in Molecular Dynamics Simulations with
GROMACS
In S. Markidis & E. Laure (Eds.), Solving Software Challenges for Exascale 8759 (2015) pp. 3–27
-------- -------- --- Thank You --- -------- --------


++++ PLEASE READ AND CITE THE FOLLOWING REFERENCE ++++
S. Pronk, S. Páll, R. Schulz, P. Larsson, P. Bjelkmar, R. Apostolov, M. R.
Shirts, J. C. Smith, P. M. Kasson, D. van der Spoel, B. Hess, and E. Lindahl
GROMACS 4.5: a high-throughput and highly parallel open source molecular
simulation toolkit
Bioinformatics 29 (2013) pp. 845-54
-------- -------- --- Thank You --- -------- --------


++++ PLEASE READ AND CITE THE FOLLOWING REFERENCE ++++
B. Hess and C. Kutzner and D. van der Spoel and E. Lindahl
GROMACS 4: Algorithms for highly efficient, load-balanced, and scalable
molecular simulation
J. Chem. Theory Comput. 4 (2008) pp. 435-447
-------- -------- --- Thank You --- -------- --------


++++ PLEASE READ AND CITE THE FOLLOWING REFERENCE ++++
D. van der Spoel, E. Lindahl, B. Hess, G. Groenhof, A. E. Mark and H. J. C.
Berendsen
GROMACS: Fast, Flexible and Free
J. Comp. Chem. 26 (2005) pp. 1701-1719
-------- -------- --- Thank You --- -------- --------


++++ PLEASE READ AND CITE THE FOLLOWING REFERENCE ++++
E. Lindahl and B. Hess and D. van der Spoel
GROMACS 3.0: A package for molecular simulation and trajectory analysis
J. Mol. Mod. 7 (2001) pp. 306-317
-------- -------- --- Thank You --- -------- --------


++++ PLEASE READ AND CITE THE FOLLOWING REFERENCE ++++
H. J. C. Berendsen, D. van der Spoel and R. van Drunen
GROMACS: A message-passing parallel molecular dynamics implementation
Comp. Phys. Comm. 91 (1995) pp. 43-56
-------- -------- --- Thank You --- -------- --------

Changing nstlist from 10 to 20, rlist from 1 to 1.029

Input Parameters:
   integrator                     = sd
   tinit                          = 0
   dt                             = 0.002
   nsteps                         = 100000
   init-step                      = 0
   simulation-part                = 1
   comm-mode                      = Linear
   nstcomm                        = 100
   bd-fric                        = 0
   ld-seed                        = 43562895
   emtol                          = 10
   emstep                         = 0.01
   niter                          = 20
   fcstep                         = 0
   nstcgsteep                     = 1000
   nbfgscorr                      = 10
   rtpi                           = 0.05
   nstxout                        = 0
   nstvout                        = 0
   nstfout                        = 0
   nstlog                         = 5000
   nstcalcenergy                  = 100
   nstenergy                      = 1000
   nstxout-compressed             = 0
   compressed-x-precision         = 1000
   cutoff-scheme                  = Verlet
   nstlist                        = 20
   ns-type                        = Grid
   pbc                            = xyz
   periodic-molecules             = FALSE
   verlet-buffer-tolerance        = 0.005
   rlist                          = 1.029
   rlistlong                      = 1.029
   nstcalclr                      = 10
   coulombtype                    = PME
   coulomb-modifier               = Potential-shift
   rcoulomb-switch                = 0
   rcoulomb                       = 1
   epsilon-r                      = 1
   epsilon-rf                     = inf
   vdw-type                       = Cut-off
   vdw-modifier                   = Potential-shift
   rvdw-switch                    = 0
   rvdw                           = 1
   DispCorr                       = No
   table-extension                = 1
   fourierspacing                 = 0.12
   fourier-nx                     = 20
   fourier-ny                     = 20
   fourier-nz                     = 20
   pme-order                      = 4
   ewald-rtol                     = 1e-05
   ewald-rtol-lj                  = 0.001
   lj-pme-comb-rule               = Geometric
   ewald-geometry                 = 0
   epsilon-surface                = 0
   implicit-solvent               = No
   gb-algorithm                   = Still
   nstgbradii                     = 1
   rgbradii                       = 1
   gb-epsilon-solvent             = 80
   gb-saltconc                    = 0
   gb-obc-alpha                   = 1
   gb-obc-beta                    = 0.8
   gb-obc-gamma                   = 4.85
   gb-dielectric-offset           = 0.009
   sa-algorithm                   = Ace-approximation
   sa-surface-tension             = 2.05016
   tcoupl                         = No
   nsttcouple                     = -1
   nh-chain-length                = 0
   print-nose-hoover-chain-variables = FALSE
   pcoupl                         = Parrinello-Rahman
   pcoupltype                     = Isotropic
   nstpcouple                     = 10
   tau-p                          = 5
   compressibility (3x3):
      compressibility[    0]={ 4.50000e-05,  0.00000e+00,  0.00000e+00}
      compressibility[    1]={ 0.00000e+00,  4.50000e-05,  0.00000e+00}
      compressibility[    2]={ 0.00000e+00,  0.00000e+00,  4.50000e-05}
   ref-p (3x3):
      ref-p[    0]={ 1.00000e+00,  0.00000e+00,  0.00000e+00}
      ref-p[    1]={ 0.00000e+00,  1.00000e+00,  0.00000e+00}
      ref-p[    2]={ 0.00000e+00,  0.00000e+00,  1.00000e+00}
   refcoord-scaling               = No
   posres-com (3):
      posres-com[0]= 0.00000e+00
      posres-com[1]= 0.00000e+00
      posres-com[2]= 0.00000e+00
   posres-comB (3):
      posres-comB[0]= 0.00000e+00
      posres-comB[1]= 0.00000e+00
      posres-comB[2]= 0.00000e+00
   QMMM                           = FALSE
   QMconstraints                  = 0
   QMMMscheme                     = 0
   MMChargeScaleFactor            = 1
qm-opts:
   ngQM                           = 0
   constraint-algorithm           = Lincs
   continuation                   = FALSE
   Shake-SOR                      = FALSE
   shake-tol                      = 0.0001
   lincs-order                    = 4
   lincs-iter                     = 1
   lincs-warnangle                = 30
   nwall                          = 0
   wall-type                      = 9-3
   wall-r-linpot                  = -1
   wall-atomtype[0]               = -1
   wall-atomtype[1]               = -1
   wall-density[0]                = 0
   wall-density[1]                = 0
   wall-ewald-zfac                = 3
   pull                           = no
   rotation                       = FALSE
   interactiveMD                  = FALSE
   disre                          = No
   disre-weighting                = Conservative
   disre-mixed                    = FALSE
   dr-fc                          = 1000
   dr-tau                         = 0
   nstdisreout                    = 100
   orire-fc                       = 0
   orire-tau                      = 0
   nstorireout                    = 100
   free-energy                    = yes
   init-lambda                    = -1
   init-lambda-state              = 5
   delta-lambda                   = 0
   nstdhdl                        = 100
   n-lambdas                      = 8
   separate-dvdl:
       fep-lambdas =   TRUE
      mass-lambdas =   FALSE
      coul-lambdas =   FALSE
       vdw-lambdas =   FALSE
    bonded-lambdas =   FALSE
 restraint-lambdas =   FALSE
temperature-lambdas =   FALSE
all-lambdas:
       fep-lambdas =            0         0.2         0.4         0.5         0.6         0.8         0.9           1
      mass-lambdas =            0         0.2         0.4         0.5         0.6         0.8         0.9           1
      coul-lambdas =            0         0.2         0.4         0.5         0.6         0.8         0.9           1
       vdw-lambdas =            0         0.2         0.4         0.5         0.6         0.8         0.9           1
    bonded-lambdas =            0         0.2         0.4         0.5         0.6         0.8         0.9           1
 restraint-lambdas =            0         0.2         0.4         0.5         0.6         0.8         0.9           1
temperature-lambdas =            0         0.2         0.4         0.5         0.6         0.8         0.9           1
   calc-lambda-neighbors          = 1
   dhdl-print-energy              = no
   sc-alpha                       = 1
   sc-power                       = 1
   sc-r-power                     = 6
   sc-sigma                       = 0.3
   sc-sigma-min                   = 0.3
   sc-coul                        = TRUE
   dh-hist-size                   = 0
   dh-hist-spacing                = 0.1
   separate-dhdl-file             = yes
   dhdl-derivatives               = yes
   cos-acceleration               = 0
   deform (3x3):
      deform[    0]={ 0.00000e+00,  0.00000e+00,  0.00000e+00}
      deform[    1]={ 0.00000e+00,  0.00000e+00,  0.00000e+00}
      deform[    2]={ 0.00000e+00,  0.00000e+00,  0.00000e+00}
   simulated-tempering            = FALSE
   E-x:
      n = 0
   E-xt:
      n = 0
   E-y:
      n = 0
   E-yt:
      n = 0
   E-z:
      n = 0
   E-zt:
      n = 0
   swapcoords                     = no
   adress                         = FALSE
   userint1                       = 0
   userint2                       = 0
   userint3                       = 0
   userint4                       = 0
   userreal1                      = 0
   userreal2                      = 0
   userreal3                      = 0
   userreal4                      = 0
grpopts:
   nrdf:        1412
   ref-t:         300
   tau-t:         0.2
annealing:          No
annealing-npoints:           0
   acc:	           0           0           0
   nfreeze:           N           N           N
   energygrp-flags[  0]: 0
Using 1 MPI thread

Detecting CPU SIMD instructions.
Present hardware specification:
Vendor: GenuineIntel
Brand:  Intel(R) Core(TM) i7-5557U CPU @ 3.10GHz
Family:  6  Model: 61  Stepping:  4
Features: aes apic avx avx2 clfsh cmov cx8 cx16 f16c fma htt lahf_lm mmx msr nonstop_tsc pcid pclmuldq pdcm pdpe1gb popcnt pse rdrnd rdtscp sse2 sse3 sse4.1 sse4.2 ssse3 tdt x2apic
SIMD instructions most likely to fit this hardware: AVX2_256
SIMD instructions selected at GROMACS compile time: AVX_256


Binary not matching hardware - you might be losing performance.
SIMD instructions most likely to fit this hardware: AVX2_256
SIMD instructions selected at GROMACS compile time: AVX_256

Will do PME sum in reciprocal space for electrostatic interactions.

++++ PLEASE READ AND CITE THE FOLLOWING REFERENCE ++++
U. Essmann, L. Perera, M. L. Berkowitz, T. Darden, H. Lee and L. G. Pedersen 
A smooth particle mesh Ewald method
J. Chem. Phys. 103 (1995) pp. 8577-8592
-------- -------- --- Thank You --- -------- --------

Will do ordinary reciprocal space Ewald sum.
Using a Gaussian width (1/beta) of 0.320163 nm for Ewald
Cut-off's:   NS: 1.029   Coulomb: 1   LJ: 1
System total charge, top. A: 0.000 top. B: 0.000
Generated table with 1014 data points for Ewald.
Tabscale = 500 points/nm
Generated table with 1014 data points for LJ6.
Tabscale = 500 points/nm
Generated table with 1014 data points for LJ12.
Tabscale = 500 points/nm

Using AVX_256 4x4 non-bonded kernels

Using geometric Lennard-Jones combination rule

Potential shift: LJ r^-12: -1.000e+00 r^-6: -1.000e+00, Ewald -1.000e-05
Initialized non-bonded Ewald correction tables, spacing: 9.33e-04 size: 2176

There are 5 atoms and 5 charges for free energy perturbation
Removing pbc first time

Initializing LINear Constraint Solver

++++ PLEASE READ AND CITE THE FOLLOWING REFERENCE ++++
B. Hess and H. Bekker and H. J. C. Berendsen and J. G. E. M. Fraaije
LINCS: A Linear Constraint Solver for molecular simulations
J. Comp. Chem. 18 (1997) pp. 1463-1472
-------- -------- --- Thank You --- -------- --------

The number of constraints is 4

++++ PLEASE READ AND CITE THE FOLLOWING REFERENCE ++++
S. Miyamoto and P. A. Kollman
SETTLE: An Analytical Version of the SHAKE and RATTLE Algorithms for Rigid
Water Models
J. Comp. Chem. 13 (1992) pp. 952-962
-------- -------- --- Thank You --- -------- --------

Initial vector of lambda components:[     0.8000     0.8000     0.8000     0.8000     0.8000     0.8000     0.8000 ]
Center of mass motion removal mode is Linear
We have the following groups for center of mass motion removal:
  0:  rest

++++ PLEASE READ AND CITE THE FOLLOWING REFERENCE ++++
N. Goga and A. J. Rzepiela and A. H. de Vries and S. J. Marrink and H. J. C.
Berendsen
Efficient Algorithms for Langevin and DPD Dynamics
J. Chem. Theory Comput. 8 (2012) pp. 3637--3649
-------- -------- --- Thank You --- -------- --------

There are: 707 Atoms

Constraining the starting coordinates (step 0)

Constraining the coordinates at t0-dt (step 0)
RMS relative constraint deviation after constraining: 1.01e-05
Initial temperature: 281.727 K

Started mdrun on rank 0 Mon Dec 28 16:59:46 2015
           Step           Time         Lambda
              0        0.00000        0.80000

   Energies (kJ/mol)
          Angle        LJ (SR)   Coulomb (SR)   Coul. recip.      Potential
    1.34213e+01    1.60418e+03   -1.09302e+04    5.03878e+01   -9.26222e+03
    Kinetic En.   Total Energy    Temperature Pressure (bar)    dVremain/dl
    1.65978e+03   -7.60244e+03    2.82754e+02    6.04143e+02   -7.31368e+00
   Constr. rmsd
    6.21534e-06

           Step           Time         Lambda
           5000       10.00000        0.80000

   Energies (kJ/mol)
          Angle        LJ (SR)   Coulomb (SR)   Coul. recip.      Potential
    2.78243e+00    1.44852e+03   -1.08366e+04    4.88250e+01   -9.33652e+03
    Kinetic En.   Total Energy    Temperature Pressure (bar)    dVremain/dl
    1.77023e+03   -7.56628e+03    3.01570e+02   -4.99201e+02    4.92019e+00
   Constr. rmsd
    1.57868e-06

           Step           Time         Lambda
          10000       20.00000        0.80000

   Energies (kJ/mol)
          Angle        LJ (SR)   Coulomb (SR)   Coul. recip.      Potential
    3.08802e+00    1.40244e+03   -1.08139e+04    6.52550e+01   -9.34309e+03
    Kinetic En.   Total Energy    Temperature Pressure (bar)    dVremain/dl
    1.84952e+03   -7.49357e+03    3.15077e+02   -8.97191e+02   -4.07845e+00
   Constr. rmsd
    2.87295e-06

           Step           Time         Lambda
          15000       30.00000        0.80000

   Energies (kJ/mol)
          Angle        LJ (SR)   Coulomb (SR)   Coul. recip.      Potential
    7.28741e+00    1.54249e+03   -1.08850e+04    6.56372e+01   -9.26962e+03
    Kinetic En.   Total Energy    Temperature Pressure (bar)    dVremain/dl
    1.88822e+03   -7.38141e+03    3.21670e+02    9.50956e+02    1.89277e+00
   Constr. rmsd
    1.19060e-06

           Step           Time         Lambda
          20000       40.00000        0.80000

   Energies (kJ/mol)
          Angle        LJ (SR)   Coulomb (SR)   Coul. recip.      Potential
    9.71401e+00    1.47130e+03   -1.08779e+04    6.23520e+01   -9.33450e+03
    Kinetic En.   Total Energy    Temperature Pressure (bar)    dVremain/dl
    1.83837e+03   -7.49614e+03    3.13178e+02   -4.84980e+02    2.84722e+01
   Constr. rmsd
    2.20819e-06

           Step           Time         Lambda
          25000       50.00000        0.80000

   Energies (kJ/mol)
          Angle        LJ (SR)   Coulomb (SR)   Coul. recip.      Potential
    1.09535e+01    1.32478e+03   -1.06581e+04    6.38716e+01   -9.25847e+03
    Kinetic En.   Total Energy    Temperature Pressure (bar)    dVremain/dl
    1.88830e+03   -7.37017e+03    3.21684e+02   -8.21561e+02    8.38238e+01
   Constr. rmsd
    1.47273e-06

           Step           Time         Lambda
          30000       60.00000        0.80000

   Energies (kJ/mol)
          Angle        LJ (SR)   Coulomb (SR)   Coul. recip.      Potential
    9.80003e+00    1.32951e+03   -1.06097e+04    5.76318e+01   -9.21272e+03
    Kinetic En.   Total Energy    Temperature Pressure (bar)    dVremain/dl
    1.75209e+03   -7.46063e+03    2.98479e+02   -9.98843e+02    8.65894e+01
   Constr. rmsd
    1.99230e-06

           Step           Time         Lambda
          35000       70.00000        0.80000

   Energies (kJ/mol)
          Angle        LJ (SR)   Coulomb (SR)   Coul. recip.      Potential
    1.04569e+01    1.45889e+03   -1.07400e+04    6.42145e+01   -9.20645e+03
    Kinetic En.   Total Energy    Temperature Pressure (bar)    dVremain/dl
    1.81288e+03   -7.39356e+03    3.08836e+02    2.12786e+02    5.25651e+01
   Constr. rmsd
    6.26933e-06

           Step           Time         Lambda
          40000       80.00000        0.80000

   Energies (kJ/mol)
          Angle        LJ (SR)   Coulomb (SR)   Coul. recip.      Potential
    1.35729e+01    1.55713e+03   -1.08569e+04    5.26483e+01   -9.23357e+03
    Kinetic En.   Total Energy    Temperature Pressure (bar)    dVremain/dl
    1.79152e+03   -7.44204e+03    3.05197e+02    3.75513e+02    3.12341e+00
   Constr. rmsd
    4.53436e-06

           Step           Time         Lambda
          45000       90.00000        0.80000

   Energies (kJ/mol)
          Angle        LJ (SR)   Coulomb (SR)   Coul. recip.      Potential
    1.14656e+00    1.33311e+03   -1.07371e+04    6.11679e+01   -9.34165e+03
    Kinetic En.   Total Energy    Temperature Pressure (bar)    dVremain/dl
    1.79646e+03   -7.54520e+03    3.06038e+02   -9.96283e+02   -7.77978e-01
   Constr. rmsd
    3.80817e-06

           Step           Time         Lambda
          50000      100.00000        0.80000

   Energies (kJ/mol)
          Angle        LJ (SR)   Coulomb (SR)   Coul. recip.      Potential
    2.95824e+00    1.29424e+03   -1.05466e+04    5.85692e+01   -9.19079e+03
    Kinetic En.   Total Energy    Temperature Pressure (bar)    dVremain/dl
    1.73861e+03   -7.45218e+03    2.96183e+02   -7.83598e+02   -1.31323e+01
   Constr. rmsd
    2.95449e-06

           Step           Time         Lambda
          55000      110.00000        0.80000

   Energies (kJ/mol)
          Angle        LJ (SR)   Coulomb (SR)   Coul. recip.      Potential
    5.01271e+00    1.49110e+03   -1.08670e+04    6.70147e+01   -9.30384e+03
    Kinetic En.   Total Energy    Temperature Pressure (bar)    dVremain/dl
    1.72837e+03   -7.57547e+03    2.94438e+02   -3.28047e+02    1.36314e+00
   Constr. rmsd
    6.36954e-06

           Step           Time         Lambda
          60000      120.00000        0.80000

   Energies (kJ/mol)
          Angle        LJ (SR)   Coulomb (SR)   Coul. recip.      Potential
    1.04555e+01    1.47532e+03   -1.08383e+04    5.45973e+01   -9.29793e+03
    Kinetic En.   Total Energy    Temperature Pressure (bar)    dVremain/dl
    1.74618e+03   -7.55175e+03    2.97473e+02    1.64738e+02    6.62309e+01
   Constr. rmsd
    7.79420e-06

           Step           Time         Lambda
          65000      130.00000        0.80000

   Energies (kJ/mol)
          Angle        LJ (SR)   Coulomb (SR)   Coul. recip.      Potential
    8.71469e+00    1.53117e+03   -1.09007e+04    5.88040e+01   -9.30199e+03
    Kinetic En.   Total Energy    Temperature Pressure (bar)    dVremain/dl
    1.70884e+03   -7.59315e+03    2.91112e+02    3.41412e+02    3.44308e+01
   Constr. rmsd
    3.62561e-06

           Step           Time         Lambda
          70000      140.00000        0.80000

   Energies (kJ/mol)
          Angle        LJ (SR)   Coulomb (SR)   Coul. recip.      Potential
    1.06749e+01    1.52638e+03   -1.08984e+04    6.51644e+01   -9.29620e+03
    Kinetic En.   Total Energy    Temperature Pressure (bar)    dVremain/dl
    1.61013e+03   -7.68607e+03    2.74296e+02    1.43317e+02    2.36388e+01
   Constr. rmsd
    3.44987e-07

           Step           Time         Lambda
          75000      150.00000        0.80000

   Energies (kJ/mol)
          Angle        LJ (SR)   Coulomb (SR)   Coul. recip.      Potential
    4.85400e+00    1.46837e+03   -1.07710e+04    6.22289e+01   -9.23553e+03
    Kinetic En.   Total Energy    Temperature Pressure (bar)    dVremain/dl
    1.74044e+03   -7.49508e+03    2.96496e+02    1.86349e+02    1.82842e+01
   Constr. rmsd
    6.56849e-06

           Step           Time         Lambda
          80000      160.00000        0.80000

   Energies (kJ/mol)
          Angle        LJ (SR)   Coulomb (SR)   Coul. recip.      Potential
    5.65060e+00    1.47244e+03   -1.06911e+04    5.33389e+01   -9.15965e+03
    Kinetic En.   Total Energy    Temperature Pressure (bar)    dVremain/dl
    1.79264e+03   -7.36701e+03    3.05387e+02   -1.90590e+02    7.38268e+01
   Constr. rmsd
    1.34804e-06

           Step           Time         Lambda
          85000      170.00000        0.80000

   Energies (kJ/mol)
          Angle        LJ (SR)   Coulomb (SR)   Coul. recip.      Potential
    8.67232e+00    1.38230e+03   -1.06935e+04    5.81059e+01   -9.24439e+03
    Kinetic En.   Total Energy    Temperature Pressure (bar)    dVremain/dl
    1.76241e+03   -7.48198e+03    3.00238e+02   -6.18748e+02   -1.08653e+01
   Constr. rmsd
    1.34474e-06

           Step           Time         Lambda
          90000      180.00000        0.80000

   Energies (kJ/mol)
          Angle        LJ (SR)   Coulomb (SR)   Coul. recip.      Potential
    5.12724e+00    1.29411e+03   -1.03989e+04    6.78781e+01   -9.03174e+03
    Kinetic En.   Total Energy    Temperature Pressure (bar)    dVremain/dl
    1.75398e+03   -7.27776e+03    2.98802e+02   -8.94471e+02    4.55573e-01
   Constr. rmsd
    4.73219e-06

           Step           Time         Lambda
          95000      190.00000        0.80000

   Energies (kJ/mol)
          Angle        LJ (SR)   Coulomb (SR)   Coul. recip.      Potential
    2.64202e+00    1.39308e+03   -1.06109e+04    6.11947e+01   -9.15398e+03
    Kinetic En.   Total Energy    Temperature Pressure (bar)    dVremain/dl
    1.70926e+03   -7.44472e+03    2.91184e+02   -7.87461e+02    3.04499e+01
   Constr. rmsd
    1.02894e-06

           Step           Time         Lambda
         100000      200.00000        0.80000

Writing checkpoint, step 100000 at Mon Dec 28 17:02:18 2015


   Energies (kJ/mol)
          Angle        LJ (SR)   Coulomb (SR)   Coul. recip.      Potential
    8.19310e+00    1.53293e+03   -1.09601e+04    4.80778e+01   -9.37090e+03
    Kinetic En.   Total Energy    Temperature Pressure (bar)    dVremain/dl
    1.73459e+03   -7.63631e+03    2.95499e+02    6.35675e+02   -1.28348e+01
   Constr. rmsd
    5.85712e-06

	<======  ###############  ==>
	<====  A V E R A G E S  ====>
	<==  ###############  ======>

	Statistics over 100001 steps using 1001 frames

   Energies (kJ/mol)
          Angle        LJ (SR)   Coulomb (SR)   Coul. recip.      Potential
    7.11135e+00    1.46477e+03   -1.07897e+04    5.89548e+01   -9.25890e+03
    Kinetic En.   Total Energy    Temperature Pressure (bar)    dVremain/dl
    1.76490e+03   -7.49400e+03    3.00662e+02   -1.97010e+01    2.70657e+01
   Constr. rmsd
    0.00000e+00

          Box-X          Box-Y          Box-Z
    2.17078e+00    2.17078e+00    1.53498e+00

   Total Virial (kJ/mol)
    6.02186e+02   -5.21499e-01   -4.14854e+00
   -5.29411e-01    5.96182e+02    3.90222e+00
   -4.15227e+00    3.90420e+00    5.83245e+02

   Pressure (bar)
   -5.28182e+01    7.78159e-01    2.77524e+01
    8.14218e-01   -3.36861e+01   -1.97651e+01
    2.77697e+01   -1.97738e+01    2.74011e+01


	M E G A - F L O P S   A C C O U N T I N G

 NB=Group-cutoff nonbonded kernels    NxN=N-by-N cluster Verlet kernels
 RF=Reaction-Field  VdW=Van der Waals  QSTab=quadratic-spline table
 W3=SPC/TIP3p  W4=TIP4p (single or pairs)
 V&F=Potential and force  V=Potential only  F=Force only

 Computing:                               M-Number         M-Flops  % Flops
-----------------------------------------------------------------------------
 NB Free energy kernel                63204.604998       63204.605     2.5
 Pair Search distance check            1153.240652       10379.166     0.4
 NxN Ewald Elec. + LJ [F]             15549.797160     1026286.613    41.2
 NxN Ewald Elec. + LJ [V&F]             157.207704       16821.224     0.7
 NxN Ewald Elec. [F]                  15116.667576      922116.722    37.1
 NxN Ewald Elec. [V&F]                  152.928520       12845.996     0.5
 Calc Weights                           212.102121        7635.676     0.3
 Spread Q Bspline                      9049.690496       18099.381     0.7
 Gather F Bspline                      9049.690496       54298.143     2.2
 3D-FFT                               41490.814904      331926.519    13.3
 Solve PME                               80.000800        5120.051     0.2
 Shift-X                                  3.535707          21.214     0.0
 Angles                                   0.600006         100.801     0.0
 Virial                                   7.520752         135.374     0.0
 Update                                  70.700707        2191.722     0.1
 Stop-CM                                  0.708414           7.084     0.0
 Calc-Ekin                               14.141414         381.818     0.0
 Lincs                                    0.800016          48.001     0.0
 Lincs-Mat                               14.400288          57.601     0.0
 Constraint-V                           142.002130        1136.017     0.0
 Constraint-Vir                           7.060706         169.457     0.0
 Settle                                  46.800936       15116.702     0.6
-----------------------------------------------------------------------------
 Total                                                 2488099.888   100.0
-----------------------------------------------------------------------------


     R E A L   C Y C L E   A N D   T I M E   A C C O U N T I N G

On 1 MPI rank

 Computing:          Num   Num      Call    Wall time         Giga-Cycles
                     Ranks Threads  Count      (s)         total sum    %
-----------------------------------------------------------------------------
 Neighbor search        1    1       5001       7.227         22.403   4.7
 Force                  1    1     100001     101.653        315.118  66.5
 PME mesh               1    1     100001      32.133         99.609  21.0
 NB X/F buffer ops.     1    1     195001       0.404          1.251   0.3
 Write traj.            1    1          1       0.011          0.033   0.0
 Update                 1    1     200002       3.885         12.044   2.5
 Constraints            1    1     200002       6.745         20.910   4.4
 Rest                                           0.817          2.534   0.5
-----------------------------------------------------------------------------
 Total                                        152.875        473.902 100.0
-----------------------------------------------------------------------------
 Breakdown of PME mesh computation
-----------------------------------------------------------------------------
 PME spread/gather      1    1     400004      16.874         52.309  11.0
 PME 3D-FFT             1    1     400004       9.297         28.819   6.1
 PME solve Elec         1    1     200002       5.860         18.166   3.8
-----------------------------------------------------------------------------

               Core t (s)   Wall t (s)        (%)
       Time:      152.875      152.875      100.0
                 (ns/day)    (hour/ns)
Performance:      113.034        0.212
Finished mdrun on rank 0 Mon Dec 28 17:02:18 2015
