Log file opened on Tue Dec 15 23:09:22 2015
Host: xiaoyideMacBook-Pro.local  pid: 15512  rank ID: 0  number of ranks:  1
GROMACS:    gmx mdrun, VERSION 5.0.6

GROMACS is written by:
Emile Apol         Rossen Apostolov   Herman J.C. Berendsen Par Bjelkmar       
Aldert van Buuren  Rudi van Drunen    Anton Feenstra     Sebastian Fritsch  
Gerrit Groenhof    Christoph Junghans Peter Kasson       Carsten Kutzner    
Per Larsson        Justin A. Lemkul   Magnus Lundborg    Pieter Meulenhoff  
Erik Marklund      Teemu Murtola      Szilard Pall       Sander Pronk       
Roland Schulz      Alexey Shvetsov    Michael Shirts     Alfons Sijbers     
Peter Tieleman     Christian Wennberg Maarten Wolf       
and the project leaders:
Mark Abraham, Berk Hess, Erik Lindahl, and David van der Spoel

Copyright (c) 1991-2000, University of Groningen, The Netherlands.
Copyright (c) 2001-2014, The GROMACS development team at
Uppsala University, Stockholm University and
the Royal Institute of Technology, Sweden.
check out http://www.gromacs.org for more information.

GROMACS is free software; you can redistribute it and/or modify it
under the terms of the GNU Lesser General Public License
as published by the Free Software Foundation; either version 2.1
of the License, or (at your option) any later version.

GROMACS:      gmx mdrun, VERSION 5.0.6
Executable:   /usr/local/bin/../Cellar/gromacs/5.0.6/bin/gmx
Library dir:  /usr/local/bin/../Cellar/gromacs/5.0.6/share/gromacs/top
Command line:
  gmx mdrun -deffnm nvt

Gromacs version:    VERSION 5.0.6
Precision:          single
Memory model:       64 bit
MPI library:        thread_mpi
OpenMP support:     disabled
GPU support:        disabled
invsqrt routine:    gmx_software_invsqrt(x)
SIMD instructions:  AVX_256
FFT library:        fftw-3.3.4-sse2
RDTSCP usage:       enabled
C++11 compilation:  enabled
TNG support:        enabled
Tracing support:    disabled
Built on:           Fri Aug  7 06:21:30 PDT 2015
Built by:           brew@yosemitevm.local [CMAKE]
Build OS/arch:      Darwin 14.4.0 x86_64
Build CPU vendor:   GenuineIntel
Build CPU brand:    Intel(R) Core(TM) i7-3720QM CPU @ 2.60GHz
Build CPU family:   6   Model: 58   Stepping: 9
Build CPU features: aes apic avx clfsh cmov cx8 cx16 f16c lahf_lm mmx msr nonstop_tsc pcid pclmuldq popcnt pse rdrnd rdtscp sse2 sse3 sse4.1 sse4.2 ssse3 tdt x2apic
C compiler:         /usr/local/Library/ENV/4.3/clang Clang 6.1.0.6020053
C compiler flags:    -mavx    -Wall -Wno-unused -Wunused-value -Wunused-parameter -Wno-unknown-pragmas    
C++ compiler:       /usr/local/Library/ENV/4.3/clang++ Clang 6.1.0.6020053
C++ compiler flags:  -mavx   -std=c++0x  -Wextra -Wno-missing-field-initializers -Wpointer-arith -Wall -Wno-unused-function -Wno-unknown-pragmas    
Boost version:      1.55.0 (internal)



++++ PLEASE READ AND CITE THE FOLLOWING REFERENCE ++++
S. Páll, M. J. Abraham, C. Kutzner, B. Hess, E. Lindahl
Tackling Exascale Software Challenges in Molecular Dynamics Simulations with
GROMACS
In S. Markidis & E. Laure (Eds.), Solving Software Challenges for Exascale 8759 (2015) pp. 3–27
-------- -------- --- Thank You --- -------- --------


++++ PLEASE READ AND CITE THE FOLLOWING REFERENCE ++++
S. Pronk, S. Páll, R. Schulz, P. Larsson, P. Bjelkmar, R. Apostolov, M. R.
Shirts, J. C. Smith, P. M. Kasson, D. van der Spoel, B. Hess, and E. Lindahl
GROMACS 4.5: a high-throughput and highly parallel open source molecular
simulation toolkit
Bioinformatics 29 (2013) pp. 845-54
-------- -------- --- Thank You --- -------- --------


++++ PLEASE READ AND CITE THE FOLLOWING REFERENCE ++++
B. Hess and C. Kutzner and D. van der Spoel and E. Lindahl
GROMACS 4: Algorithms for highly efficient, load-balanced, and scalable
molecular simulation
J. Chem. Theory Comput. 4 (2008) pp. 435-447
-------- -------- --- Thank You --- -------- --------


++++ PLEASE READ AND CITE THE FOLLOWING REFERENCE ++++
D. van der Spoel, E. Lindahl, B. Hess, G. Groenhof, A. E. Mark and H. J. C.
Berendsen
GROMACS: Fast, Flexible and Free
J. Comp. Chem. 26 (2005) pp. 1701-1719
-------- -------- --- Thank You --- -------- --------


++++ PLEASE READ AND CITE THE FOLLOWING REFERENCE ++++
E. Lindahl and B. Hess and D. van der Spoel
GROMACS 3.0: A package for molecular simulation and trajectory analysis
J. Mol. Mod. 7 (2001) pp. 306-317
-------- -------- --- Thank You --- -------- --------


++++ PLEASE READ AND CITE THE FOLLOWING REFERENCE ++++
H. J. C. Berendsen, D. van der Spoel and R. van Drunen
GROMACS: A message-passing parallel molecular dynamics implementation
Comp. Phys. Comm. 91 (1995) pp. 43-56
-------- -------- --- Thank You --- -------- --------

Changing nstlist from 10 to 20, rlist from 1 to 1.029

Input Parameters:
   integrator                     = md
   tinit                          = 0
   dt                             = 0.002
   nsteps                         = 50000
   init-step                      = 0
   simulation-part                = 1
   comm-mode                      = Linear
   nstcomm                        = 100
   bd-fric                        = 0
   ld-seed                        = 1494042257
   emtol                          = 10
   emstep                         = 0.01
   niter                          = 20
   fcstep                         = 0
   nstcgsteep                     = 1000
   nbfgscorr                      = 10
   rtpi                           = 0.05
   nstxout                        = 500
   nstvout                        = 500
   nstfout                        = 0
   nstlog                         = 500
   nstcalcenergy                  = 100
   nstenergy                      = 500
   nstxout-compressed             = 0
   compressed-x-precision         = 1000
   cutoff-scheme                  = Verlet
   nstlist                        = 20
   ns-type                        = Grid
   pbc                            = xyz
   periodic-molecules             = FALSE
   verlet-buffer-tolerance        = 0.005
   rlist                          = 1.029
   rlistlong                      = 1.029
   nstcalclr                      = 10
   coulombtype                    = PME
   coulomb-modifier               = Potential-shift
   rcoulomb-switch                = 0
   rcoulomb                       = 1
   epsilon-r                      = 1
   epsilon-rf                     = inf
   vdw-type                       = Cut-off
   vdw-modifier                   = Potential-shift
   rvdw-switch                    = 0
   rvdw                           = 1
   DispCorr                       = EnerPres
   table-extension                = 1
   fourierspacing                 = 0.16
   fourier-nx                     = 44
   fourier-ny                     = 44
   fourier-nz                     = 44
   pme-order                      = 4
   ewald-rtol                     = 1e-05
   ewald-rtol-lj                  = 0.001
   lj-pme-comb-rule               = Geometric
   ewald-geometry                 = 0
   epsilon-surface                = 0
   implicit-solvent               = No
   gb-algorithm                   = Still
   nstgbradii                     = 1
   rgbradii                       = 1
   gb-epsilon-solvent             = 80
   gb-saltconc                    = 0
   gb-obc-alpha                   = 1
   gb-obc-beta                    = 0.8
   gb-obc-gamma                   = 4.85
   gb-dielectric-offset           = 0.009
   sa-algorithm                   = Ace-approximation
   sa-surface-tension             = 2.05016
   tcoupl                         = V-rescale
   nsttcouple                     = 10
   nh-chain-length                = 0
   print-nose-hoover-chain-variables = FALSE
   pcoupl                         = No
   pcoupltype                     = Isotropic
   nstpcouple                     = -1
   tau-p                          = 1
   compressibility (3x3):
      compressibility[    0]={ 0.00000e+00,  0.00000e+00,  0.00000e+00}
      compressibility[    1]={ 0.00000e+00,  0.00000e+00,  0.00000e+00}
      compressibility[    2]={ 0.00000e+00,  0.00000e+00,  0.00000e+00}
   ref-p (3x3):
      ref-p[    0]={ 0.00000e+00,  0.00000e+00,  0.00000e+00}
      ref-p[    1]={ 0.00000e+00,  0.00000e+00,  0.00000e+00}
      ref-p[    2]={ 0.00000e+00,  0.00000e+00,  0.00000e+00}
   refcoord-scaling               = No
   posres-com (3):
      posres-com[0]= 0.00000e+00
      posres-com[1]= 0.00000e+00
      posres-com[2]= 0.00000e+00
   posres-comB (3):
      posres-comB[0]= 0.00000e+00
      posres-comB[1]= 0.00000e+00
      posres-comB[2]= 0.00000e+00
   QMMM                           = FALSE
   QMconstraints                  = 0
   QMMMscheme                     = 0
   MMChargeScaleFactor            = 1
qm-opts:
   ngQM                           = 0
   constraint-algorithm           = Lincs
   continuation                   = FALSE
   Shake-SOR                      = FALSE
   shake-tol                      = 0.0001
   lincs-order                    = 4
   lincs-iter                     = 1
   lincs-warnangle                = 30
   nwall                          = 0
   wall-type                      = 9-3
   wall-r-linpot                  = -1
   wall-atomtype[0]               = -1
   wall-atomtype[1]               = -1
   wall-density[0]                = 0
   wall-density[1]                = 0
   wall-ewald-zfac                = 3
   pull                           = no
   rotation                       = FALSE
   interactiveMD                  = FALSE
   disre                          = No
   disre-weighting                = Conservative
   disre-mixed                    = FALSE
   dr-fc                          = 1000
   dr-tau                         = 0
   nstdisreout                    = 100
   orire-fc                       = 0
   orire-tau                      = 0
   nstorireout                    = 100
   free-energy                    = no
   cos-acceleration               = 0
   deform (3x3):
      deform[    0]={ 0.00000e+00,  0.00000e+00,  0.00000e+00}
      deform[    1]={ 0.00000e+00,  0.00000e+00,  0.00000e+00}
      deform[    2]={ 0.00000e+00,  0.00000e+00,  0.00000e+00}
   simulated-tempering            = FALSE
   E-x:
      n = 0
   E-xt:
      n = 0
   E-y:
      n = 0
   E-yt:
      n = 0
   E-z:
      n = 0
   E-zt:
      n = 0
   swapcoords                     = no
   adress                         = FALSE
   userint1                       = 0
   userint2                       = 0
   userint3                       = 0
   userint4                       = 0
   userreal1                      = 0
   userreal2                      = 0
   userreal3                      = 0
   userreal4                      = 0
grpopts:
   nrdf:     3895.83     64221.2
   ref-t:         300         300
   tau-t:         0.1         0.1
annealing:          No          No
annealing-npoints:           0           0
   acc:	           0           0           0
   nfreeze:           N           N           N
   energygrp-flags[  0]: 0

Initializing Domain Decomposition on 4 ranks
Dynamic load balancing: auto
Will sort the charge groups at every domain (re)decomposition
Initial maximum inter charge-group distances:
    two-body bonded interactions: 0.453 nm, LJ-14, atoms 1156 1405
  multi-body bonded interactions: 0.453 nm, Ryckaert-Bell., atoms 1156 1405
Minimum cell size due to bonded interactions: 0.499 nm
Maximum distance for 5 constraints, at 120 deg. angles, all-trans: 0.872 nm
Estimated maximum distance required for P-LINCS: 0.872 nm
This distance will limit the DD cell size, you can override this with -rcon
Using 0 separate PME ranks, as there are too few total
 ranks for efficient splitting
Scaling the initial minimum size with 1/0.8 (option -dds) = 1.25
Optimizing the DD grid for 4 cells with a minimum initial size of 1.089 nm
The maximum allowed number of cells is: X 6 Y 6 Z 6
Domain decomposition grid 4 x 1 x 1, separate PME ranks 0
PME domain decomposition: 4 x 1 x 1
Domain decomposition rank 0, coordinates 0 0 0

Using 4 MPI threads

Detecting CPU SIMD instructions.
Present hardware specification:
Vendor: GenuineIntel
Brand:  Intel(R) Core(TM) i7-5557U CPU @ 3.10GHz
Family:  6  Model: 61  Stepping:  4
Features: aes apic avx avx2 clfsh cmov cx8 cx16 f16c fma htt lahf_lm mmx msr nonstop_tsc pcid pclmuldq pdcm pdpe1gb popcnt pse rdrnd rdtscp sse2 sse3 sse4.1 sse4.2 ssse3 tdt x2apic
SIMD instructions most likely to fit this hardware: AVX2_256
SIMD instructions selected at GROMACS compile time: AVX_256


Binary not matching hardware - you might be losing performance.
SIMD instructions most likely to fit this hardware: AVX2_256
SIMD instructions selected at GROMACS compile time: AVX_256

Will do PME sum in reciprocal space for electrostatic interactions.

++++ PLEASE READ AND CITE THE FOLLOWING REFERENCE ++++
U. Essmann, L. Perera, M. L. Berkowitz, T. Darden, H. Lee and L. G. Pedersen 
A smooth particle mesh Ewald method
J. Chem. Phys. 103 (1995) pp. 8577-8592
-------- -------- --- Thank You --- -------- --------

Will do ordinary reciprocal space Ewald sum.
Using a Gaussian width (1/beta) of 0.320163 nm for Ewald
Cut-off's:   NS: 1.029   Coulomb: 1   LJ: 1
Long Range LJ corr.: <C6> 3.1907e-04
System total charge: -0.000
Generated table with 1014 data points for Ewald.
Tabscale = 500 points/nm
Generated table with 1014 data points for LJ6.
Tabscale = 500 points/nm
Generated table with 1014 data points for LJ12.
Tabscale = 500 points/nm
Generated table with 1014 data points for 1-4 COUL.
Tabscale = 500 points/nm
Generated table with 1014 data points for 1-4 LJ6.
Tabscale = 500 points/nm
Generated table with 1014 data points for 1-4 LJ12.
Tabscale = 500 points/nm

Using AVX_256 4x4 non-bonded kernels

Using geometric Lennard-Jones combination rule

Potential shift: LJ r^-12: -1.000e+00 r^-6: -1.000e+00, Ewald -1.000e-05
Initialized non-bonded Ewald correction tables, spacing: 9.33e-04 size: 2176

Removing pbc first time

Initializing Parallel LINear Constraint Solver

++++ PLEASE READ AND CITE THE FOLLOWING REFERENCE ++++
B. Hess
P-LINCS: A Parallel Linear Constraint Solver for molecular simulation
J. Chem. Theory Comput. 4 (2008) pp. 116-122
-------- -------- --- Thank You --- -------- --------

The number of constraints is 1984
There are inter charge-group constraints,
will communicate selected coordinates each lincs iteration

++++ PLEASE READ AND CITE THE FOLLOWING REFERENCE ++++
S. Miyamoto and P. A. Kollman
SETTLE: An Analytical Version of the SHAKE and RATTLE Algorithms for Rigid
Water Models
J. Comp. Chem. 13 (1992) pp. 952-962
-------- -------- --- Thank You --- -------- --------


Linking all bonded interactions to atoms
There are 42737 inter charge-group exclusions,
will use an extra communication step for exclusion forces for PME

The initial number of communication pulses is: X 1
The initial domain decomposition cell size is: X 1.75 nm

The maximum allowed distance for charge groups involved in interactions is:
                 non-bonded interactions           1.029 nm
            two-body bonded interactions  (-rdd)   1.029 nm
          multi-body bonded interactions  (-rdd)   1.029 nm
  atoms separated by up to 5 constraints  (-rcon)  1.753 nm

When dynamic load balancing gets turned on, these settings will change to:
The maximum number of communication pulses is: X 1
The minimum size for domain decomposition cells is 1.029 nm
The requested allowed shrink of DD cells (option -dds) is: 0.80
The allowed shrink of domain decomposition cells is: X 0.59
The maximum allowed distance for charge groups involved in interactions is:
                 non-bonded interactions           1.029 nm
            two-body bonded interactions  (-rdd)   1.029 nm
          multi-body bonded interactions  (-rdd)   1.029 nm
  atoms separated by up to 5 constraints  (-rcon)  1.029 nm


Making 1D domain decomposition grid 4 x 1 x 1, home cell index 0 0 0

Center of mass motion removal mode is Linear
We have the following groups for center of mass motion removal:
  0:  rest

++++ PLEASE READ AND CITE THE FOLLOWING REFERENCE ++++
G. Bussi, D. Donadio and M. Parrinello
Canonical sampling through velocity rescaling
J. Chem. Phys. 126 (2007) pp. 014101
-------- -------- --- Thank You --- -------- --------

There are: 34068 Atoms
Charge group distribution at step 0: 8445 8524 8561 8538

Constraining the starting coordinates (step 0)

Constraining the coordinates at t0-dt (step 0)
RMS relative constraint deviation after constraining: 1.47e-06
Initial temperature: 299.707 K

Started mdrun on rank 0 Tue Dec 15 23:09:22 2015
           Step           Time         Lambda
              0        0.00000        0.00000

   Energies (kJ/mol)
          Angle    Proper Dih. Ryckaert-Bell.          LJ-14     Coulomb-14
    1.38739e+03    6.87553e+01    1.50900e+03    2.58224e+03    7.84869e+03
        LJ (SR)  Disper. corr.   Coulomb (SR)   Coul. recip. Position Rest.
    8.67306e+04   -4.49750e+03   -6.93348e+05    2.78213e+03    7.93664e-01
      Potential    Kinetic En.   Total Energy  Conserved En.    Temperature
   -5.94936e+05    8.48744e+04   -5.10062e+05   -5.10062e+05    2.99719e+02
 Pres. DC (bar) Pressure (bar)   Constr. rmsd
   -2.17058e+02   -7.16036e+03    5.26124e-05

DD  step 19 load imb.: force  3.3%

DD  step 499 load imb.: force  2.4%

           Step           Time         Lambda
            500        1.00000        0.00000

   Energies (kJ/mol)
          Angle    Proper Dih. Ryckaert-Bell.          LJ-14     Coulomb-14
    3.67495e+03    2.41633e+02    2.01214e+03    2.98320e+03    7.92665e+03
        LJ (SR)  Disper. corr.   Coulomb (SR)   Coul. recip. Position Rest.
    9.19971e+04   -4.49750e+03   -6.31500e+05    3.12251e+03    6.33142e+02
      Potential    Kinetic En.   Total Energy  Conserved En.    Temperature
   -5.23406e+05    8.48148e+04   -4.38591e+05   -5.09279e+05    2.99509e+02
 Pres. DC (bar) Pressure (bar)   Constr. rmsd
   -2.17058e+02   -7.99493e+02    2.80249e-05

DD  step 999 load imb.: force  9.0%

           Step           Time         Lambda
           1000        2.00000        0.00000

   Energies (kJ/mol)
          Angle    Proper Dih. Ryckaert-Bell.          LJ-14     Coulomb-14
    3.65223e+03    2.30316e+02    1.93824e+03    3.05951e+03    8.00290e+03
        LJ (SR)  Disper. corr.   Coulomb (SR)   Coul. recip. Position Rest.
    9.22060e+04   -4.49750e+03   -6.31645e+05    3.08367e+03    5.66415e+02
      Potential    Kinetic En.   Total Energy  Conserved En.    Temperature
   -5.23403e+05    8.52017e+04   -4.38201e+05   -5.09276e+05    3.00875e+02
 Pres. DC (bar) Pressure (bar)   Constr. rmsd
   -2.17058e+02   -2.89015e+02    2.66186e-05

DD  step 1499 load imb.: force  4.5%

           Step           Time         Lambda
           1500        3.00000        0.00000

   Energies (kJ/mol)
          Angle    Proper Dih. Ryckaert-Bell.          LJ-14     Coulomb-14
    3.82746e+03    2.34377e+02    1.94245e+03    2.93781e+03    7.96778e+03
        LJ (SR)  Disper. corr.   Coulomb (SR)   Coul. recip. Position Rest.
    9.24473e+04   -4.49750e+03   -6.34169e+05    3.08719e+03    4.97936e+02
      Potential    Kinetic En.   Total Energy  Conserved En.    Temperature
   -5.25724e+05    8.56501e+04   -4.40074e+05   -5.09301e+05    3.02458e+02
 Pres. DC (bar) Pressure (bar)   Constr. rmsd
   -2.17058e+02   -3.98384e+02    3.05982e-05

DD  step 1999 load imb.: force  2.4%

At step 2000 the performance loss due to force load imbalance is 2.1 %

NOTE: Turning on dynamic load balancing

           Step           Time         Lambda
           2000        4.00000        0.00000

   Energies (kJ/mol)
          Angle    Proper Dih. Ryckaert-Bell.          LJ-14     Coulomb-14
    3.76618e+03    2.86577e+02    1.94262e+03    2.98646e+03    7.94142e+03
        LJ (SR)  Disper. corr.   Coulomb (SR)   Coul. recip. Position Rest.
    9.37327e+04   -4.49750e+03   -6.35390e+05    3.00593e+03    5.50405e+02
      Potential    Kinetic En.   Total Energy  Conserved En.    Temperature
   -5.25675e+05    8.57157e+04   -4.39959e+05   -5.09302e+05    3.02690e+02
 Pres. DC (bar) Pressure (bar)   Constr. rmsd
   -2.17058e+02   -3.02079e+02    3.02457e-05

DD  step 2499  vol min/aver 0.945  load imb.: force  8.2%

           Step           Time         Lambda
           2500        5.00000        0.00000

   Energies (kJ/mol)
          Angle    Proper Dih. Ryckaert-Bell.          LJ-14     Coulomb-14
    3.63338e+03    2.44500e+02    1.90106e+03    3.05220e+03    7.92149e+03
        LJ (SR)  Disper. corr.   Coulomb (SR)   Coul. recip. Position Rest.
    9.39402e+04   -4.49750e+03   -6.36662e+05    2.96684e+03    5.05963e+02
      Potential    Kinetic En.   Total Energy  Conserved En.    Temperature
   -5.26994e+05    8.44290e+04   -4.42565e+05   -5.09307e+05    2.98146e+02
 Pres. DC (bar) Pressure (bar)   Constr. rmsd
   -2.17058e+02   -1.21139e+02    2.87373e-05

DD  step 2999  vol min/aver 0.944  load imb.: force  4.6%

           Step           Time         Lambda
           3000        6.00000        0.00000

   Energies (kJ/mol)
          Angle    Proper Dih. Ryckaert-Bell.          LJ-14     Coulomb-14
    3.73023e+03    2.41816e+02    1.95499e+03    3.02021e+03    7.92496e+03
        LJ (SR)  Disper. corr.   Coulomb (SR)   Coul. recip. Position Rest.
    9.24502e+04   -4.49750e+03   -6.35847e+05    3.03236e+03    5.24767e+02
      Potential    Kinetic En.   Total Energy  Conserved En.    Temperature
   -5.27465e+05    8.46931e+04   -4.42772e+05   -5.09332e+05    2.99079e+02
 Pres. DC (bar) Pressure (bar)   Constr. rmsd
   -2.17058e+02   -6.88022e+02    2.60962e-05

DD  step 3499  vol min/aver 0.975  load imb.: force  2.4%

           Step           Time         Lambda
           3500        7.00000        0.00000

   Energies (kJ/mol)
          Angle    Proper Dih. Ryckaert-Bell.          LJ-14     Coulomb-14
    3.76433e+03    2.11499e+02    1.84077e+03    3.01471e+03    7.90769e+03
        LJ (SR)  Disper. corr.   Coulomb (SR)   Coul. recip. Position Rest.
    9.25765e+04   -4.49750e+03   -6.35104e+05    3.00876e+03    5.38462e+02
      Potential    Kinetic En.   Total Energy  Conserved En.    Temperature
   -5.26739e+05    8.42315e+04   -4.42507e+05   -5.09333e+05    2.97449e+02
 Pres. DC (bar) Pressure (bar)   Constr. rmsd
   -2.17058e+02   -5.71484e+02    2.89371e-05

DD  step 3999  vol min/aver 0.961  load imb.: force 12.4%

           Step           Time         Lambda
           4000        8.00000        0.00000

   Energies (kJ/mol)
          Angle    Proper Dih. Ryckaert-Bell.          LJ-14     Coulomb-14
    3.81575e+03    2.51312e+02    1.91919e+03    3.02393e+03    7.93704e+03
        LJ (SR)  Disper. corr.   Coulomb (SR)   Coul. recip. Position Rest.
    9.28676e+04   -4.49750e+03   -6.34733e+05    3.07007e+03    4.92818e+02
      Potential    Kinetic En.   Total Energy  Conserved En.    Temperature
   -5.25852e+05    8.53100e+04   -4.40542e+05   -5.09345e+05    3.01257e+02
 Pres. DC (bar) Pressure (bar)   Constr. rmsd
   -2.17058e+02   -3.22647e+02    2.95149e-05

DD  step 4499  vol min/aver 0.923  load imb.: force  3.1%

           Step           Time         Lambda
           4500        9.00000        0.00000

   Energies (kJ/mol)
          Angle    Proper Dih. Ryckaert-Bell.          LJ-14     Coulomb-14
    3.80209e+03    2.47095e+02    1.86534e+03    3.04030e+03    7.96376e+03
        LJ (SR)  Disper. corr.   Coulomb (SR)   Coul. recip. Position Rest.
    9.25432e+04   -4.49750e+03   -6.34564e+05    3.00273e+03    4.92483e+02
      Potential    Kinetic En.   Total Energy  Conserved En.    Temperature
   -5.26104e+05    8.47872e+04   -4.41317e+05   -5.09380e+05    2.99411e+02
 Pres. DC (bar) Pressure (bar)   Constr. rmsd
   -2.17058e+02   -3.34283e+02    2.80682e-05

DD  step 4999  vol min/aver 0.963  load imb.: force  2.7%

           Step           Time         Lambda
           5000       10.00000        0.00000

   Energies (kJ/mol)
          Angle    Proper Dih. Ryckaert-Bell.          LJ-14     Coulomb-14
    3.91853e+03    2.45572e+02    1.86138e+03    3.03272e+03    7.92395e+03
        LJ (SR)  Disper. corr.   Coulomb (SR)   Coul. recip. Position Rest.
    9.17534e+04   -4.49750e+03   -6.34365e+05    2.91481e+03    4.46939e+02
      Potential    Kinetic En.   Total Energy  Conserved En.    Temperature
   -5.26765e+05    8.46996e+04   -4.42066e+05   -5.09394e+05    2.99102e+02
 Pres. DC (bar) Pressure (bar)   Constr. rmsd
   -2.17058e+02   -6.05795e+02    2.77536e-05

DD  step 5499  vol min/aver 0.979  load imb.: force  5.1%

           Step           Time         Lambda
           5500       11.00000        0.00000

   Energies (kJ/mol)
          Angle    Proper Dih. Ryckaert-Bell.          LJ-14     Coulomb-14
    3.63710e+03    2.43952e+02    1.85809e+03    3.05018e+03    7.95608e+03
        LJ (SR)  Disper. corr.   Coulomb (SR)   Coul. recip. Position Rest.
    9.22369e+04   -4.49750e+03   -6.34394e+05    3.07243e+03    4.77861e+02
      Potential    Kinetic En.   Total Energy  Conserved En.    Temperature
   -5.26359e+05    8.41268e+04   -4.42232e+05   -5.09407e+05    2.97079e+02
 Pres. DC (bar) Pressure (bar)   Constr. rmsd
   -2.17058e+02   -6.59320e+02    2.79238e-05

DD  step 5999  vol min/aver 0.987  load imb.: force  3.6%

           Step           Time         Lambda
           6000       12.00000        0.00000

   Energies (kJ/mol)
          Angle    Proper Dih. Ryckaert-Bell.          LJ-14     Coulomb-14
    3.79767e+03    2.65774e+02    1.86932e+03    3.02840e+03    7.92429e+03
        LJ (SR)  Disper. corr.   Coulomb (SR)   Coul. recip. Position Rest.
    9.32472e+04   -4.49750e+03   -6.36212e+05    3.06043e+03    5.24231e+02
      Potential    Kinetic En.   Total Energy  Conserved En.    Temperature
   -5.26992e+05    8.50552e+04   -4.41937e+05   -5.09422e+05    3.00357e+02
 Pres. DC (bar) Pressure (bar)   Constr. rmsd
   -2.17058e+02   -5.76901e+02    2.88704e-05

DD  step 6499  vol min/aver 0.922  load imb.: force 13.7%

           Step           Time         Lambda
           6500       13.00000        0.00000

   Energies (kJ/mol)
          Angle    Proper Dih. Ryckaert-Bell.          LJ-14     Coulomb-14
    3.86755e+03    2.30620e+02    1.91826e+03    3.02201e+03    7.93649e+03
        LJ (SR)  Disper. corr.   Coulomb (SR)   Coul. recip. Position Rest.
    9.32529e+04   -4.49750e+03   -6.34638e+05    2.96984e+03    5.37469e+02
      Potential    Kinetic En.   Total Energy  Conserved En.    Temperature
   -5.25400e+05    8.55477e+04   -4.39853e+05   -5.09451e+05    3.02097e+02
 Pres. DC (bar) Pressure (bar)   Constr. rmsd
   -2.17058e+02   -2.92333e+02    2.79027e-05

DD  step 6999  vol min/aver 0.954  load imb.: force  2.5%

           Step           Time         Lambda
           7000       14.00000        0.00000

   Energies (kJ/mol)
          Angle    Proper Dih. Ryckaert-Bell.          LJ-14     Coulomb-14
    3.94398e+03    2.59335e+02    1.91772e+03    2.99122e+03    7.96174e+03
        LJ (SR)  Disper. corr.   Coulomb (SR)   Coul. recip. Position Rest.
    9.29798e+04   -4.49750e+03   -6.34589e+05    3.05695e+03    5.43596e+02
      Potential    Kinetic En.   Total Energy  Conserved En.    Temperature
   -5.25432e+05    8.56419e+04   -4.39790e+05   -5.09456e+05    3.02429e+02
 Pres. DC (bar) Pressure (bar)   Constr. rmsd
   -2.17058e+02   -2.85788e+02    2.83135e-05

DD  step 7499  vol min/aver 0.928  load imb.: force  7.5%

           Step           Time         Lambda
           7500       15.00000        0.00000

   Energies (kJ/mol)
          Angle    Proper Dih. Ryckaert-Bell.          LJ-14     Coulomb-14
    3.64107e+03    2.78733e+02    1.76044e+03    3.02577e+03    7.97900e+03
        LJ (SR)  Disper. corr.   Coulomb (SR)   Coul. recip. Position Rest.
    9.26883e+04   -4.49750e+03   -6.36156e+05    3.04902e+03    4.52095e+02
      Potential    Kinetic En.   Total Energy  Conserved En.    Temperature
   -5.27779e+05    8.42647e+04   -4.43514e+05   -5.09482e+05    2.97566e+02
 Pres. DC (bar) Pressure (bar)   Constr. rmsd
   -2.17058e+02   -3.55948e+02    2.70949e-05

DD  step 7999  vol min/aver 0.957  load imb.: force  5.5%

           Step           Time         Lambda
           8000       16.00000        0.00000

   Energies (kJ/mol)
          Angle    Proper Dih. Ryckaert-Bell.          LJ-14     Coulomb-14
    3.77440e+03    2.18218e+02    1.81698e+03    3.02129e+03    8.01055e+03
        LJ (SR)  Disper. corr.   Coulomb (SR)   Coul. recip. Position Rest.
    9.37957e+04   -4.49750e+03   -6.36987e+05    3.01058e+03    5.19448e+02
      Potential    Kinetic En.   Total Energy  Conserved En.    Temperature
   -5.27317e+05    8.41173e+04   -4.43200e+05   -5.09480e+05    2.97045e+02
 Pres. DC (bar) Pressure (bar)   Constr. rmsd
   -2.17058e+02   -2.79142e+02    2.76463e-05

DD  step 8499  vol min/aver 0.910  load imb.: force  6.0%

           Step           Time         Lambda
           8500       17.00000        0.00000

   Energies (kJ/mol)
          Angle    Proper Dih. Ryckaert-Bell.          LJ-14     Coulomb-14
    3.72525e+03    2.44718e+02    1.88910e+03    3.02859e+03    8.00520e+03
        LJ (SR)  Disper. corr.   Coulomb (SR)   Coul. recip. Position Rest.
    9.44718e+04   -4.49750e+03   -6.37966e+05    2.97314e+03    4.96719e+02
      Potential    Kinetic En.   Total Energy  Conserved En.    Temperature
   -5.27629e+05    8.44347e+04   -4.43194e+05   -5.09498e+05    2.98166e+02
 Pres. DC (bar) Pressure (bar)   Constr. rmsd
   -2.17058e+02   -1.96890e+02    2.76814e-05

DD  step 8999  vol min/aver 0.957  load imb.: force  6.1%

           Step           Time         Lambda
           9000       18.00000        0.00000

   Energies (kJ/mol)
          Angle    Proper Dih. Ryckaert-Bell.          LJ-14     Coulomb-14
    3.77514e+03    2.44954e+02    1.82320e+03    3.00556e+03    7.97336e+03
        LJ (SR)  Disper. corr.   Coulomb (SR)   Coul. recip. Position Rest.
    9.39740e+04   -4.49750e+03   -6.38151e+05    3.01954e+03    5.04015e+02
      Potential    Kinetic En.   Total Energy  Conserved En.    Temperature
   -5.28328e+05    8.53236e+04   -4.43005e+05   -5.09534e+05    3.01306e+02
 Pres. DC (bar) Pressure (bar)   Constr. rmsd
   -2.17058e+02   -7.59793e+02    2.86345e-05

DD  step 9499  vol min/aver 0.919  load imb.: force  3.4%

           Step           Time         Lambda
           9500       19.00000        0.00000

   Energies (kJ/mol)
          Angle    Proper Dih. Ryckaert-Bell.          LJ-14     Coulomb-14
    3.83587e+03    2.49345e+02    1.86149e+03    3.02165e+03    7.90274e+03
        LJ (SR)  Disper. corr.   Coulomb (SR)   Coul. recip. Position Rest.
    9.33550e+04   -4.49750e+03   -6.35766e+05    2.98550e+03    4.54685e+02
      Potential    Kinetic En.   Total Energy  Conserved En.    Temperature
   -5.26597e+05    8.48844e+04   -4.41712e+05   -5.09541e+05    2.99754e+02
 Pres. DC (bar) Pressure (bar)   Constr. rmsd
   -2.17058e+02   -3.96424e+02    2.98439e-05

DD  step 9999  vol min/aver 0.980  load imb.: force  6.4%

           Step           Time         Lambda
          10000       20.00000        0.00000

   Energies (kJ/mol)
          Angle    Proper Dih. Ryckaert-Bell.          LJ-14     Coulomb-14
    3.80200e+03    2.09975e+02    1.81588e+03    3.05972e+03    7.96725e+03
        LJ (SR)  Disper. corr.   Coulomb (SR)   Coul. recip. Position Rest.
    9.31530e+04   -4.49750e+03   -6.36741e+05    2.95278e+03    5.11663e+02
      Potential    Kinetic En.   Total Energy  Conserved En.    Temperature
   -5.27766e+05    8.45307e+04   -4.43235e+05   -5.09560e+05    2.98505e+02
 Pres. DC (bar) Pressure (bar)   Constr. rmsd
   -2.17058e+02   -3.66766e+02    2.72936e-05

DD  step 10499  vol min/aver 0.949  load imb.: force  2.7%

           Step           Time         Lambda
          10500       21.00000        0.00000

   Energies (kJ/mol)
          Angle    Proper Dih. Ryckaert-Bell.          LJ-14     Coulomb-14
    3.71802e+03    2.38979e+02    1.82118e+03    2.90220e+03    7.95181e+03
        LJ (SR)  Disper. corr.   Coulomb (SR)   Coul. recip. Position Rest.
    9.26357e+04   -4.49750e+03   -6.35832e+05    3.04251e+03    4.96983e+02
      Potential    Kinetic En.   Total Energy  Conserved En.    Temperature
   -5.27522e+05    8.41230e+04   -4.43399e+05   -5.09574e+05    2.97066e+02
 Pres. DC (bar) Pressure (bar)   Constr. rmsd
   -2.17058e+02   -7.45768e+02    3.18200e-05

DD  step 10999  vol min/aver 0.985  load imb.: force  7.1%

           Step           Time         Lambda
          11000       22.00000        0.00000

   Energies (kJ/mol)
          Angle    Proper Dih. Ryckaert-Bell.          LJ-14     Coulomb-14
    3.85848e+03    2.59911e+02    1.86466e+03    3.03960e+03    7.92827e+03
        LJ (SR)  Disper. corr.   Coulomb (SR)   Coul. recip. Position Rest.
    9.21055e+04   -4.49750e+03   -6.33833e+05    3.08848e+03    5.07288e+02
      Potential    Kinetic En.   Total Energy  Conserved En.    Temperature
   -5.25678e+05    8.44116e+04   -4.41267e+05   -5.09590e+05    2.98085e+02
 Pres. DC (bar) Pressure (bar)   Constr. rmsd
   -2.17058e+02   -3.74485e+02    2.98841e-05

DD  step 11499  vol min/aver 0.970  load imb.: force  0.8%

           Step           Time         Lambda
          11500       23.00000        0.00000

   Energies (kJ/mol)
          Angle    Proper Dih. Ryckaert-Bell.          LJ-14     Coulomb-14
    3.62277e+03    2.73767e+02    1.87007e+03    3.08939e+03    7.91550e+03
        LJ (SR)  Disper. corr.   Coulomb (SR)   Coul. recip. Position Rest.
    9.43449e+04   -4.49750e+03   -6.36927e+05    3.01614e+03    4.82758e+02
      Potential    Kinetic En.   Total Energy  Conserved En.    Temperature
   -5.26810e+05    8.43359e+04   -4.42474e+05   -5.09599e+05    2.97818e+02
 Pres. DC (bar) Pressure (bar)   Constr. rmsd
   -2.17058e+02    2.43436e+01    2.67998e-05

DD  step 11999  vol min/aver 0.961  load imb.: force  7.7%

           Step           Time         Lambda
          12000       24.00000        0.00000

   Energies (kJ/mol)
          Angle    Proper Dih. Ryckaert-Bell.          LJ-14     Coulomb-14
    3.85802e+03    2.39145e+02    1.82895e+03    2.98739e+03    7.96757e+03
        LJ (SR)  Disper. corr.   Coulomb (SR)   Coul. recip. Position Rest.
    9.24228e+04   -4.49750e+03   -6.34512e+05    3.07326e+03    5.07125e+02
      Potential    Kinetic En.   Total Energy  Conserved En.    Temperature
   -5.26126e+05    8.50584e+04   -4.41067e+05   -5.09624e+05    3.00369e+02
 Pres. DC (bar) Pressure (bar)   Constr. rmsd
   -2.17058e+02   -3.29588e+02    2.87406e-05

DD  step 12499  vol min/aver 0.915  load imb.: force 12.9%

           Step           Time         Lambda
          12500       25.00000        0.00000

   Energies (kJ/mol)
          Angle    Proper Dih. Ryckaert-Bell.          LJ-14     Coulomb-14
    3.81089e+03    2.44164e+02    1.82395e+03    3.06123e+03    7.86359e+03
        LJ (SR)  Disper. corr.   Coulomb (SR)   Coul. recip. Position Rest.
    9.43653e+04   -4.49750e+03   -6.37445e+05    3.05392e+03    4.89909e+02
      Potential    Kinetic En.   Total Energy  Conserved En.    Temperature
   -5.27229e+05    8.44559e+04   -4.42773e+05   -5.09635e+05    2.98241e+02
 Pres. DC (bar) Pressure (bar)   Constr. rmsd
   -2.17058e+02   -4.03804e+02    2.59234e-05

DD  step 12999  vol min/aver 0.922  load imb.: force  6.9%

           Step           Time         Lambda
          13000       26.00000        0.00000

   Energies (kJ/mol)
          Angle    Proper Dih. Ryckaert-Bell.          LJ-14     Coulomb-14
    3.74273e+03    2.38381e+02    1.82234e+03    3.01603e+03    7.93892e+03
        LJ (SR)  Disper. corr.   Coulomb (SR)   Coul. recip. Position Rest.
    9.22942e+04   -4.49750e+03   -6.34713e+05    2.97115e+03    5.20748e+02
      Potential    Kinetic En.   Total Energy  Conserved En.    Temperature
   -5.26666e+05    8.38794e+04   -4.42786e+05   -5.09655e+05    2.96206e+02
 Pres. DC (bar) Pressure (bar)   Constr. rmsd
   -2.17058e+02   -4.59489e+02    2.65587e-05

DD  step 13499  vol min/aver 0.950  load imb.: force  1.7%

           Step           Time         Lambda
          13500       27.00000        0.00000

   Energies (kJ/mol)
          Angle    Proper Dih. Ryckaert-Bell.          LJ-14     Coulomb-14
    3.78304e+03    2.45521e+02    1.87619e+03    3.04274e+03    7.93859e+03
        LJ (SR)  Disper. corr.   Coulomb (SR)   Coul. recip. Position Rest.
    9.39073e+04   -4.49750e+03   -6.36392e+05    3.06117e+03    4.88180e+02
      Potential    Kinetic En.   Total Energy  Conserved En.    Temperature
   -5.26547e+05    8.60768e+04   -4.40470e+05   -5.09674e+05    3.03965e+02
 Pres. DC (bar) Pressure (bar)   Constr. rmsd
   -2.17058e+02   -4.17736e+02    2.75610e-05

DD  step 13999  vol min/aver 0.969  load imb.: force  3.8%

           Step           Time         Lambda
          14000       28.00000        0.00000

   Energies (kJ/mol)
          Angle    Proper Dih. Ryckaert-Bell.          LJ-14     Coulomb-14
    3.79150e+03    2.18915e+02    1.89755e+03    2.97983e+03    7.91504e+03
        LJ (SR)  Disper. corr.   Coulomb (SR)   Coul. recip. Position Rest.
    9.10715e+04   -4.49750e+03   -6.34114e+05    2.96014e+03    5.18438e+02
      Potential    Kinetic En.   Total Energy  Conserved En.    Temperature
   -5.27259e+05    8.46684e+04   -4.42591e+05   -5.09696e+05    2.98992e+02
 Pres. DC (bar) Pressure (bar)   Constr. rmsd
   -2.17058e+02   -8.96148e+02    3.02533e-05

DD  step 14499  vol min/aver 0.960  load imb.: force  2.8%

           Step           Time         Lambda
          14500       29.00000        0.00000

   Energies (kJ/mol)
          Angle    Proper Dih. Ryckaert-Bell.          LJ-14     Coulomb-14
    3.80630e+03    2.44555e+02    1.89000e+03    3.05144e+03    7.97441e+03
        LJ (SR)  Disper. corr.   Coulomb (SR)   Coul. recip. Position Rest.
    9.41326e+04   -4.49750e+03   -6.36926e+05    2.97986e+03    4.64767e+02
      Potential    Kinetic En.   Total Energy  Conserved En.    Temperature
   -5.26880e+05    8.50285e+04   -4.41852e+05   -5.09702e+05    3.00263e+02
 Pres. DC (bar) Pressure (bar)   Constr. rmsd
   -2.17058e+02   -6.25741e+01    2.71344e-05

DD  step 14999  vol min/aver 0.939  load imb.: force  3.5%

           Step           Time         Lambda
          15000       30.00000        0.00000

   Energies (kJ/mol)
          Angle    Proper Dih. Ryckaert-Bell.          LJ-14     Coulomb-14
    3.68602e+03    2.95102e+02    1.89095e+03    3.02167e+03    8.02530e+03
        LJ (SR)  Disper. corr.   Coulomb (SR)   Coul. recip. Position Rest.
    9.35818e+04   -4.49750e+03   -6.36731e+05    3.04351e+03    4.76302e+02
      Potential    Kinetic En.   Total Energy  Conserved En.    Temperature
   -5.27208e+05    8.45316e+04   -4.42677e+05   -5.09709e+05    2.98509e+02
 Pres. DC (bar) Pressure (bar)   Constr. rmsd
   -2.17058e+02   -4.86571e+02    2.84488e-05

DD  step 15499  vol min/aver 0.961  load imb.: force  5.2%

           Step           Time         Lambda
          15500       31.00000        0.00000

   Energies (kJ/mol)
          Angle    Proper Dih. Ryckaert-Bell.          LJ-14     Coulomb-14
    3.78551e+03    2.48745e+02    1.87662e+03    3.00661e+03    7.98688e+03
        LJ (SR)  Disper. corr.   Coulomb (SR)   Coul. recip. Position Rest.
    9.28062e+04   -4.49750e+03   -6.36459e+05    3.02193e+03    5.03879e+02
      Potential    Kinetic En.   Total Energy  Conserved En.    Temperature
   -5.27720e+05    8.53801e+04   -4.42340e+05   -5.09745e+05    3.01505e+02
 Pres. DC (bar) Pressure (bar)   Constr. rmsd
   -2.17058e+02   -4.74542e+02    2.72831e-05

DD  step 15999  vol min/aver 0.975  load imb.: force  3.6%

           Step           Time         Lambda
          16000       32.00000        0.00000

   Energies (kJ/mol)
          Angle    Proper Dih. Ryckaert-Bell.          LJ-14     Coulomb-14
    3.86079e+03    2.37782e+02    1.78043e+03    3.02924e+03    7.98255e+03
        LJ (SR)  Disper. corr.   Coulomb (SR)   Coul. recip. Position Rest.
    9.33966e+04   -4.49750e+03   -6.36950e+05    2.99402e+03    5.12303e+02
      Potential    Kinetic En.   Total Energy  Conserved En.    Temperature
   -5.27654e+05    8.44680e+04   -4.43186e+05   -5.09755e+05    2.98284e+02
 Pres. DC (bar) Pressure (bar)   Constr. rmsd
   -2.17058e+02   -3.06224e+02    2.73851e-05

DD  step 16499  vol min/aver 0.970  load imb.: force  4.4%

           Step           Time         Lambda
          16500       33.00000        0.00000

   Energies (kJ/mol)
          Angle    Proper Dih. Ryckaert-Bell.          LJ-14     Coulomb-14
    3.85828e+03    2.76189e+02    1.88572e+03    2.98176e+03    7.93064e+03
        LJ (SR)  Disper. corr.   Coulomb (SR)   Coul. recip. Position Rest.
    9.29719e+04   -4.49750e+03   -6.35214e+05    3.05031e+03    4.74433e+02
      Potential    Kinetic En.   Total Energy  Conserved En.    Temperature
   -5.26282e+05    8.47938e+04   -4.41489e+05   -5.09777e+05    2.99435e+02
 Pres. DC (bar) Pressure (bar)   Constr. rmsd
   -2.17058e+02   -1.86709e+02    2.84732e-05

DD  step 16999  vol min/aver 0.944  load imb.: force  2.6%

           Step           Time         Lambda
          17000       34.00000        0.00000

   Energies (kJ/mol)
          Angle    Proper Dih. Ryckaert-Bell.          LJ-14     Coulomb-14
    3.90289e+03    2.40593e+02    1.77142e+03    2.99673e+03    7.98769e+03
        LJ (SR)  Disper. corr.   Coulomb (SR)   Coul. recip. Position Rest.
    9.17776e+04   -4.49750e+03   -6.33777e+05    3.03026e+03    4.61771e+02
      Potential    Kinetic En.   Total Energy  Conserved En.    Temperature
   -5.26106e+05    8.54606e+04   -4.40645e+05   -5.09789e+05    3.01789e+02
 Pres. DC (bar) Pressure (bar)   Constr. rmsd
   -2.17058e+02   -6.88817e+02    2.76496e-05

DD  step 17499  vol min/aver 0.977  load imb.: force  1.4%

           Step           Time         Lambda
          17500       35.00000        0.00000

   Energies (kJ/mol)
          Angle    Proper Dih. Ryckaert-Bell.          LJ-14     Coulomb-14
    3.75313e+03    2.40462e+02    1.84291e+03    3.00573e+03    7.96931e+03
        LJ (SR)  Disper. corr.   Coulomb (SR)   Coul. recip. Position Rest.
    9.31008e+04   -4.49750e+03   -6.36348e+05    2.95978e+03    4.94539e+02
      Potential    Kinetic En.   Total Energy  Conserved En.    Temperature
   -5.27479e+05    8.45812e+04   -4.42898e+05   -5.09821e+05    2.98684e+02
 Pres. DC (bar) Pressure (bar)   Constr. rmsd
   -2.17058e+02   -2.52333e+02    2.79519e-05

DD  step 17999  vol min/aver 0.959  load imb.: force  1.1%

           Step           Time         Lambda
          18000       36.00000        0.00000

   Energies (kJ/mol)
          Angle    Proper Dih. Ryckaert-Bell.          LJ-14     Coulomb-14
    3.90879e+03    2.66451e+02    1.95068e+03    3.04865e+03    8.05953e+03
        LJ (SR)  Disper. corr.   Coulomb (SR)   Coul. recip. Position Rest.
    9.31088e+04   -4.49750e+03   -6.36842e+05    3.06246e+03    4.99609e+02
      Potential    Kinetic En.   Total Energy  Conserved En.    Temperature
   -5.27435e+05    8.47354e+04   -4.42700e+05   -5.09806e+05    2.99228e+02
 Pres. DC (bar) Pressure (bar)   Constr. rmsd
   -2.17058e+02   -3.24922e+02    2.68822e-05

DD  step 18499  vol min/aver 0.935  load imb.: force  3.6%

           Step           Time         Lambda
          18500       37.00000        0.00000

   Energies (kJ/mol)
          Angle    Proper Dih. Ryckaert-Bell.          LJ-14     Coulomb-14
    3.67049e+03    2.46938e+02    1.77032e+03    3.04973e+03    8.00944e+03
        LJ (SR)  Disper. corr.   Coulomb (SR)   Coul. recip. Position Rest.
    9.31772e+04   -4.49750e+03   -6.37037e+05    2.97030e+03    4.94725e+02
      Potential    Kinetic En.   Total Energy  Conserved En.    Temperature
   -5.28145e+05    8.44661e+04   -4.43679e+05   -5.09839e+05    2.98277e+02
 Pres. DC (bar) Pressure (bar)   Constr. rmsd
   -2.17058e+02   -2.94380e+02    2.84473e-05

DD  step 18999  vol min/aver 0.965  load imb.: force  5.4%

           Step           Time         Lambda
          19000       38.00000        0.00000

   Energies (kJ/mol)
          Angle    Proper Dih. Ryckaert-Bell.          LJ-14     Coulomb-14
    3.88564e+03    2.13024e+02    1.82892e+03    3.13190e+03    8.01956e+03
        LJ (SR)  Disper. corr.   Coulomb (SR)   Coul. recip. Position Rest.
    9.25962e+04   -4.49750e+03   -6.35088e+05    2.97957e+03    5.33169e+02
      Potential    Kinetic En.   Total Energy  Conserved En.    Temperature
   -5.26397e+05    8.60227e+04   -4.40375e+05   -5.09868e+05    3.03774e+02
 Pres. DC (bar) Pressure (bar)   Constr. rmsd
   -2.17058e+02   -3.04306e+02    2.82428e-05

DD  step 19499  vol min/aver 0.932  load imb.: force  2.2%

           Step           Time         Lambda
          19500       39.00000        0.00000

   Energies (kJ/mol)
          Angle    Proper Dih. Ryckaert-Bell.          LJ-14     Coulomb-14
    3.80652e+03    2.71250e+02    1.83196e+03    2.95888e+03    7.84390e+03
        LJ (SR)  Disper. corr.   Coulomb (SR)   Coul. recip. Position Rest.
    9.42201e+04   -4.49750e+03   -6.37104e+05    3.03014e+03    4.65799e+02
      Potential    Kinetic En.   Total Energy  Conserved En.    Temperature
   -5.27173e+05    8.44924e+04   -4.42681e+05   -5.09873e+05    2.98370e+02
 Pres. DC (bar) Pressure (bar)   Constr. rmsd
   -2.17058e+02   -1.55761e+02    2.78890e-05

DD  step 19999  vol min/aver 0.954  load imb.: force  3.0%

           Step           Time         Lambda
          20000       40.00000        0.00000

   Energies (kJ/mol)
          Angle    Proper Dih. Ryckaert-Bell.          LJ-14     Coulomb-14
    3.83612e+03    2.23230e+02    1.85113e+03    3.06403e+03    8.07040e+03
        LJ (SR)  Disper. corr.   Coulomb (SR)   Coul. recip. Position Rest.
    9.44805e+04   -4.49750e+03   -6.37712e+05    3.03556e+03    5.17451e+02
      Potential    Kinetic En.   Total Energy  Conserved En.    Temperature
   -5.27131e+05    8.47571e+04   -4.42374e+05   -5.09886e+05    2.99305e+02
 Pres. DC (bar) Pressure (bar)   Constr. rmsd
   -2.17058e+02   -1.15568e+02    2.83424e-05

DD  step 20499  vol min/aver 0.966  load imb.: force  5.4%

           Step           Time         Lambda
          20500       41.00000        0.00000

   Energies (kJ/mol)
          Angle    Proper Dih. Ryckaert-Bell.          LJ-14     Coulomb-14
    3.88271e+03    2.80894e+02    1.99347e+03    3.06253e+03    8.05352e+03
        LJ (SR)  Disper. corr.   Coulomb (SR)   Coul. recip. Position Rest.
    9.32316e+04   -4.49750e+03   -6.35741e+05    2.92152e+03    5.20529e+02
      Potential    Kinetic En.   Total Energy  Conserved En.    Temperature
   -5.26292e+05    8.60875e+04   -4.40205e+05   -5.09910e+05    3.04003e+02
 Pres. DC (bar) Pressure (bar)   Constr. rmsd
   -2.17058e+02   -1.35649e+02    2.85834e-05

DD  step 20999  vol min/aver 0.958  load imb.: force  1.7%

           Step           Time         Lambda
          21000       42.00000        0.00000

   Energies (kJ/mol)
          Angle    Proper Dih. Ryckaert-Bell.          LJ-14     Coulomb-14
    3.81617e+03    2.40057e+02    1.89133e+03    2.96542e+03    7.95635e+03
        LJ (SR)  Disper. corr.   Coulomb (SR)   Coul. recip. Position Rest.
    9.29810e+04   -4.49750e+03   -6.35883e+05    2.97311e+03    4.86674e+02
      Potential    Kinetic En.   Total Energy  Conserved En.    Temperature
   -5.27071e+05    8.41704e+04   -4.42900e+05   -5.09926e+05    2.97233e+02
 Pres. DC (bar) Pressure (bar)   Constr. rmsd
   -2.17058e+02   -5.65928e+02    2.92820e-05

DD  step 21499  vol min/aver 0.894  load imb.: force 12.9%

           Step           Time         Lambda
          21500       43.00000        0.00000

   Energies (kJ/mol)
          Angle    Proper Dih. Ryckaert-Bell.          LJ-14     Coulomb-14
    3.83575e+03    2.38057e+02    1.83997e+03    2.97908e+03    7.99530e+03
        LJ (SR)  Disper. corr.   Coulomb (SR)   Coul. recip. Position Rest.
    9.35595e+04   -4.49750e+03   -6.35733e+05    3.00798e+03    5.08395e+02
      Potential    Kinetic En.   Total Energy  Conserved En.    Temperature
   -5.26267e+05    8.42081e+04   -4.42058e+05   -5.09942e+05    2.97366e+02
 Pres. DC (bar) Pressure (bar)   Constr. rmsd
   -2.17058e+02   -6.29361e+01    2.76540e-05

DD  step 21999  vol min/aver 0.964  load imb.: force  2.9%

           Step           Time         Lambda
          22000       44.00000        0.00000

   Energies (kJ/mol)
          Angle    Proper Dih. Ryckaert-Bell.          LJ-14     Coulomb-14
    3.71567e+03    2.45285e+02    1.82930e+03    3.06218e+03    7.97043e+03
        LJ (SR)  Disper. corr.   Coulomb (SR)   Coul. recip. Position Rest.
    9.29073e+04   -4.49750e+03   -6.35160e+05    2.99254e+03    4.93597e+02
      Potential    Kinetic En.   Total Energy  Conserved En.    Temperature
   -5.26442e+05    8.47994e+04   -4.41642e+05   -5.09982e+05    2.99454e+02
 Pres. DC (bar) Pressure (bar)   Constr. rmsd
   -2.17058e+02   -1.85115e+02    2.75149e-05

DD  step 22499  vol min/aver 0.960  load imb.: force  2.5%

           Step           Time         Lambda
          22500       45.00000        0.00000

   Energies (kJ/mol)
          Angle    Proper Dih. Ryckaert-Bell.          LJ-14     Coulomb-14
    3.59429e+03    2.20280e+02    1.93448e+03    3.05646e+03    7.97357e+03
        LJ (SR)  Disper. corr.   Coulomb (SR)   Coul. recip. Position Rest.
    9.31362e+04   -4.49750e+03   -6.36186e+05    3.07572e+03    4.97643e+02
      Potential    Kinetic En.   Total Energy  Conserved En.    Temperature
   -5.27195e+05    8.48062e+04   -4.42389e+05   -5.09992e+05    2.99478e+02
 Pres. DC (bar) Pressure (bar)   Constr. rmsd
   -2.17058e+02   -3.20880e+02    2.61902e-05

DD  step 22999  vol min/aver 0.946  load imb.: force  0.7%

           Step           Time         Lambda
          23000       46.00000        0.00000

   Energies (kJ/mol)
          Angle    Proper Dih. Ryckaert-Bell.          LJ-14     Coulomb-14
    3.58060e+03    2.42135e+02    1.80225e+03    2.94229e+03    7.90580e+03
        LJ (SR)  Disper. corr.   Coulomb (SR)   Coul. recip. Position Rest.
    9.28780e+04   -4.49750e+03   -6.36504e+05    2.96416e+03    5.00576e+02
      Potential    Kinetic En.   Total Energy  Conserved En.    Temperature
   -5.28186e+05    8.40243e+04   -4.44162e+05   -5.10008e+05    2.96717e+02
 Pres. DC (bar) Pressure (bar)   Constr. rmsd
   -2.17058e+02   -5.30383e+02    2.88821e-05

DD  step 23499  vol min/aver 0.956  load imb.: force  7.0%

           Step           Time         Lambda
          23500       47.00000        0.00000

   Energies (kJ/mol)
          Angle    Proper Dih. Ryckaert-Bell.          LJ-14     Coulomb-14
    3.89071e+03    2.55536e+02    1.86647e+03    3.02629e+03    7.98292e+03
        LJ (SR)  Disper. corr.   Coulomb (SR)   Coul. recip. Position Rest.
    9.29233e+04   -4.49750e+03   -6.36027e+05    2.96018e+03    4.96219e+02
      Potential    Kinetic En.   Total Energy  Conserved En.    Temperature
   -5.27123e+05    8.45293e+04   -4.42594e+05   -5.10013e+05    2.98501e+02
 Pres. DC (bar) Pressure (bar)   Constr. rmsd
   -2.17058e+02   -4.47712e+02    2.58245e-05

DD  step 23999  vol min/aver 0.975  load imb.: force  2.3%

           Step           Time         Lambda
          24000       48.00000        0.00000

   Energies (kJ/mol)
          Angle    Proper Dih. Ryckaert-Bell.          LJ-14     Coulomb-14
    3.78033e+03    2.42228e+02    1.96725e+03    3.03872e+03    8.01316e+03
        LJ (SR)  Disper. corr.   Coulomb (SR)   Coul. recip. Position Rest.
    9.26000e+04   -4.49750e+03   -6.35802e+05    3.08929e+03    5.21017e+02
      Potential    Kinetic En.   Total Energy  Conserved En.    Temperature
   -5.27048e+05    8.57904e+04   -4.41257e+05   -5.10052e+05    3.02954e+02
 Pres. DC (bar) Pressure (bar)   Constr. rmsd
   -2.17058e+02   -2.92558e+02    2.79869e-05

DD  step 24499  vol min/aver 0.978  load imb.: force  4.1%

           Step           Time         Lambda
          24500       49.00000        0.00000

   Energies (kJ/mol)
          Angle    Proper Dih. Ryckaert-Bell.          LJ-14     Coulomb-14
    3.85384e+03    2.46877e+02    1.92283e+03    2.93707e+03    7.85188e+03
        LJ (SR)  Disper. corr.   Coulomb (SR)   Coul. recip. Position Rest.
    9.23621e+04   -4.49750e+03   -6.34722e+05    3.06004e+03    5.53968e+02
      Potential    Kinetic En.   Total Energy  Conserved En.    Temperature
   -5.26431e+05    8.56675e+04   -4.40763e+05   -5.10043e+05    3.02520e+02
 Pres. DC (bar) Pressure (bar)   Constr. rmsd
   -2.17058e+02   -7.99452e+02    2.91348e-05

DD  step 24999  vol min/aver 0.951  load imb.: force  2.7%

           Step           Time         Lambda
          25000       50.00000        0.00000

   Energies (kJ/mol)
          Angle    Proper Dih. Ryckaert-Bell.          LJ-14     Coulomb-14
    3.83489e+03    2.80287e+02    1.79938e+03    3.01485e+03    7.97917e+03
        LJ (SR)  Disper. corr.   Coulomb (SR)   Coul. recip. Position Rest.
    9.37202e+04   -4.49750e+03   -6.37072e+05    2.97642e+03    5.44498e+02
      Potential    Kinetic En.   Total Energy  Conserved En.    Temperature
   -5.27420e+05    8.52146e+04   -4.42205e+05   -5.10067e+05    3.00921e+02
 Pres. DC (bar) Pressure (bar)   Constr. rmsd
   -2.17058e+02   -3.57026e+02    2.80571e-05

DD  step 25499  vol min/aver 0.943  load imb.: force  3.2%

           Step           Time         Lambda
          25500       51.00000        0.00000

   Energies (kJ/mol)
          Angle    Proper Dih. Ryckaert-Bell.          LJ-14     Coulomb-14
    3.81824e+03    2.71312e+02    1.86481e+03    3.05537e+03    7.94749e+03
        LJ (SR)  Disper. corr.   Coulomb (SR)   Coul. recip. Position Rest.
    9.30559e+04   -4.49750e+03   -6.35566e+05    2.93159e+03    5.08435e+02
      Potential    Kinetic En.   Total Energy  Conserved En.    Temperature
   -5.26611e+05    8.50680e+04   -4.41543e+05   -5.10071e+05    3.00403e+02
 Pres. DC (bar) Pressure (bar)   Constr. rmsd
   -2.17058e+02   -3.78383e+02    2.77910e-05

DD  step 25999  vol min/aver 0.953  load imb.: force  6.8%

           Step           Time         Lambda
          26000       52.00000        0.00000

   Energies (kJ/mol)
          Angle    Proper Dih. Ryckaert-Bell.          LJ-14     Coulomb-14
    3.63420e+03    2.58520e+02    1.81788e+03    3.02649e+03    7.98116e+03
        LJ (SR)  Disper. corr.   Coulomb (SR)   Coul. recip. Position Rest.
    9.25153e+04   -4.49750e+03   -6.35447e+05    3.04344e+03    4.97882e+02
      Potential    Kinetic En.   Total Energy  Conserved En.    Temperature
   -5.27170e+05    8.43134e+04   -4.42856e+05   -5.10096e+05    2.97738e+02
 Pres. DC (bar) Pressure (bar)   Constr. rmsd
   -2.17058e+02   -6.05094e+02    2.84167e-05

DD  step 26499  vol min/aver 0.968  load imb.: force  7.2%

           Step           Time         Lambda
          26500       53.00000        0.00000

   Energies (kJ/mol)
          Angle    Proper Dih. Ryckaert-Bell.          LJ-14     Coulomb-14
    3.75208e+03    2.85255e+02    1.87637e+03    3.04219e+03    8.03247e+03
        LJ (SR)  Disper. corr.   Coulomb (SR)   Coul. recip. Position Rest.
    9.25092e+04   -4.49750e+03   -6.34471e+05    2.97895e+03    5.35218e+02
      Potential    Kinetic En.   Total Energy  Conserved En.    Temperature
   -5.25957e+05    8.51322e+04   -4.40825e+05   -5.10119e+05    3.00630e+02
 Pres. DC (bar) Pressure (bar)   Constr. rmsd
   -2.17058e+02   -7.18754e+01    2.79389e-05

DD  step 26999  vol min/aver 0.989  load imb.: force  4.7%

           Step           Time         Lambda
          27000       54.00000        0.00000

   Energies (kJ/mol)
          Angle    Proper Dih. Ryckaert-Bell.          LJ-14     Coulomb-14
    3.75621e+03    2.57656e+02    1.90177e+03    3.00414e+03    7.92241e+03
        LJ (SR)  Disper. corr.   Coulomb (SR)   Coul. recip. Position Rest.
    9.11722e+04   -4.49750e+03   -6.33221e+05    3.00244e+03    5.27249e+02
      Potential    Kinetic En.   Total Energy  Conserved En.    Temperature
   -5.26174e+05    8.48395e+04   -4.41335e+05   -5.10142e+05    2.99596e+02
 Pres. DC (bar) Pressure (bar)   Constr. rmsd
   -2.17058e+02   -6.50727e+02    2.92682e-05

DD  step 27499  vol min/aver 0.972  load imb.: force  6.1%

           Step           Time         Lambda
          27500       55.00000        0.00000

   Energies (kJ/mol)
          Angle    Proper Dih. Ryckaert-Bell.          LJ-14     Coulomb-14
    3.67386e+03    2.43708e+02    1.75433e+03    3.01250e+03    7.95971e+03
        LJ (SR)  Disper. corr.   Coulomb (SR)   Coul. recip. Position Rest.
    9.25660e+04   -4.49750e+03   -6.35768e+05    3.01171e+03    5.21032e+02
      Potential    Kinetic En.   Total Energy  Conserved En.    Temperature
   -5.27523e+05    8.40749e+04   -4.43448e+05   -5.10152e+05    2.96896e+02
 Pres. DC (bar) Pressure (bar)   Constr. rmsd
   -2.17058e+02   -6.30815e+02    3.08385e-05

DD  step 27999  vol min/aver 0.961  load imb.: force  3.4%

           Step           Time         Lambda
          28000       56.00000        0.00000

   Energies (kJ/mol)
          Angle    Proper Dih. Ryckaert-Bell.          LJ-14     Coulomb-14
    3.75897e+03    2.57742e+02    1.80912e+03    3.03018e+03    7.94353e+03
        LJ (SR)  Disper. corr.   Coulomb (SR)   Coul. recip. Position Rest.
    9.28093e+04   -4.49750e+03   -6.36072e+05    2.89489e+03    5.00284e+02
      Potential    Kinetic En.   Total Energy  Conserved En.    Temperature
   -5.27566e+05    8.47755e+04   -4.42790e+05   -5.10168e+05    2.99370e+02
 Pres. DC (bar) Pressure (bar)   Constr. rmsd
   -2.17058e+02   -3.89923e+02    2.54757e-05

DD  step 28499  vol min/aver 0.934  load imb.: force  3.9%

           Step           Time         Lambda
          28500       57.00000        0.00000

   Energies (kJ/mol)
          Angle    Proper Dih. Ryckaert-Bell.          LJ-14     Coulomb-14
    3.84498e+03    2.47730e+02    1.83146e+03    2.97611e+03    7.96387e+03
        LJ (SR)  Disper. corr.   Coulomb (SR)   Coul. recip. Position Rest.
    9.32969e+04   -4.49750e+03   -6.36636e+05    2.95727e+03    5.29964e+02
      Potential    Kinetic En.   Total Energy  Conserved En.    Temperature
   -5.27485e+05    8.40248e+04   -4.43460e+05   -5.10164e+05    2.96719e+02
 Pres. DC (bar) Pressure (bar)   Constr. rmsd
   -2.17058e+02   -3.44489e+02    2.76692e-05

DD  step 28999  vol min/aver 0.936  load imb.: force 10.1%

           Step           Time         Lambda
          29000       58.00000        0.00000

   Energies (kJ/mol)
          Angle    Proper Dih. Ryckaert-Bell.          LJ-14     Coulomb-14
    3.67898e+03    2.36813e+02    1.80126e+03    3.03189e+03    7.88492e+03
        LJ (SR)  Disper. corr.   Coulomb (SR)   Coul. recip. Position Rest.
    9.44349e+04   -4.49750e+03   -6.38396e+05    3.02356e+03    5.26115e+02
      Potential    Kinetic En.   Total Energy  Conserved En.    Temperature
   -5.28275e+05    8.45271e+04   -4.43748e+05   -5.10190e+05    2.98493e+02
 Pres. DC (bar) Pressure (bar)   Constr. rmsd
   -2.17058e+02    2.03159e+01    2.55707e-05

DD  step 29499  vol min/aver 0.941  load imb.: force  3.7%

           Step           Time         Lambda
          29500       59.00000        0.00000

   Energies (kJ/mol)
          Angle    Proper Dih. Ryckaert-Bell.          LJ-14     Coulomb-14
    3.82109e+03    2.21192e+02    1.87320e+03    2.96490e+03    7.99934e+03
        LJ (SR)  Disper. corr.   Coulomb (SR)   Coul. recip. Position Rest.
    9.34760e+04   -4.49750e+03   -6.36492e+05    3.00493e+03    4.79808e+02
      Potential    Kinetic En.   Total Energy  Conserved En.    Temperature
   -5.27149e+05    8.41110e+04   -4.43038e+05   -5.10205e+05    2.97023e+02
 Pres. DC (bar) Pressure (bar)   Constr. rmsd
   -2.17058e+02   -4.05423e+02    2.73553e-05

DD  step 29999  vol min/aver 0.955  load imb.: force  5.9%

           Step           Time         Lambda
          30000       60.00000        0.00000

   Energies (kJ/mol)
          Angle    Proper Dih. Ryckaert-Bell.          LJ-14     Coulomb-14
    3.89272e+03    2.45528e+02    1.84864e+03    2.99944e+03    7.97515e+03
        LJ (SR)  Disper. corr.   Coulomb (SR)   Coul. recip. Position Rest.
    9.34009e+04   -4.49750e+03   -6.37287e+05    2.90979e+03    5.45252e+02
      Potential    Kinetic En.   Total Energy  Conserved En.    Temperature
   -5.27967e+05    8.54614e+04   -4.42505e+05   -5.10232e+05    3.01792e+02
 Pres. DC (bar) Pressure (bar)   Constr. rmsd
   -2.17058e+02   -4.94302e+02    2.75660e-05

DD  step 30499  vol min/aver 0.970  load imb.: force  1.0%

           Step           Time         Lambda
          30500       61.00000        0.00000

   Energies (kJ/mol)
          Angle    Proper Dih. Ryckaert-Bell.          LJ-14     Coulomb-14
    3.73592e+03    2.70040e+02    1.85922e+03    2.97196e+03    7.87452e+03
        LJ (SR)  Disper. corr.   Coulomb (SR)   Coul. recip. Position Rest.
    9.39339e+04   -4.49750e+03   -6.36784e+05    2.96053e+03    5.15666e+02
      Potential    Kinetic En.   Total Energy  Conserved En.    Temperature
   -5.27159e+05    8.42614e+04   -4.42898e+05   -5.10240e+05    2.97554e+02
 Pres. DC (bar) Pressure (bar)   Constr. rmsd
   -2.17058e+02   -1.14388e+02    2.74106e-05

DD  step 30999  vol min/aver 0.932  load imb.: force  2.0%

           Step           Time         Lambda
          31000       62.00000        0.00000

   Energies (kJ/mol)
          Angle    Proper Dih. Ryckaert-Bell.          LJ-14     Coulomb-14
    3.74511e+03    2.20496e+02    1.90443e+03    3.02234e+03    8.00301e+03
        LJ (SR)  Disper. corr.   Coulomb (SR)   Coul. recip. Position Rest.
    9.44484e+04   -4.49750e+03   -6.37066e+05    2.95473e+03    5.19448e+02
      Potential    Kinetic En.   Total Energy  Conserved En.    Temperature
   -5.26745e+05    8.44621e+04   -4.42283e+05   -5.10252e+05    2.98263e+02
 Pres. DC (bar) Pressure (bar)   Constr. rmsd
   -2.17058e+02   -6.78225e+01    2.77348e-05

DD  step 31499  vol min/aver 0.972  load imb.: force  4.9%

           Step           Time         Lambda
          31500       63.00000        0.00000

   Energies (kJ/mol)
          Angle    Proper Dih. Ryckaert-Bell.          LJ-14     Coulomb-14
    3.93119e+03    2.48282e+02    1.82235e+03    2.95606e+03    7.99348e+03
        LJ (SR)  Disper. corr.   Coulomb (SR)   Coul. recip. Position Rest.
    9.23839e+04   -4.49750e+03   -6.34738e+05    3.00839e+03    5.15943e+02
      Potential    Kinetic En.   Total Energy  Conserved En.    Temperature
   -5.26376e+05    8.49688e+04   -4.41407e+05   -5.10277e+05    3.00053e+02
 Pres. DC (bar) Pressure (bar)   Constr. rmsd
   -2.17058e+02   -2.14625e+02    2.91642e-05

DD  step 31999  vol min/aver 0.965  load imb.: force  7.2%

           Step           Time         Lambda
          32000       64.00000        0.00000

   Energies (kJ/mol)
          Angle    Proper Dih. Ryckaert-Bell.          LJ-14     Coulomb-14
    3.96932e+03    2.75501e+02    1.83761e+03    2.96946e+03    7.90595e+03
        LJ (SR)  Disper. corr.   Coulomb (SR)   Coul. recip. Position Rest.
    9.22566e+04   -4.49750e+03   -6.34465e+05    3.05127e+03    4.92239e+02
      Potential    Kinetic En.   Total Energy  Conserved En.    Temperature
   -5.26205e+05    8.44913e+04   -4.41713e+05   -5.10264e+05    2.98366e+02
 Pres. DC (bar) Pressure (bar)   Constr. rmsd
   -2.17058e+02   -4.36279e+02    2.77297e-05

Writing checkpoint, step 32340 at Tue Dec 15 23:24:23 2015


DD  step 32499  vol min/aver 0.962  load imb.: force  3.8%

           Step           Time         Lambda
          32500       65.00000        0.00000

   Energies (kJ/mol)
          Angle    Proper Dih. Ryckaert-Bell.          LJ-14     Coulomb-14
    3.77661e+03    2.35939e+02    1.88257e+03    2.95470e+03    7.80224e+03
        LJ (SR)  Disper. corr.   Coulomb (SR)   Coul. recip. Position Rest.
    9.26403e+04   -4.49750e+03   -6.35368e+05    2.99384e+03    5.54752e+02
      Potential    Kinetic En.   Total Energy  Conserved En.    Temperature
   -5.27024e+05    8.47906e+04   -4.42234e+05   -5.10322e+05    2.99423e+02
 Pres. DC (bar) Pressure (bar)   Constr. rmsd
   -2.17058e+02   -6.16195e+02    2.92957e-05

DD  step 32999  vol min/aver 0.918  load imb.: force  2.2%

           Step           Time         Lambda
          33000       66.00000        0.00000

   Energies (kJ/mol)
          Angle    Proper Dih. Ryckaert-Bell.          LJ-14     Coulomb-14
    3.99681e+03    2.22828e+02    1.80302e+03    2.99762e+03    7.99395e+03
        LJ (SR)  Disper. corr.   Coulomb (SR)   Coul. recip. Position Rest.
    9.32960e+04   -4.49750e+03   -6.35182e+05    2.96094e+03    4.54110e+02
      Potential    Kinetic En.   Total Energy  Conserved En.    Temperature
   -5.25955e+05    8.60391e+04   -4.39916e+05   -5.10342e+05    3.03832e+02
 Pres. DC (bar) Pressure (bar)   Constr. rmsd
   -2.17058e+02   -5.21249e+02    2.93022e-05

DD  step 33499  vol min/aver 0.967  load imb.: force  7.6%

           Step           Time         Lambda
          33500       67.00000        0.00000

   Energies (kJ/mol)
          Angle    Proper Dih. Ryckaert-Bell.          LJ-14     Coulomb-14
    3.99459e+03    2.40477e+02    1.91078e+03    2.97093e+03    7.87108e+03
        LJ (SR)  Disper. corr.   Coulomb (SR)   Coul. recip. Position Rest.
    9.36455e+04   -4.49750e+03   -6.36519e+05    3.02075e+03    5.39018e+02
      Potential    Kinetic En.   Total Energy  Conserved En.    Temperature
   -5.26823e+05    8.56816e+04   -4.41142e+05   -5.10345e+05    3.02569e+02
 Pres. DC (bar) Pressure (bar)   Constr. rmsd
   -2.17058e+02   -3.62603e+02    3.04111e-05

DD  step 33999  vol min/aver 0.964  load imb.: force  5.5%

           Step           Time         Lambda
          34000       68.00000        0.00000

   Energies (kJ/mol)
          Angle    Proper Dih. Ryckaert-Bell.          LJ-14     Coulomb-14
    3.96127e+03    2.25372e+02    1.84866e+03    3.01641e+03    7.95254e+03
        LJ (SR)  Disper. corr.   Coulomb (SR)   Coul. recip. Position Rest.
    9.28744e+04   -4.49750e+03   -6.37321e+05    2.94460e+03    5.30203e+02
      Potential    Kinetic En.   Total Energy  Conserved En.    Temperature
   -5.28465e+05    8.52095e+04   -4.43256e+05   -5.10362e+05    3.00902e+02
 Pres. DC (bar) Pressure (bar)   Constr. rmsd
   -2.17058e+02   -7.18420e+02    2.77083e-05

DD  step 34499  vol min/aver 0.962  load imb.: force  4.0%

           Step           Time         Lambda
          34500       69.00000        0.00000

   Energies (kJ/mol)
          Angle    Proper Dih. Ryckaert-Bell.          LJ-14     Coulomb-14
    3.81483e+03    2.58789e+02    1.78657e+03    3.02055e+03    7.93568e+03
        LJ (SR)  Disper. corr.   Coulomb (SR)   Coul. recip. Position Rest.
    9.34343e+04   -4.49750e+03   -6.36504e+05    2.91881e+03    5.51918e+02
      Potential    Kinetic En.   Total Energy  Conserved En.    Temperature
   -5.27280e+05    8.54498e+04   -4.41830e+05   -5.10389e+05    3.01751e+02
 Pres. DC (bar) Pressure (bar)   Constr. rmsd
   -2.17058e+02   -4.48623e+02    2.88207e-05

DD  step 34999  vol min/aver 0.963  load imb.: force  1.4%

           Step           Time         Lambda
          35000       70.00000        0.00000

   Energies (kJ/mol)
          Angle    Proper Dih. Ryckaert-Bell.          LJ-14     Coulomb-14
    3.77316e+03    2.51431e+02    1.83752e+03    3.03206e+03    7.98479e+03
        LJ (SR)  Disper. corr.   Coulomb (SR)   Coul. recip. Position Rest.
    9.23841e+04   -4.49750e+03   -6.34255e+05    3.01278e+03    5.21062e+02
      Potential    Kinetic En.   Total Energy  Conserved En.    Temperature
   -5.25955e+05    8.46200e+04   -4.41335e+05   -5.10419e+05    2.98821e+02
 Pres. DC (bar) Pressure (bar)   Constr. rmsd
   -2.17058e+02   -2.86222e+02    2.66942e-05

DD  step 35499  vol min/aver 0.978  load imb.: force  4.9%

           Step           Time         Lambda
          35500       71.00000        0.00000

   Energies (kJ/mol)
          Angle    Proper Dih. Ryckaert-Bell.          LJ-14     Coulomb-14
    3.79647e+03    2.31892e+02    1.78449e+03    3.04828e+03    7.95836e+03
        LJ (SR)  Disper. corr.   Coulomb (SR)   Coul. recip. Position Rest.
    9.18127e+04   -4.49750e+03   -6.34664e+05    2.92940e+03    5.49345e+02
      Potential    Kinetic En.   Total Energy  Conserved En.    Temperature
   -5.27050e+05    8.54300e+04   -4.41620e+05   -5.10415e+05    3.01681e+02
 Pres. DC (bar) Pressure (bar)   Constr. rmsd
   -2.17058e+02   -7.15593e+02    2.61530e-05

DD  step 35999  vol min/aver 0.966  load imb.: force  7.2%

           Step           Time         Lambda
          36000       72.00000        0.00000

   Energies (kJ/mol)
          Angle    Proper Dih. Ryckaert-Bell.          LJ-14     Coulomb-14
    3.83596e+03    2.04332e+02    1.76120e+03    3.03930e+03    8.00376e+03
        LJ (SR)  Disper. corr.   Coulomb (SR)   Coul. recip. Position Rest.
    9.19250e+04   -4.49750e+03   -6.34546e+05    3.06003e+03    4.86349e+02
      Potential    Kinetic En.   Total Energy  Conserved En.    Temperature
   -5.26728e+05    8.45304e+04   -4.42197e+05   -5.10441e+05    2.98504e+02
 Pres. DC (bar) Pressure (bar)   Constr. rmsd
   -2.17058e+02   -2.87389e+02    2.69367e-05

DD  step 36499  vol min/aver 0.931  load imb.: force  6.5%

           Step           Time         Lambda
          36500       73.00000        0.00000

   Energies (kJ/mol)
          Angle    Proper Dih. Ryckaert-Bell.          LJ-14     Coulomb-14
    3.59896e+03    2.59309e+02    1.82547e+03    3.00832e+03    7.89029e+03
        LJ (SR)  Disper. corr.   Coulomb (SR)   Coul. recip. Position Rest.
    9.14699e+04   -4.49750e+03   -6.33674e+05    3.04136e+03    5.39878e+02
      Potential    Kinetic En.   Total Energy  Conserved En.    Temperature
   -5.26538e+05    8.49123e+04   -4.41626e+05   -5.10456e+05    2.99853e+02
 Pres. DC (bar) Pressure (bar)   Constr. rmsd
   -2.17058e+02   -7.64039e+02    2.89703e-05

DD  step 36999  vol min/aver 0.959  load imb.: force  7.5%

           Step           Time         Lambda
          37000       74.00000        0.00000

   Energies (kJ/mol)
          Angle    Proper Dih. Ryckaert-Bell.          LJ-14     Coulomb-14
    3.81916e+03    2.44029e+02    1.80557e+03    3.01289e+03    7.92797e+03
        LJ (SR)  Disper. corr.   Coulomb (SR)   Coul. recip. Position Rest.
    9.43116e+04   -4.49750e+03   -6.37660e+05    3.03991e+03    5.10207e+02
      Potential    Kinetic En.   Total Energy  Conserved En.    Temperature
   -5.27487e+05    8.47406e+04   -4.42746e+05   -5.10458e+05    2.99247e+02
 Pres. DC (bar) Pressure (bar)   Constr. rmsd
   -2.17058e+02    5.40506e+01    2.77142e-05

DD  step 37499  vol min/aver 0.938  load imb.: force  7.7%

           Step           Time         Lambda
          37500       75.00000        0.00000

   Energies (kJ/mol)
          Angle    Proper Dih. Ryckaert-Bell.          LJ-14     Coulomb-14
    3.89140e+03    2.52945e+02    1.77164e+03    3.08451e+03    8.00194e+03
        LJ (SR)  Disper. corr.   Coulomb (SR)   Coul. recip. Position Rest.
    9.21846e+04   -4.49750e+03   -6.33749e+05    3.08182e+03    5.12036e+02
      Potential    Kinetic En.   Total Energy  Conserved En.    Temperature
   -5.25465e+05    8.48650e+04   -4.40600e+05   -5.10479e+05    2.99686e+02
 Pres. DC (bar) Pressure (bar)   Constr. rmsd
   -2.17058e+02   -6.41181e+02    2.73308e-05

DD  step 37999  vol min/aver 0.946  load imb.: force 10.9%

           Step           Time         Lambda
          38000       76.00000        0.00000

   Energies (kJ/mol)
          Angle    Proper Dih. Ryckaert-Bell.          LJ-14     Coulomb-14
    3.69485e+03    2.56367e+02    1.87072e+03    3.06359e+03    8.02095e+03
        LJ (SR)  Disper. corr.   Coulomb (SR)   Coul. recip. Position Rest.
    9.47728e+04   -4.49750e+03   -6.38240e+05    2.99057e+03    5.19273e+02
      Potential    Kinetic En.   Total Energy  Conserved En.    Temperature
   -5.27548e+05    8.52147e+04   -4.42333e+05   -5.10515e+05    3.00921e+02
 Pres. DC (bar) Pressure (bar)   Constr. rmsd
   -2.17058e+02   -3.08646e+02    2.65756e-05

DD  step 38499  vol min/aver 0.969  load imb.: force  3.0%

           Step           Time         Lambda
          38500       77.00000        0.00000

   Energies (kJ/mol)
          Angle    Proper Dih. Ryckaert-Bell.          LJ-14     Coulomb-14
    3.82843e+03    2.41456e+02    1.89527e+03    2.98297e+03    7.91918e+03
        LJ (SR)  Disper. corr.   Coulomb (SR)   Coul. recip. Position Rest.
    9.39888e+04   -4.49750e+03   -6.37300e+05    3.00089e+03    5.45359e+02
      Potential    Kinetic En.   Total Energy  Conserved En.    Temperature
   -5.27395e+05    8.55068e+04   -4.41888e+05   -5.10526e+05    3.01952e+02
 Pres. DC (bar) Pressure (bar)   Constr. rmsd
   -2.17058e+02   -5.62693e+02    2.85684e-05

DD  step 38999  vol min/aver 0.942  load imb.: force 12.3%

           Step           Time         Lambda
          39000       78.00000        0.00000

   Energies (kJ/mol)
          Angle    Proper Dih. Ryckaert-Bell.          LJ-14     Coulomb-14
    3.76515e+03    2.35003e+02    1.88854e+03    3.02374e+03    7.94340e+03
        LJ (SR)  Disper. corr.   Coulomb (SR)   Coul. recip. Position Rest.
    9.18789e+04   -4.49750e+03   -6.34284e+05    3.02098e+03    5.49772e+02
      Potential    Kinetic En.   Total Energy  Conserved En.    Temperature
   -5.26476e+05    8.53742e+04   -4.41102e+05   -5.10546e+05    3.01484e+02
 Pres. DC (bar) Pressure (bar)   Constr. rmsd
   -2.17058e+02   -5.54699e+02    2.80907e-05

DD  step 39499  vol min/aver 0.980  load imb.: force  8.6%

           Step           Time         Lambda
          39500       79.00000        0.00000

   Energies (kJ/mol)
          Angle    Proper Dih. Ryckaert-Bell.          LJ-14     Coulomb-14
    3.76236e+03    2.21884e+02    1.80489e+03    2.96156e+03    7.90342e+03
        LJ (SR)  Disper. corr.   Coulomb (SR)   Coul. recip. Position Rest.
    9.26727e+04   -4.49750e+03   -6.35828e+05    2.92560e+03    5.29455e+02
      Potential    Kinetic En.   Total Energy  Conserved En.    Temperature
   -5.27544e+05    8.40600e+04   -4.43484e+05   -5.10557e+05    2.96843e+02
 Pres. DC (bar) Pressure (bar)   Constr. rmsd
   -2.17058e+02   -6.13226e+02    3.04079e-05

DD  step 39999  vol min/aver 0.906  load imb.: force  8.8%

           Step           Time         Lambda
          40000       80.00000        0.00000

   Energies (kJ/mol)
          Angle    Proper Dih. Ryckaert-Bell.          LJ-14     Coulomb-14
    3.77310e+03    2.35096e+02    1.92847e+03    3.02894e+03    7.93526e+03
        LJ (SR)  Disper. corr.   Coulomb (SR)   Coul. recip. Position Rest.
    9.37311e+04   -4.49750e+03   -6.36319e+05    3.03799e+03    5.00092e+02
      Potential    Kinetic En.   Total Energy  Conserved En.    Temperature
   -5.26646e+05    8.49345e+04   -4.41712e+05   -5.10571e+05    2.99931e+02
 Pres. DC (bar) Pressure (bar)   Constr. rmsd
   -2.17058e+02   -5.19755e+02    2.87755e-05

DD  step 40499  vol min/aver 0.905  load imb.: force  5.3%

           Step           Time         Lambda
          40500       81.00000        0.00000

   Energies (kJ/mol)
          Angle    Proper Dih. Ryckaert-Bell.          LJ-14     Coulomb-14
    3.71265e+03    1.94853e+02    1.74791e+03    3.03104e+03    7.90024e+03
        LJ (SR)  Disper. corr.   Coulomb (SR)   Coul. recip. Position Rest.
    9.33083e+04   -4.49750e+03   -6.36542e+05    2.98655e+03    5.00982e+02
      Potential    Kinetic En.   Total Energy  Conserved En.    Temperature
   -5.27657e+05    8.50218e+04   -4.42635e+05   -5.10584e+05    3.00240e+02
 Pres. DC (bar) Pressure (bar)   Constr. rmsd
   -2.17058e+02   -1.65864e+02    2.77735e-05

DD  step 40999  vol min/aver 0.952  load imb.: force  4.9%

           Step           Time         Lambda
          41000       82.00000        0.00000

   Energies (kJ/mol)
          Angle    Proper Dih. Ryckaert-Bell.          LJ-14     Coulomb-14
    3.83247e+03    2.40006e+02    1.92267e+03    3.01634e+03    7.88613e+03
        LJ (SR)  Disper. corr.   Coulomb (SR)   Coul. recip. Position Rest.
    9.37831e+04   -4.49750e+03   -6.36084e+05    3.04085e+03    6.02430e+02
      Potential    Kinetic En.   Total Energy  Conserved En.    Temperature
   -5.26258e+05    8.55198e+04   -4.40738e+05   -5.10599e+05    3.01998e+02
 Pres. DC (bar) Pressure (bar)   Constr. rmsd
   -2.17058e+02   -3.49107e+02    2.80846e-05

DD  step 41499  vol min/aver 0.997  load imb.: force  6.4%

           Step           Time         Lambda
          41500       83.00000        0.00000

   Energies (kJ/mol)
          Angle    Proper Dih. Ryckaert-Bell.          LJ-14     Coulomb-14
    3.85871e+03    2.20679e+02    1.79631e+03    2.95773e+03    7.96574e+03
        LJ (SR)  Disper. corr.   Coulomb (SR)   Coul. recip. Position Rest.
    9.31472e+04   -4.49750e+03   -6.36235e+05    2.98773e+03    5.26541e+02
      Potential    Kinetic En.   Total Energy  Conserved En.    Temperature
   -5.27272e+05    8.53454e+04   -4.41927e+05   -5.10621e+05    3.01382e+02
 Pres. DC (bar) Pressure (bar)   Constr. rmsd
   -2.17058e+02   -4.96768e+02    2.91183e-05

DD  step 41999  vol min/aver 0.966  load imb.: force 13.2%

           Step           Time         Lambda
          42000       84.00000        0.00000

   Energies (kJ/mol)
          Angle    Proper Dih. Ryckaert-Bell.          LJ-14     Coulomb-14
    3.74825e+03    2.24993e+02    1.87578e+03    3.02273e+03    7.93362e+03
        LJ (SR)  Disper. corr.   Coulomb (SR)   Coul. recip. Position Rest.
    9.33670e+04   -4.49750e+03   -6.36841e+05    2.90546e+03    5.19155e+02
      Potential    Kinetic En.   Total Energy  Conserved En.    Temperature
   -5.27741e+05    8.46214e+04   -4.43120e+05   -5.10627e+05    2.98826e+02
 Pres. DC (bar) Pressure (bar)   Constr. rmsd
   -2.17058e+02   -3.49060e+02    2.76743e-05

DD  step 42499  vol min/aver 0.952  load imb.: force  4.9%

           Step           Time         Lambda
          42500       85.00000        0.00000

   Energies (kJ/mol)
          Angle    Proper Dih. Ryckaert-Bell.          LJ-14     Coulomb-14
    3.76060e+03    2.62443e+02    1.88031e+03    2.98239e+03    7.95048e+03
        LJ (SR)  Disper. corr.   Coulomb (SR)   Coul. recip. Position Rest.
    9.22407e+04   -4.49750e+03   -6.34598e+05    3.00405e+03    5.30649e+02
      Potential    Kinetic En.   Total Energy  Conserved En.    Temperature
   -5.26484e+05    8.52404e+04   -4.41243e+05   -5.10656e+05    3.01012e+02
 Pres. DC (bar) Pressure (bar)   Constr. rmsd
   -2.17058e+02   -6.96462e+02    2.66347e-05

DD  step 42999  vol min/aver 0.963  load imb.: force  9.0%

           Step           Time         Lambda
          43000       86.00000        0.00000

   Energies (kJ/mol)
          Angle    Proper Dih. Ryckaert-Bell.          LJ-14     Coulomb-14
    3.91443e+03    2.67990e+02    1.85393e+03    3.07140e+03    7.99181e+03
        LJ (SR)  Disper. corr.   Coulomb (SR)   Coul. recip. Position Rest.
    9.19852e+04   -4.49750e+03   -6.34417e+05    3.00651e+03    5.70039e+02
      Potential    Kinetic En.   Total Energy  Conserved En.    Temperature
   -5.26253e+05    8.43728e+04   -4.41880e+05   -5.10660e+05    2.97948e+02
 Pres. DC (bar) Pressure (bar)   Constr. rmsd
   -2.17058e+02   -4.66345e+02    2.72857e-05

DD  step 43499  vol min/aver 0.919  load imb.: force  5.8%

           Step           Time         Lambda
          43500       87.00000        0.00000

   Energies (kJ/mol)
          Angle    Proper Dih. Ryckaert-Bell.          LJ-14     Coulomb-14
    3.76956e+03    2.53299e+02    1.87965e+03    3.05672e+03    7.93901e+03
        LJ (SR)  Disper. corr.   Coulomb (SR)   Coul. recip. Position Rest.
    9.29154e+04   -4.49750e+03   -6.35483e+05    3.05991e+03    5.48017e+02
      Potential    Kinetic En.   Total Energy  Conserved En.    Temperature
   -5.26559e+05    8.55607e+04   -4.40998e+05   -5.10688e+05    3.02143e+02
 Pres. DC (bar) Pressure (bar)   Constr. rmsd
   -2.17058e+02   -1.24947e+02    2.58820e-05

DD  step 43999  vol min/aver 0.959  load imb.: force 10.2%

           Step           Time         Lambda
          44000       88.00000        0.00000

   Energies (kJ/mol)
          Angle    Proper Dih. Ryckaert-Bell.          LJ-14     Coulomb-14
    3.89767e+03    2.46390e+02    1.91132e+03    2.98868e+03    7.95833e+03
        LJ (SR)  Disper. corr.   Coulomb (SR)   Coul. recip. Position Rest.
    9.26700e+04   -4.49750e+03   -6.35235e+05    2.93736e+03    5.96449e+02
      Potential    Kinetic En.   Total Energy  Conserved En.    Temperature
   -5.26526e+05    8.54791e+04   -4.41047e+05   -5.10683e+05    3.01855e+02
 Pres. DC (bar) Pressure (bar)   Constr. rmsd
   -2.17058e+02   -3.96891e+02    2.93184e-05

DD  step 44499  vol min/aver 0.950  load imb.: force 11.3%

           Step           Time         Lambda
          44500       89.00000        0.00000

   Energies (kJ/mol)
          Angle    Proper Dih. Ryckaert-Bell.          LJ-14     Coulomb-14
    3.91630e+03    2.50028e+02    1.79711e+03    3.02056e+03    7.93971e+03
        LJ (SR)  Disper. corr.   Coulomb (SR)   Coul. recip. Position Rest.
    9.40586e+04   -4.49750e+03   -6.38311e+05    2.98516e+03    5.85640e+02
      Potential    Kinetic En.   Total Energy  Conserved En.    Temperature
   -5.28255e+05    8.58673e+04   -4.42388e+05   -5.10727e+05    3.03226e+02
 Pres. DC (bar) Pressure (bar)   Constr. rmsd
   -2.17058e+02   -5.38124e+02    2.84767e-05

DD  step 44999  vol min/aver 0.963  load imb.: force 10.7%

           Step           Time         Lambda
          45000       90.00000        0.00000

   Energies (kJ/mol)
          Angle    Proper Dih. Ryckaert-Bell.          LJ-14     Coulomb-14
    3.60799e+03    2.37140e+02    1.78965e+03    3.01436e+03    8.00203e+03
        LJ (SR)  Disper. corr.   Coulomb (SR)   Coul. recip. Position Rest.
    9.29845e+04   -4.49750e+03   -6.36383e+05    3.00196e+03    5.10355e+02
      Potential    Kinetic En.   Total Energy  Conserved En.    Temperature
   -5.27732e+05    8.46226e+04   -4.43110e+05   -5.10729e+05    2.98830e+02
 Pres. DC (bar) Pressure (bar)   Constr. rmsd
   -2.17058e+02   -5.73406e+02    2.72921e-05

DD  step 45499  vol min/aver 0.956  load imb.: force  3.3%

           Step           Time         Lambda
          45500       91.00000        0.00000

   Energies (kJ/mol)
          Angle    Proper Dih. Ryckaert-Bell.          LJ-14     Coulomb-14
    3.76374e+03    2.51027e+02    1.80224e+03    3.04214e+03    7.98037e+03
        LJ (SR)  Disper. corr.   Coulomb (SR)   Coul. recip. Position Rest.
    9.27983e+04   -4.49750e+03   -6.35838e+05    3.01100e+03    5.58520e+02
      Potential    Kinetic En.   Total Energy  Conserved En.    Temperature
   -5.27128e+05    8.49818e+04   -4.42147e+05   -5.10740e+05    3.00098e+02
 Pres. DC (bar) Pressure (bar)   Constr. rmsd
   -2.17058e+02   -4.45530e+02    2.63467e-05

DD  step 45999  vol min/aver 0.953  load imb.: force  5.1%

           Step           Time         Lambda
          46000       92.00000        0.00000

   Energies (kJ/mol)
          Angle    Proper Dih. Ryckaert-Bell.          LJ-14     Coulomb-14
    3.73503e+03    2.74802e+02    1.82218e+03    3.01312e+03    7.90605e+03
        LJ (SR)  Disper. corr.   Coulomb (SR)   Coul. recip. Position Rest.
    9.29403e+04   -4.49750e+03   -6.35986e+05    2.95653e+03    5.17321e+02
      Potential    Kinetic En.   Total Energy  Conserved En.    Temperature
   -5.27318e+05    8.52166e+04   -4.42102e+05   -5.10763e+05    3.00927e+02
 Pres. DC (bar) Pressure (bar)   Constr. rmsd
   -2.17058e+02   -6.10364e+02    2.75754e-05

DD  step 46499  vol min/aver 0.948  load imb.: force 10.4%

           Step           Time         Lambda
          46500       93.00000        0.00000

   Energies (kJ/mol)
          Angle    Proper Dih. Ryckaert-Bell.          LJ-14     Coulomb-14
    3.74231e+03    2.36191e+02    1.89676e+03    3.03393e+03    7.98051e+03
        LJ (SR)  Disper. corr.   Coulomb (SR)   Coul. recip. Position Rest.
    9.24120e+04   -4.49750e+03   -6.35565e+05    2.99112e+03    5.46347e+02
      Potential    Kinetic En.   Total Energy  Conserved En.    Temperature
   -5.27224e+05    8.52194e+04   -4.42004e+05   -5.10800e+05    3.00937e+02
 Pres. DC (bar) Pressure (bar)   Constr. rmsd
   -2.17058e+02   -6.55585e+02    2.51537e-05

DD  step 46999  vol min/aver 0.940  load imb.: force 12.0%

           Step           Time         Lambda
          47000       94.00000        0.00000

   Energies (kJ/mol)
          Angle    Proper Dih. Ryckaert-Bell.          LJ-14     Coulomb-14
    3.74179e+03    2.16702e+02    1.86330e+03    2.97067e+03    7.92770e+03
        LJ (SR)  Disper. corr.   Coulomb (SR)   Coul. recip. Position Rest.
    9.20655e+04   -4.49750e+03   -6.35063e+05    2.89067e+03    4.85466e+02
      Potential    Kinetic En.   Total Energy  Conserved En.    Temperature
   -5.27399e+05    8.47561e+04   -4.42643e+05   -5.10802e+05    2.99301e+02
 Pres. DC (bar) Pressure (bar)   Constr. rmsd
   -2.17058e+02   -4.42267e+02    2.72083e-05

DD  step 47499  vol min/aver 0.972  load imb.: force  3.5%

           Step           Time         Lambda
          47500       95.00000        0.00000

   Energies (kJ/mol)
          Angle    Proper Dih. Ryckaert-Bell.          LJ-14     Coulomb-14
    3.60679e+03    2.69979e+02    1.71798e+03    3.01083e+03    7.96667e+03
        LJ (SR)  Disper. corr.   Coulomb (SR)   Coul. recip. Position Rest.
    9.26615e+04   -4.49750e+03   -6.35463e+05    3.02061e+03    5.01937e+02
      Potential    Kinetic En.   Total Energy  Conserved En.    Temperature
   -5.27204e+05    8.49895e+04   -4.42215e+05   -5.10834e+05    3.00126e+02
 Pres. DC (bar) Pressure (bar)   Constr. rmsd
   -2.17058e+02   -6.60833e+02    2.85949e-05

DD  step 47999  vol min/aver 0.943  load imb.: force  7.2%

           Step           Time         Lambda
          48000       96.00000        0.00000

   Energies (kJ/mol)
          Angle    Proper Dih. Ryckaert-Bell.          LJ-14     Coulomb-14
    3.85388e+03    2.52324e+02    1.89757e+03    3.06031e+03    7.98183e+03
        LJ (SR)  Disper. corr.   Coulomb (SR)   Coul. recip. Position Rest.
    9.40193e+04   -4.49750e+03   -6.36175e+05    2.98049e+03    5.01489e+02
      Potential    Kinetic En.   Total Energy  Conserved En.    Temperature
   -5.26125e+05    8.55333e+04   -4.40592e+05   -5.10847e+05    3.02046e+02
 Pres. DC (bar) Pressure (bar)   Constr. rmsd
   -2.17058e+02   -5.76176e+02    2.87336e-05

DD  step 48499  vol min/aver 0.970  load imb.: force  1.3%

           Step           Time         Lambda
          48500       97.00000        0.00000

   Energies (kJ/mol)
          Angle    Proper Dih. Ryckaert-Bell.          LJ-14     Coulomb-14
    3.94492e+03    2.03082e+02    1.78961e+03    2.97507e+03    7.91117e+03
        LJ (SR)  Disper. corr.   Coulomb (SR)   Coul. recip. Position Rest.
    9.30271e+04   -4.49750e+03   -6.37017e+05    2.99418e+03    4.66115e+02
      Potential    Kinetic En.   Total Energy  Conserved En.    Temperature
   -5.28203e+05    8.40649e+04   -4.44138e+05   -5.10839e+05    2.96860e+02
 Pres. DC (bar) Pressure (bar)   Constr. rmsd
   -2.17058e+02   -6.19700e+02    2.77789e-05

DD  step 48999  vol min/aver 0.961  load imb.: force  1.6%

           Step           Time         Lambda
          49000       98.00000        0.00000

   Energies (kJ/mol)
          Angle    Proper Dih. Ryckaert-Bell.          LJ-14     Coulomb-14
    3.88035e+03    2.39756e+02    1.89084e+03    3.06116e+03    7.97141e+03
        LJ (SR)  Disper. corr.   Coulomb (SR)   Coul. recip. Position Rest.
    9.29253e+04   -4.49750e+03   -6.35448e+05    3.03415e+03    4.58192e+02
      Potential    Kinetic En.   Total Energy  Conserved En.    Temperature
   -5.26484e+05    8.55985e+04   -4.40886e+05   -5.10875e+05    3.02276e+02
 Pres. DC (bar) Pressure (bar)   Constr. rmsd
   -2.17058e+02   -2.38723e+02    2.75922e-05

DD  step 49499  vol min/aver 0.941  load imb.: force  4.8%

           Step           Time         Lambda
          49500       99.00000        0.00000

   Energies (kJ/mol)
          Angle    Proper Dih. Ryckaert-Bell.          LJ-14     Coulomb-14
    3.82501e+03    2.79456e+02    1.85671e+03    2.94710e+03    7.86475e+03
        LJ (SR)  Disper. corr.   Coulomb (SR)   Coul. recip. Position Rest.
    9.36542e+04   -4.49750e+03   -6.37057e+05    2.89042e+03    4.32543e+02
      Potential    Kinetic En.   Total Energy  Conserved En.    Temperature
   -5.27804e+05    8.58858e+04   -4.41919e+05   -5.10890e+05    3.03291e+02
 Pres. DC (bar) Pressure (bar)   Constr. rmsd
   -2.17058e+02   -3.26250e+02    2.86976e-05

DD  step 49999  vol min/aver 0.960  load imb.: force  1.4%

           Step           Time         Lambda
          50000      100.00000        0.00000

Writing checkpoint, step 50000 at Tue Dec 15 23:33:59 2015


   Energies (kJ/mol)
          Angle    Proper Dih. Ryckaert-Bell.          LJ-14     Coulomb-14
    3.80386e+03    2.33282e+02    1.90420e+03    2.98985e+03    7.93890e+03
        LJ (SR)  Disper. corr.   Coulomb (SR)   Coul. recip. Position Rest.
    9.28299e+04   -4.49750e+03   -6.34772e+05    2.98499e+03    5.11143e+02
      Potential    Kinetic En.   Total Energy  Conserved En.    Temperature
   -5.26073e+05    8.48524e+04   -4.41221e+05   -5.10900e+05    2.99641e+02
 Pres. DC (bar) Pressure (bar)   Constr. rmsd
   -2.17058e+02   -4.49792e+02    2.91170e-05

	<======  ###############  ==>
	<====  A V E R A G E S  ====>
	<==  ###############  ======>

	Statistics over 50001 steps using 501 frames

   Energies (kJ/mol)
          Angle    Proper Dih. Ryckaert-Bell.          LJ-14     Coulomb-14
    3.79867e+03    2.46797e+02    1.85487e+03    3.01081e+03    7.95538e+03
        LJ (SR)  Disper. corr.   Coulomb (SR)   Coul. recip. Position Rest.
    9.29165e+04   -4.49750e+03   -6.35775e+05    3.00841e+03    5.13616e+02
      Potential    Kinetic En.   Total Energy  Conserved En.    Temperature
   -5.26967e+05    8.49127e+04   -4.42054e+05   -5.10065e+05    2.99854e+02
 Pres. DC (bar) Pressure (bar)   Constr. rmsd
   -2.17058e+02   -4.29250e+02    0.00000e+00

   Total Virial (kJ/mol)
    3.28956e+04   -5.20674e+01   -1.13666e+02
   -5.26943e+01    3.27112e+04    2.32499e+02
   -1.14560e+02    2.31665e+02    3.26633e+04

   Pressure (bar)
   -4.43048e+02    6.59887e+00    9.35828e+00
    6.65930e+00   -4.23435e+02   -2.52833e+01
    9.44451e+00   -2.52030e+01   -4.21266e+02

      T-Protein  T-non-Protein
    3.00163e+02    2.99836e+02


	M E G A - F L O P S   A C C O U N T I N G

 NB=Group-cutoff nonbonded kernels    NxN=N-by-N cluster Verlet kernels
 RF=Reaction-Field  VdW=Van der Waals  QSTab=quadratic-spline table
 W3=SPC/TIP3p  W4=TIP4p (single or pairs)
 V&F=Potential and force  V=Potential only  F=Force only

 Computing:                               M-Number         M-Flops  % Flops
-----------------------------------------------------------------------------
 Pair Search distance check           28683.733334      258153.600     0.5
 NxN Ewald Elec. + LJ [F]            369835.520624    24409144.361    51.1
 NxN Ewald Elec. + LJ [V&F]            3742.797128      400479.293     0.8
 NxN Ewald Elec. [F]                 327102.666144    19953262.635    41.7
 NxN Ewald Elec. [V&F]                 3310.640792      278093.827     0.6
 1,4 nonbonded interactions             255.305106       22977.460     0.0
 Calc Weights                          5110.302204      183970.879     0.4
 Spread Q Bspline                    109019.780352      218039.561     0.5
 Gather F Bspline                    109019.780352      654118.682     1.4
 3D-FFT                              139519.590336     1116156.723     2.3
 Solve PME                               96.801936        6195.324     0.0
 Reset In Box                            85.204068         255.612     0.0
 CG-CoM                                  85.238136         255.714     0.0
 Angles                                 177.353547       29795.396     0.1
 Propers                                 21.300426        4877.798     0.0
 RB-Dihedrals                           197.503950       48783.476     0.1
 Pos. Restr.                             50.051001        2502.550     0.0
 Virial                                  17.158248         308.848     0.0
 Stop-CM                                 17.102136         171.021     0.0
 Calc-Ekin                              340.748136        9200.200     0.0
 Lincs                                  128.571784        7714.307     0.0
 Lincs-Mat                             2740.632048       10962.528     0.0
 Constraint-V                          1945.642511       15565.140     0.0
 Constraint-Vir                          18.206282         436.951     0.0
 Settle                                 562.845989      181799.254     0.4
-----------------------------------------------------------------------------
 Total                                                47813221.139   100.0
-----------------------------------------------------------------------------


    D O M A I N   D E C O M P O S I T I O N   S T A T I S T I C S

 av. #atoms communicated per step for force:  2 x 20002.2
 av. #atoms communicated per step for LINCS:  2 x 2264.0

 Average load imbalance: 6.0 %
 Part of the total run time spent waiting due to load imbalance: 2.8 %
 Steps where the load balancing was limited by -rdd, -rcon and/or -dds: X 0 %


     R E A L   C Y C L E   A N D   T I M E   A C C O U N T I N G

On 4 MPI ranks

 Computing:          Num   Num      Call    Wall time         Giga-Cycles
                     Ranks Threads  Count      (s)         total sum    %
-----------------------------------------------------------------------------
 Domain decomp.         4    1       2501      21.507        266.678   1.5
 DD comm. load          4    1       2405       0.713          8.836   0.0
 DD comm. bounds        4    1       2401       0.741          9.187   0.1
 Neighbor search        4    1       2501      48.297        598.874   3.3
 Comm. coord.           4    1      47500      86.085       1067.428   5.8
 Force                  4    1      50001     754.031       9349.793  51.0
 Wait + Comm. F         4    1      50001      10.925        135.466   0.7
 PME mesh               4    1      50001     461.164       5718.322  31.2
 NB X/F buffer ops.     4    1     145001       7.305         90.582   0.5
 Write traj.            4    1        102       0.775          9.611   0.1
 Update                 4    1      50001      10.322        127.991   0.7
 Constraints            4    1      50001      68.516        849.577   4.6
 Comm. energies         4    1       5001       3.021         37.457   0.2
 Rest                                           3.836         47.563   0.3
-----------------------------------------------------------------------------
 Total                                       1477.236      18317.366 100.0
-----------------------------------------------------------------------------
 Breakdown of PME mesh computation
-----------------------------------------------------------------------------
 PME redist. X/F        4    1     100002     247.317       3066.675  16.7
 PME spread/gather      4    1     100002     144.978       1797.689   9.8
 PME 3D-FFT             4    1     100002      31.228        387.221   2.1
 PME 3D-FFT Comm.       4    1     100002      32.010        396.913   2.2
 PME solve Elec         4    1      50001       5.465         67.764   0.4
-----------------------------------------------------------------------------

               Core t (s)   Wall t (s)        (%)
       Time:     5908.946     1477.236      400.0
                 (ns/day)    (hour/ns)
Performance:        5.849        4.103
Finished mdrun on rank 0 Tue Dec 15 23:33:59 2015
