Log file opened on Sat Jan  2 18:39:01 2016
Host: xiaoyideMacBook-Pro.local  pid: 58642  rank ID: 0  number of ranks:  1
GROMACS:    gmx mdrun, VERSION 5.0.6

GROMACS is written by:
Emile Apol         Rossen Apostolov   Herman J.C. Berendsen Par Bjelkmar       
Aldert van Buuren  Rudi van Drunen    Anton Feenstra     Sebastian Fritsch  
Gerrit Groenhof    Christoph Junghans Peter Kasson       Carsten Kutzner    
Per Larsson        Justin A. Lemkul   Magnus Lundborg    Pieter Meulenhoff  
Erik Marklund      Teemu Murtola      Szilard Pall       Sander Pronk       
Roland Schulz      Alexey Shvetsov    Michael Shirts     Alfons Sijbers     
Peter Tieleman     Christian Wennberg Maarten Wolf       
and the project leaders:
Mark Abraham, Berk Hess, Erik Lindahl, and David van der Spoel

Copyright (c) 1991-2000, University of Groningen, The Netherlands.
Copyright (c) 2001-2014, The GROMACS development team at
Uppsala University, Stockholm University and
the Royal Institute of Technology, Sweden.
check out http://www.gromacs.org for more information.

GROMACS is free software; you can redistribute it and/or modify it
under the terms of the GNU Lesser General Public License
as published by the Free Software Foundation; either version 2.1
of the License, or (at your option) any later version.

GROMACS:      gmx mdrun, VERSION 5.0.6
Executable:   /usr/local/bin/../Cellar/gromacs/5.0.6/bin/gmx
Library dir:  /usr/local/bin/../Cellar/gromacs/5.0.6/share/gromacs/top
Command line:
  gmx mdrun -deffnm npt

Gromacs version:    VERSION 5.0.6
Precision:          single
Memory model:       64 bit
MPI library:        thread_mpi
OpenMP support:     disabled
GPU support:        disabled
invsqrt routine:    gmx_software_invsqrt(x)
SIMD instructions:  AVX_256
FFT library:        fftw-3.3.4-sse2
RDTSCP usage:       enabled
C++11 compilation:  enabled
TNG support:        enabled
Tracing support:    disabled
Built on:           Fri Aug  7 06:21:30 PDT 2015
Built by:           brew@yosemitevm.local [CMAKE]
Build OS/arch:      Darwin 14.4.0 x86_64
Build CPU vendor:   GenuineIntel
Build CPU brand:    Intel(R) Core(TM) i7-3720QM CPU @ 2.60GHz
Build CPU family:   6   Model: 58   Stepping: 9
Build CPU features: aes apic avx clfsh cmov cx8 cx16 f16c lahf_lm mmx msr nonstop_tsc pcid pclmuldq popcnt pse rdrnd rdtscp sse2 sse3 sse4.1 sse4.2 ssse3 tdt x2apic
C compiler:         /usr/local/Library/ENV/4.3/clang Clang 6.1.0.6020053
C compiler flags:    -mavx    -Wall -Wno-unused -Wunused-value -Wunused-parameter -Wno-unknown-pragmas    
C++ compiler:       /usr/local/Library/ENV/4.3/clang++ Clang 6.1.0.6020053
C++ compiler flags:  -mavx   -std=c++0x  -Wextra -Wno-missing-field-initializers -Wpointer-arith -Wall -Wno-unused-function -Wno-unknown-pragmas    
Boost version:      1.55.0 (internal)



++++ PLEASE READ AND CITE THE FOLLOWING REFERENCE ++++
S. Páll, M. J. Abraham, C. Kutzner, B. Hess, E. Lindahl
Tackling Exascale Software Challenges in Molecular Dynamics Simulations with
GROMACS
In S. Markidis & E. Laure (Eds.), Solving Software Challenges for Exascale 8759 (2015) pp. 3–27
-------- -------- --- Thank You --- -------- --------


++++ PLEASE READ AND CITE THE FOLLOWING REFERENCE ++++
S. Pronk, S. Páll, R. Schulz, P. Larsson, P. Bjelkmar, R. Apostolov, M. R.
Shirts, J. C. Smith, P. M. Kasson, D. van der Spoel, B. Hess, and E. Lindahl
GROMACS 4.5: a high-throughput and highly parallel open source molecular
simulation toolkit
Bioinformatics 29 (2013) pp. 845-54
-------- -------- --- Thank You --- -------- --------


++++ PLEASE READ AND CITE THE FOLLOWING REFERENCE ++++
B. Hess and C. Kutzner and D. van der Spoel and E. Lindahl
GROMACS 4: Algorithms for highly efficient, load-balanced, and scalable
molecular simulation
J. Chem. Theory Comput. 4 (2008) pp. 435-447
-------- -------- --- Thank You --- -------- --------


++++ PLEASE READ AND CITE THE FOLLOWING REFERENCE ++++
D. van der Spoel, E. Lindahl, B. Hess, G. Groenhof, A. E. Mark and H. J. C.
Berendsen
GROMACS: Fast, Flexible and Free
J. Comp. Chem. 26 (2005) pp. 1701-1719
-------- -------- --- Thank You --- -------- --------


++++ PLEASE READ AND CITE THE FOLLOWING REFERENCE ++++
E. Lindahl and B. Hess and D. van der Spoel
GROMACS 3.0: A package for molecular simulation and trajectory analysis
J. Mol. Mod. 7 (2001) pp. 306-317
-------- -------- --- Thank You --- -------- --------


++++ PLEASE READ AND CITE THE FOLLOWING REFERENCE ++++
H. J. C. Berendsen, D. van der Spoel and R. van Drunen
GROMACS: A message-passing parallel molecular dynamics implementation
Comp. Phys. Comm. 91 (1995) pp. 43-56
-------- -------- --- Thank You --- -------- --------

Changing nstlist from 5 to 20, rlist from 1.2 to 1.228

Input Parameters:
   integrator                     = md
   tinit                          = 0
   dt                             = 0.002
   nsteps                         = 5000
   init-step                      = 0
   simulation-part                = 1
   comm-mode                      = Linear
   nstcomm                        = 100
   bd-fric                        = 0
   ld-seed                        = 316956822
   emtol                          = 10
   emstep                         = 0.01
   niter                          = 20
   fcstep                         = 0
   nstcgsteep                     = 1000
   nbfgscorr                      = 10
   rtpi                           = 0.05
   nstxout                        = 100
   nstvout                        = 100
   nstfout                        = 0
   nstlog                         = 100
   nstcalcenergy                  = 100
   nstenergy                      = 100
   nstxout-compressed             = 0
   compressed-x-precision         = 1000
   cutoff-scheme                  = Verlet
   nstlist                        = 20
   ns-type                        = Grid
   pbc                            = xyz
   periodic-molecules             = FALSE
   verlet-buffer-tolerance        = 0.005
   rlist                          = 1.228
   rlistlong                      = 1.228
   nstcalclr                      = 5
   coulombtype                    = PME
   coulomb-modifier               = Potential-shift
   rcoulomb-switch                = 0
   rcoulomb                       = 1.2
   epsilon-r                      = 1
   epsilon-rf                     = inf
   vdw-type                       = Cut-off
   vdw-modifier                   = Potential-shift
   rvdw-switch                    = 0
   rvdw                           = 1.2
   DispCorr                       = EnerPres
   table-extension                = 1
   fourierspacing                 = 0.16
   fourier-nx                     = 224
   fourier-ny                     = 224
   fourier-nz                     = 224
   pme-order                      = 4
   ewald-rtol                     = 1e-05
   ewald-rtol-lj                  = 0.001
   lj-pme-comb-rule               = Geometric
   ewald-geometry                 = 0
   epsilon-surface                = 0
   implicit-solvent               = No
   gb-algorithm                   = Still
   nstgbradii                     = 1
   rgbradii                       = 1
   gb-epsilon-solvent             = 80
   gb-saltconc                    = 0
   gb-obc-alpha                   = 1
   gb-obc-beta                    = 0.8
   gb-obc-gamma                   = 4.85
   gb-dielectric-offset           = 0.009
   sa-algorithm                   = Ace-approximation
   sa-surface-tension             = 2.05016
   tcoupl                         = Nose-Hoover
   nsttcouple                     = 5
   nh-chain-length                = 1
   print-nose-hoover-chain-variables = FALSE
   pcoupl                         = Parrinello-Rahman
   pcoupltype                     = Semiisotropic
   nstpcouple                     = 5
   tau-p                          = 5
   compressibility (3x3):
      compressibility[    0]={ 4.50000e-05,  0.00000e+00,  0.00000e+00}
      compressibility[    1]={ 0.00000e+00,  4.50000e-05,  0.00000e+00}
      compressibility[    2]={ 0.00000e+00,  0.00000e+00,  4.50000e-05}
   ref-p (3x3):
      ref-p[    0]={ 1.00000e+00,  0.00000e+00,  0.00000e+00}
      ref-p[    1]={ 0.00000e+00,  1.00000e+00,  0.00000e+00}
      ref-p[    2]={ 0.00000e+00,  0.00000e+00,  1.00000e+00}
   refcoord-scaling               = COM
   posres-com (3):
      posres-com[0]= 4.97213e-01
      posres-com[1]= 4.81091e-01
      posres-com[2]= 5.01640e-01
   posres-comB (3):
      posres-comB[0]= 4.97213e-01
      posres-comB[1]= 4.81091e-01
      posres-comB[2]= 5.01640e-01
   QMMM                           = FALSE
   QMconstraints                  = 0
   QMMMscheme                     = 0
   MMChargeScaleFactor            = 1
qm-opts:
   ngQM                           = 0
   constraint-algorithm           = Lincs
   continuation                   = TRUE
   Shake-SOR                      = FALSE
   shake-tol                      = 0.0001
   lincs-order                    = 4
   lincs-iter                     = 1
   lincs-warnangle                = 30
   nwall                          = 0
   wall-type                      = 9-3
   wall-r-linpot                  = -1
   wall-atomtype[0]               = -1
   wall-atomtype[1]               = -1
   wall-density[0]                = 0
   wall-density[1]                = 0
   wall-ewald-zfac                = 3
   pull                           = no
   rotation                       = FALSE
   interactiveMD                  = FALSE
   disre                          = No
   disre-weighting                = Conservative
   disre-mixed                    = FALSE
   dr-fc                          = 1000
   dr-tau                         = 0
   nstdisreout                    = 100
   orire-fc                       = 0
   orire-tau                      = 0
   nstorireout                    = 100
   free-energy                    = no
   cos-acceleration               = 0
   deform (3x3):
      deform[    0]={ 0.00000e+00,  0.00000e+00,  0.00000e+00}
      deform[    1]={ 0.00000e+00,  0.00000e+00,  0.00000e+00}
      deform[    2]={ 0.00000e+00,  0.00000e+00,  0.00000e+00}
   simulated-tempering            = FALSE
   E-x:
      n = 0
   E-xt:
      n = 0
   E-y:
      n = 0
   E-yt:
      n = 0
   E-z:
      n = 0
   E-zt:
      n = 0
   swapcoords                     = no
   adress                         = FALSE
   userint1                       = 0
   userint2                       = 0
   userint3                       = 0
   userint4                       = 0
   userreal1                      = 0
   userreal2                      = 0
   userreal3                      = 0
   userreal4                      = 0
grpopts:
   nrdf:     276.936     12723.1  6.22125e+06
   ref-t:         323         323         323
   tau-t:         0.5         0.5         0.5
annealing:          No          No          No
annealing-npoints:           0           0           0
   acc:	           0           0           0
   nfreeze:           N           N           N
   energygrp-flags[  0]: 0

Initializing Domain Decomposition on 4 ranks
Dynamic load balancing: auto
Will sort the charge groups at every domain (re)decomposition
Initial maximum inter charge-group distances:
    two-body bonded interactions: 0.406 nm, LJ-14, atoms 743 746
  multi-body bonded interactions: 0.406 nm, Ryckaert-Bell., atoms 755 758
Minimum cell size due to bonded interactions: 0.446 nm
Maximum distance for 5 constraints, at 120 deg. angles, all-trans: 0.771 nm
Estimated maximum distance required for P-LINCS: 0.771 nm
This distance will limit the DD cell size, you can override this with -rcon
Using 0 separate PME ranks, as there are too few total
 ranks for efficient splitting
Scaling the initial minimum size with 1/0.8 (option -dds) = 1.25
Optimizing the DD grid for 4 cells with a minimum initial size of 0.964 nm
The maximum allowed number of cells is: X 30 Y 30 Z 25
Domain decomposition grid 4 x 1 x 1, separate PME ranks 0
PME domain decomposition: 4 x 1 x 1
Domain decomposition rank 0, coordinates 0 0 0

Using 4 MPI threads

Detecting CPU SIMD instructions.
Present hardware specification:
Vendor: GenuineIntel
Brand:  Intel(R) Core(TM) i7-5557U CPU @ 3.10GHz
Family:  6  Model: 61  Stepping:  4
Features: aes apic avx avx2 clfsh cmov cx8 cx16 f16c fma htt lahf_lm mmx msr nonstop_tsc pcid pclmuldq pdcm pdpe1gb popcnt pse rdrnd rdtscp sse2 sse3 sse4.1 sse4.2 ssse3 tdt x2apic
SIMD instructions most likely to fit this hardware: AVX2_256
SIMD instructions selected at GROMACS compile time: AVX_256


Binary not matching hardware - you might be losing performance.
SIMD instructions most likely to fit this hardware: AVX2_256
SIMD instructions selected at GROMACS compile time: AVX_256

Will do PME sum in reciprocal space for electrostatic interactions.

++++ PLEASE READ AND CITE THE FOLLOWING REFERENCE ++++
U. Essmann, L. Perera, M. L. Berkowitz, T. Darden, H. Lee and L. G. Pedersen 
A smooth particle mesh Ewald method
J. Chem. Phys. 103 (1995) pp. 8577-8592
-------- -------- --- Thank You --- -------- --------

Will do ordinary reciprocal space Ewald sum.
Using a Gaussian width (1/beta) of 0.384195 nm for Ewald
Cut-off's:   NS: 1.228   Coulomb: 1.2   LJ: 1.2
Long Range LJ corr.: <C6> 2.9481e-04
System total charge: 0.000
Generated table with 1114 data points for Ewald.
Tabscale = 500 points/nm
Generated table with 1114 data points for LJ6.
Tabscale = 500 points/nm
Generated table with 1114 data points for LJ12.
Tabscale = 500 points/nm
Generated table with 1114 data points for 1-4 COUL.
Tabscale = 500 points/nm
Generated table with 1114 data points for 1-4 LJ6.
Tabscale = 500 points/nm
Generated table with 1114 data points for 1-4 LJ12.
Tabscale = 500 points/nm

Using AVX_256 4x4 non-bonded kernels

Using full Lennard-Jones parameter combination matrix

Potential shift: LJ r^-12: -1.122e-01 r^-6: -3.349e-01, Ewald -1.000e-05
Initialized non-bonded Ewald correction tables, spacing: 1.02e-03 size: 2181


Initializing Parallel LINear Constraint Solver

++++ PLEASE READ AND CITE THE FOLLOWING REFERENCE ++++
B. Hess
P-LINCS: A Parallel Linear Constraint Solver for molecular simulation
J. Chem. Theory Comput. 4 (2008) pp. 116-122
-------- -------- --- Thank You --- -------- --------

The number of constraints is 6311
There are inter charge-group constraints,
will communicate selected coordinates each lincs iteration

++++ PLEASE READ AND CITE THE FOLLOWING REFERENCE ++++
S. Miyamoto and P. A. Kollman
SETTLE: An Analytical Version of the SHAKE and RATTLE Algorithms for Rigid
Water Models
J. Comp. Chem. 13 (1992) pp. 952-962
-------- -------- --- Thank You --- -------- --------


Linking all bonded interactions to atoms
There are 3131221 inter charge-group exclusions,
will use an extra communication step for exclusion forces for PME

The initial number of communication pulses is: X 1
The initial domain decomposition cell size is: X 7.23 nm

The maximum allowed distance for charge groups involved in interactions is:
                 non-bonded interactions           1.228 nm
(the following are initial values, they could change due to box deformation)
            two-body bonded interactions  (-rdd)   1.228 nm
          multi-body bonded interactions  (-rdd)   1.228 nm
  atoms separated by up to 5 constraints  (-rcon)  7.232 nm

When dynamic load balancing gets turned on, these settings will change to:
The maximum number of communication pulses is: X 1
The minimum size for domain decomposition cells is 1.228 nm
The requested allowed shrink of DD cells (option -dds) is: 0.80
The allowed shrink of domain decomposition cells is: X 0.17
The maximum allowed distance for charge groups involved in interactions is:
                 non-bonded interactions           1.228 nm
            two-body bonded interactions  (-rdd)   1.228 nm
          multi-body bonded interactions  (-rdd)   1.228 nm
  atoms separated by up to 5 constraints  (-rcon)  1.228 nm


Making 1D domain decomposition grid 4 x 1 x 1, home cell index 0 0 0

Center of mass motion removal mode is Linear
We have the following groups for center of mass motion removal:
  0:  Protein_DPPC
  1:  SOL_CL
There are: 3117061 Atoms
Charge group distribution at step 0: 779167 777844 779752 780298
Initial temperature: 323.324 K

Started mdrun on rank 0 Sat Jan  2 18:39:06 2016
           Step           Time         Lambda
              0        0.00000        0.00000

   Energies (kJ/mol)
          Angle       G96Angle    Proper Dih. Ryckaert-Bell.  Improper Dih.
    1.42146e+04    2.38490e+02    4.33185e+03    7.69135e+03    5.54808e+02
          LJ-14     Coulomb-14        LJ (SR)  Disper. corr.   Coulomb (SR)
    4.16447e+03    1.46243e+04    7.17724e+06   -2.20601e+05   -4.91725e+07
   Coul. recip. Position Rest.      Potential    Kinetic En.   Total Energy
    1.49181e+05    1.39786e-02   -4.20209e+07    8.37956e+06   -3.36413e+07
    Temperature Pres. DC (bar) Pressure (bar)   Constr. rmsd
    3.23318e+02   -1.16546e+02    6.64855e+02    1.03715e-05

DD  step 19 load imb.: force  0.5%

DD  step 99 load imb.: force  0.7%

           Step           Time         Lambda
            100        0.20000        0.00000

   Energies (kJ/mol)
          Angle       G96Angle    Proper Dih. Ryckaert-Bell.  Improper Dih.
    1.41403e+04    2.11444e+02    4.28005e+03    7.34371e+03    4.92813e+02
          LJ-14     Coulomb-14        LJ (SR)  Disper. corr.   Coulomb (SR)
    4.29471e+03    1.46563e+04    7.15057e+06   -2.20403e+05   -4.91490e+07
   Coul. recip. Position Rest.      Potential    Kinetic En.   Total Energy
    1.49868e+05    5.85373e+01   -4.20235e+07    8.36436e+06   -3.36591e+07
    Temperature Pres. DC (bar) Pressure (bar)   Constr. rmsd
    3.22732e+02   -1.16338e+02    5.99212e+02    1.03703e-05

DD  step 199 load imb.: force  0.4%

           Step           Time         Lambda
            200        0.40000        0.00000

   Energies (kJ/mol)
          Angle       G96Angle    Proper Dih. Ryckaert-Bell.  Improper Dih.
    1.44373e+04    2.64053e+02    4.29637e+03    7.59864e+03    5.34868e+02
          LJ-14     Coulomb-14        LJ (SR)  Disper. corr.   Coulomb (SR)
    4.31119e+03    1.40603e+04    7.10987e+06   -2.19856e+05   -4.90854e+07
   Coul. recip. Position Rest.      Potential    Kinetic En.   Total Energy
    1.50695e+05    6.07914e+01   -4.19991e+07    8.37814e+06   -3.36210e+07
    Temperature Pres. DC (bar) Pressure (bar)   Constr. rmsd
    3.23264e+02   -1.15761e+02    5.07268e+02    1.06390e-05

Writing checkpoint, step 280 at Sat Jan  2 18:54:35 2016


DD  step 299 load imb.: force  0.4%

           Step           Time         Lambda
            300        0.60000        0.00000

   Energies (kJ/mol)
          Angle       G96Angle    Proper Dih. Ryckaert-Bell.  Improper Dih.
    1.41533e+04    2.70080e+02    4.35913e+03    7.51793e+03    4.69030e+02
          LJ-14     Coulomb-14        LJ (SR)  Disper. corr.   Coulomb (SR)
    4.31943e+03    1.42598e+04    7.04836e+06   -2.19020e+05   -4.89777e+07
   Coul. recip. Position Rest.      Potential    Kinetic En.   Total Energy
    1.50534e+05    6.82655e+01   -4.19525e+07    8.37818e+06   -3.35743e+07
    Temperature Pres. DC (bar) Pressure (bar)   Constr. rmsd
    3.23265e+02   -1.14883e+02    3.62955e+02    1.05120e-05

DD  step 399 load imb.: force  0.6%

           Step           Time         Lambda
            400        0.80000        0.00000

   Energies (kJ/mol)
          Angle       G96Angle    Proper Dih. Ryckaert-Bell.  Improper Dih.
    1.39264e+04    2.24224e+02    4.21369e+03    7.35399e+03    5.37320e+02
          LJ-14     Coulomb-14        LJ (SR)  Disper. corr.   Coulomb (SR)
    4.23221e+03    1.43659e+04    7.00599e+06   -2.17975e+05   -4.88802e+07
   Coul. recip. Position Rest.      Potential    Kinetic En.   Total Energy
    1.52028e+05    7.05955e+01   -4.18953e+07    8.37144e+06   -3.35238e+07
    Temperature Pres. DC (bar) Pressure (bar)   Constr. rmsd
    3.23005e+02   -1.13790e+02    2.54911e+02    1.09292e-05

DD  step 499 load imb.: force  0.3%

           Step           Time         Lambda
            500        1.00000        0.00000

   Energies (kJ/mol)
          Angle       G96Angle    Proper Dih. Ryckaert-Bell.  Improper Dih.
    1.39813e+04    2.42234e+02    4.29305e+03    7.09720e+03    4.91828e+02
          LJ-14     Coulomb-14        LJ (SR)  Disper. corr.   Coulomb (SR)
    4.24020e+03    1.41977e+04    6.96835e+06   -2.16800e+05   -4.87990e+07
   Coul. recip. Position Rest.      Potential    Kinetic En.   Total Energy
    1.52933e+05    6.88901e+01   -4.18499e+07    8.37735e+06   -3.34725e+07
    Temperature Pres. DC (bar) Pressure (bar)   Constr. rmsd
    3.23233e+02   -1.12568e+02    1.36506e+02    1.05920e-05

Writing checkpoint, step 560 at Sat Jan  2 19:09:52 2016


DD  step 599 load imb.: force  0.6%

           Step           Time         Lambda
            600        1.20000        0.00000

   Energies (kJ/mol)
          Angle       G96Angle    Proper Dih. Ryckaert-Bell.  Improper Dih.
    1.37557e+04    2.34069e+02    4.26373e+03    7.15824e+03    5.13009e+02
          LJ-14     Coulomb-14        LJ (SR)  Disper. corr.   Coulomb (SR)
    4.20691e+03    1.43379e+04    6.92333e+06   -2.15564e+05   -4.86967e+07
   Coul. recip. Position Rest.      Potential    Kinetic En.   Total Energy
    1.53383e+05    7.55668e+01   -4.17910e+07    8.37598e+06   -3.34150e+07
    Temperature Pres. DC (bar) Pressure (bar)   Constr. rmsd
    3.23180e+02   -1.11288e+02    6.86846e+00    1.03898e-05

DD  step 699 load imb.: force  0.3%

           Step           Time         Lambda
            700        1.40000        0.00000

   Energies (kJ/mol)
          Angle       G96Angle    Proper Dih. Ryckaert-Bell.  Improper Dih.
    1.39412e+04    2.43558e+02    4.38368e+03    7.37701e+03    5.22710e+02
          LJ-14     Coulomb-14        LJ (SR)  Disper. corr.   Coulomb (SR)
    4.28127e+03    1.42262e+04    6.87702e+06   -2.14338e+05   -4.85896e+07
   Coul. recip. Position Rest.      Potential    Kinetic En.   Total Energy
    1.54743e+05    6.44537e+01   -4.17272e+07    8.37580e+06   -3.33514e+07
    Temperature Pres. DC (bar) Pressure (bar)   Constr. rmsd
    3.23173e+02   -1.10027e+02   -1.10935e+02    1.04159e-05

DD  step 799 load imb.: force  0.4%

           Step           Time         Lambda
            800        1.60000        0.00000

   Energies (kJ/mol)
          Angle       G96Angle    Proper Dih. Ryckaert-Bell.  Improper Dih.
    1.40998e+04    2.43957e+02    4.28379e+03    7.22401e+03    4.67136e+02
          LJ-14     Coulomb-14        LJ (SR)  Disper. corr.   Coulomb (SR)
    4.29927e+03    1.41863e+04    6.86322e+06   -2.13185e+05   -4.85405e+07
   Coul. recip. Position Rest.      Potential    Kinetic En.   Total Energy
    1.55090e+05    6.69556e+01   -4.16905e+07    8.37630e+06   -3.33142e+07
    Temperature Pres. DC (bar) Pressure (bar)   Constr. rmsd
    3.23193e+02   -1.08847e+02   -1.80994e+02    1.03090e-05

Writing checkpoint, step 840 at Sat Jan  2 19:25:01 2016


DD  step 899 load imb.: force  0.2%

           Step           Time         Lambda
            900        1.80000        0.00000

   Energies (kJ/mol)
          Angle       G96Angle    Proper Dih. Ryckaert-Bell.  Improper Dih.
    1.42151e+04    2.73731e+02    4.18167e+03    7.23867e+03    5.45939e+02
          LJ-14     Coulomb-14        LJ (SR)  Disper. corr.   Coulomb (SR)
    4.37492e+03    1.38625e+04    6.85960e+06   -2.12147e+05   -4.84898e+07
   Coul. recip. Position Rest.      Potential    Kinetic En.   Total Energy
    1.56602e+05    7.42470e+01   -4.16410e+07    8.36399e+06   -3.32770e+07
    Temperature Pres. DC (bar) Pressure (bar)   Constr. rmsd
    3.22718e+02   -1.07790e+02   -2.24600e+02    1.03085e-05

DD  step 999 load imb.: force  0.4%

           Step           Time         Lambda
           1000        2.00000        0.00000

   Energies (kJ/mol)
          Angle       G96Angle    Proper Dih. Ryckaert-Bell.  Improper Dih.
    1.39041e+04    2.18318e+02    4.30499e+03    7.32726e+03    5.04669e+02
          LJ-14     Coulomb-14        LJ (SR)  Disper. corr.   Coulomb (SR)
    4.21133e+03    1.46722e+04    6.83609e+06   -2.11252e+05   -4.84251e+07
   Coul. recip. Position Rest.      Potential    Kinetic En.   Total Energy
    1.56904e+05    5.57807e+01   -4.15982e+07    8.37535e+06   -3.32228e+07
    Temperature Pres. DC (bar) Pressure (bar)   Constr. rmsd
    3.23156e+02   -1.06884e+02   -2.91663e+02    1.02518e-05

DD  step 1099 load imb.: force  0.3%

           Step           Time         Lambda
           1100        2.20000        0.00000

   Energies (kJ/mol)
          Angle       G96Angle    Proper Dih. Ryckaert-Bell.  Improper Dih.
    1.39030e+04    2.06074e+02    4.34114e+03    7.31365e+03    4.74538e+02
          LJ-14     Coulomb-14        LJ (SR)  Disper. corr.   Coulomb (SR)
    4.19160e+03    1.42665e+04    6.83186e+06   -2.10528e+05   -4.83961e+07
   Coul. recip. Position Rest.      Potential    Kinetic En.   Total Energy
    1.57446e+05    7.80579e+01   -4.15725e+07    8.36673e+06   -3.32058e+07
    Temperature Pres. DC (bar) Pressure (bar)   Constr. rmsd
    3.22824e+02   -1.06153e+02   -3.30054e+02    1.03803e-05

Writing checkpoint, step 1120 at Sat Jan  2 19:39:58 2016


DD  step 1199 load imb.: force  0.2%

           Step           Time         Lambda
           1200        2.40000        0.00000

   Energies (kJ/mol)
          Angle       G96Angle    Proper Dih. Ryckaert-Bell.  Improper Dih.
    1.38186e+04    2.45441e+02    4.29875e+03    7.24259e+03    5.05039e+02
          LJ-14     Coulomb-14        LJ (SR)  Disper. corr.   Coulomb (SR)
    4.27304e+03    1.43517e+04    6.84366e+06   -2.09990e+05   -4.83916e+07
   Coul. recip. Position Rest.      Potential    Kinetic En.   Total Energy
    1.57977e+05    7.91446e+01   -4.15552e+07    8.37698e+06   -3.31782e+07
    Temperature Pres. DC (bar) Pressure (bar)   Constr. rmsd
    3.23219e+02   -1.05612e+02   -3.27400e+02    1.05984e-05

DD  step 1299 load imb.: force  0.6%

           Step           Time         Lambda
           1300        2.60000        0.00000

   Energies (kJ/mol)
          Angle       G96Angle    Proper Dih. Ryckaert-Bell.  Improper Dih.
    1.39012e+04    2.39660e+02    4.19982e+03    7.39093e+03    5.43257e+02
          LJ-14     Coulomb-14        LJ (SR)  Disper. corr.   Coulomb (SR)
    4.22926e+03    1.41413e+04    6.84859e+06   -2.09640e+05   -4.83798e+07
   Coul. recip. Position Rest.      Potential    Kinetic En.   Total Energy
    1.58108e+05    5.88345e+01   -4.15381e+07    8.36876e+06   -3.31693e+07
    Temperature Pres. DC (bar) Pressure (bar)   Constr. rmsd
    3.22902e+02   -1.05260e+02   -3.29977e+02    1.06284e-05

DD  step 1399 load imb.: force  0.4%

           Step           Time         Lambda
           1400        2.80000        0.00000

Writing checkpoint, step 1400 at Sat Jan  2 19:54:53 2016


   Energies (kJ/mol)
          Angle       G96Angle    Proper Dih. Ryckaert-Bell.  Improper Dih.
    1.42276e+04    2.19396e+02    4.19591e+03    7.43770e+03    5.64518e+02
          LJ-14     Coulomb-14        LJ (SR)  Disper. corr.   Coulomb (SR)
    4.07508e+03    1.40318e+04    6.86040e+06   -2.09480e+05   -4.83930e+07
   Coul. recip. Position Rest.      Potential    Kinetic En.   Total Energy
    1.58419e+05    1.25763e+02   -4.15388e+07    8.36571e+06   -3.31731e+07
    Temperature Pres. DC (bar) Pressure (bar)   Constr. rmsd
    3.22784e+02   -1.05099e+02   -3.20331e+02    1.08526e-05

DD  step 1499 load imb.: force  0.1%

           Step           Time         Lambda
           1500        3.00000        0.00000

   Energies (kJ/mol)
          Angle       G96Angle    Proper Dih. Ryckaert-Bell.  Improper Dih.
    1.42962e+04    2.62994e+02    4.27061e+03    7.53052e+03    4.88838e+02
          LJ-14     Coulomb-14        LJ (SR)  Disper. corr.   Coulomb (SR)
    4.32381e+03    1.38786e+04    6.88123e+06   -2.09503e+05   -4.84204e+07
   Coul. recip. Position Rest.      Potential    Kinetic En.   Total Energy
    1.58517e+05    8.40032e+01   -4.15451e+07    8.37348e+06   -3.31716e+07
    Temperature Pres. DC (bar) Pressure (bar)   Constr. rmsd
    3.23084e+02   -1.05123e+02   -2.84350e+02    1.02699e-05

DD  step 1599 load imb.: force  0.2%

           Step           Time         Lambda
           1600        3.20000        0.00000

   Energies (kJ/mol)
          Angle       G96Angle    Proper Dih. Ryckaert-Bell.  Improper Dih.
    1.40020e+04    2.48486e+02    4.25829e+03    7.31496e+03    5.43221e+02
          LJ-14     Coulomb-14        LJ (SR)  Disper. corr.   Coulomb (SR)
    4.16927e+03    1.41135e+04    6.89566e+06   -2.09690e+05   -4.84491e+07
   Coul. recip. Position Rest.      Potential    Kinetic En.   Total Energy
    1.58082e+05    7.17357e+01   -4.15603e+07    8.36699e+06   -3.31934e+07
    Temperature Pres. DC (bar) Pressure (bar)   Constr. rmsd
    3.22833e+02   -1.05310e+02   -2.58843e+02    1.06207e-05

Writing checkpoint, step 1680 at Sat Jan  2 20:09:44 2016


DD  step 1699 load imb.: force  0.4%

           Step           Time         Lambda
           1700        3.40000        0.00000

   Energies (kJ/mol)
          Angle       G96Angle    Proper Dih. Ryckaert-Bell.  Improper Dih.
    1.38828e+04    2.52046e+02    4.26764e+03    7.40971e+03    5.70339e+02
          LJ-14     Coulomb-14        LJ (SR)  Disper. corr.   Coulomb (SR)
    4.39888e+03    1.42858e+04    6.91962e+06   -2.10022e+05   -4.84944e+07
   Coul. recip. Position Rest.      Potential    Kinetic En.   Total Energy
    1.58764e+05    6.11996e+01   -4.15809e+07    8.37632e+06   -3.32046e+07
    Temperature Pres. DC (bar) Pressure (bar)   Constr. rmsd
    3.23193e+02   -1.05644e+02   -2.02623e+02    1.05656e-05

DD  step 1799 load imb.: force  0.5%

           Step           Time         Lambda
           1800        3.60000        0.00000

   Energies (kJ/mol)
          Angle       G96Angle    Proper Dih. Ryckaert-Bell.  Improper Dih.
    1.38855e+04    2.16594e+02    4.27469e+03    7.53622e+03    4.88137e+02
          LJ-14     Coulomb-14        LJ (SR)  Disper. corr.   Coulomb (SR)
    4.16029e+03    1.45158e+04    6.93991e+06   -2.10475e+05   -4.85419e+07
   Coul. recip. Position Rest.      Potential    Kinetic En.   Total Energy
    1.57170e+05    9.19718e+01   -4.16101e+07    8.36819e+06   -3.32419e+07
    Temperature Pres. DC (bar) Pressure (bar)   Constr. rmsd
    3.22880e+02   -1.06100e+02   -1.62375e+02    1.07689e-05

DD  step 1899 load imb.: force  0.6%

           Step           Time         Lambda
           1900        3.80000        0.00000

   Energies (kJ/mol)
          Angle       G96Angle    Proper Dih. Ryckaert-Bell.  Improper Dih.
    1.41235e+04    2.24142e+02    4.22548e+03    7.48237e+03    4.78077e+02
          LJ-14     Coulomb-14        LJ (SR)  Disper. corr.   Coulomb (SR)
    4.21030e+03    1.42580e+04    6.97118e+06   -2.11022e+05   -4.85929e+07
   Coul. recip. Position Rest.      Potential    Kinetic En.   Total Energy
    1.57468e+05    7.92247e+01   -4.16302e+07    8.37532e+06   -3.32549e+07
    Temperature Pres. DC (bar) Pressure (bar)   Constr. rmsd
    3.23155e+02   -1.06651e+02   -9.24397e+01    1.04317e-05

Writing checkpoint, step 1960 at Sat Jan  2 20:24:40 2016


DD  step 1999 load imb.: force  0.3%

           Step           Time         Lambda
           2000        4.00000        0.00000

   Energies (kJ/mol)
          Angle       G96Angle    Proper Dih. Ryckaert-Bell.  Improper Dih.
    1.40656e+04    1.85619e+02    4.20518e+03    7.36812e+03    4.95493e+02
          LJ-14     Coulomb-14        LJ (SR)  Disper. corr.   Coulomb (SR)
    4.15196e+03    1.41557e+04    6.97894e+06   -2.11630e+05   -4.86200e+07
   Coul. recip. Position Rest.      Potential    Kinetic En.   Total Energy
    1.56624e+05    8.29789e+01   -4.16513e+07    8.36768e+06   -3.32837e+07
    Temperature Pres. DC (bar) Pressure (bar)   Constr. rmsd
    3.22860e+02   -1.07267e+02   -4.67845e+01    1.03179e-05

DD  step 2099 load imb.: force  0.1%

           Step           Time         Lambda
           2100        4.20000        0.00000

   Energies (kJ/mol)
          Angle       G96Angle    Proper Dih. Ryckaert-Bell.  Improper Dih.
    1.40840e+04    2.69973e+02    4.19448e+03    7.50758e+03    5.60602e+02
          LJ-14     Coulomb-14        LJ (SR)  Disper. corr.   Coulomb (SR)
    4.17849e+03    1.43127e+04    7.00363e+06   -2.12266e+05   -4.86756e+07
   Coul. recip. Position Rest.      Potential    Kinetic En.   Total Energy
    1.55986e+05    9.74364e+01   -4.16831e+07    8.36697e+06   -3.33161e+07
    Temperature Pres. DC (bar) Pressure (bar)   Constr. rmsd
    3.22833e+02   -1.07912e+02    1.33436e+01    1.05794e-05

DD  step 2199 load imb.: force  0.3%

           Step           Time         Lambda
           2200        4.40000        0.00000

   Energies (kJ/mol)
          Angle       G96Angle    Proper Dih. Ryckaert-Bell.  Improper Dih.
    1.40331e+04    1.98730e+02    4.24096e+03    7.40150e+03    5.11112e+02
          LJ-14     Coulomb-14        LJ (SR)  Disper. corr.   Coulomb (SR)
    4.26986e+03    1.43355e+04    7.01222e+06   -2.12898e+05   -4.87202e+07
   Coul. recip. Position Rest.      Potential    Kinetic En.   Total Energy
    1.56045e+05    7.79917e+01   -4.17198e+07    8.37313e+06   -3.33466e+07
    Temperature Pres. DC (bar) Pressure (bar)   Constr. rmsd
    3.23070e+02   -1.08554e+02    4.67478e+01    1.03203e-05

Writing checkpoint, step 2240 at Sat Jan  2 20:39:39 2016


DD  step 2299 load imb.: force  0.4%

           Step           Time         Lambda
           2300        4.60000        0.00000

   Energies (kJ/mol)
          Angle       G96Angle    Proper Dih. Ryckaert-Bell.  Improper Dih.
    1.38711e+04    2.28697e+02    4.37617e+03    7.28925e+03    5.82979e+02
          LJ-14     Coulomb-14        LJ (SR)  Disper. corr.   Coulomb (SR)
    4.19684e+03    1.43318e+04    7.03515e+06   -2.13500e+05   -4.87596e+07
   Coul. recip. Position Rest.      Potential    Kinetic En.   Total Energy
    1.54713e+05    7.02559e+01   -4.17383e+07    8.37102e+06   -3.33673e+07
    Temperature Pres. DC (bar) Pressure (bar)   Constr. rmsd
    3.22989e+02   -1.09169e+02    1.14875e+02    1.06687e-05

DD  step 2399 load imb.: force  0.3%

           Step           Time         Lambda
           2400        4.80000        0.00000

   Energies (kJ/mol)
          Angle       G96Angle    Proper Dih. Ryckaert-Bell.  Improper Dih.
    1.41885e+04    2.36501e+02    4.21067e+03    7.22911e+03    5.73689e+02
          LJ-14     Coulomb-14        LJ (SR)  Disper. corr.   Coulomb (SR)
    4.11598e+03    1.42704e+04    7.04211e+06   -2.14044e+05   -4.87958e+07
   Coul. recip. Position Rest.      Potential    Kinetic En.   Total Energy
    1.53924e+05    9.87742e+01   -4.17689e+07    8.36587e+06   -3.34030e+07
    Temperature Pres. DC (bar) Pressure (bar)   Constr. rmsd
    3.22790e+02   -1.09726e+02    1.35797e+02    1.01612e-05

DD  step 2499 load imb.: force  0.5%

           Step           Time         Lambda
           2500        5.00000        0.00000

   Energies (kJ/mol)
          Angle       G96Angle    Proper Dih. Ryckaert-Bell.  Improper Dih.
    1.42452e+04    2.06253e+02    4.26634e+03    7.13936e+03    5.23935e+02
          LJ-14     Coulomb-14        LJ (SR)  Disper. corr.   Coulomb (SR)
    4.18920e+03    1.37705e+04    7.05328e+06   -2.14511e+05   -4.88251e+07
   Coul. recip. Position Rest.      Potential    Kinetic En.   Total Energy
    1.53838e+05    5.24742e+01   -4.17882e+07    8.36929e+06   -3.34189e+07
    Temperature Pres. DC (bar) Pressure (bar)   Constr. rmsd
    3.22922e+02   -1.10205e+02    1.72214e+02    1.04551e-05

Writing checkpoint, step 2520 at Sat Jan  2 20:54:43 2016


DD  step 2599 load imb.: force  0.4%

           Step           Time         Lambda
           2600        5.20000        0.00000

   Energies (kJ/mol)
          Angle       G96Angle    Proper Dih. Ryckaert-Bell.  Improper Dih.
    1.43259e+04    2.12898e+02    4.25113e+03    7.24126e+03    5.33327e+02
          LJ-14     Coulomb-14        LJ (SR)  Disper. corr.   Coulomb (SR)
    4.29638e+03    1.40274e+04    7.04687e+06   -2.14880e+05   -4.88264e+07
   Coul. recip. Position Rest.      Potential    Kinetic En.   Total Energy
    1.53639e+05    7.53373e+01   -4.17958e+07    8.35885e+06   -3.34369e+07
    Temperature Pres. DC (bar) Pressure (bar)   Constr. rmsd
    3.22520e+02   -1.10584e+02    1.87719e+02    1.05055e-05

DD  step 2699 load imb.: force  0.4%

           Step           Time         Lambda
           2700        5.40000        0.00000

   Energies (kJ/mol)
          Angle       G96Angle    Proper Dih. Ryckaert-Bell.  Improper Dih.
    1.38521e+04    2.51136e+02    4.29094e+03    7.29690e+03    4.94224e+02
          LJ-14     Coulomb-14        LJ (SR)  Disper. corr.   Coulomb (SR)
    4.14297e+03    1.44806e+04    7.04435e+06   -2.15140e+05   -4.88306e+07
   Coul. recip. Position Rest.      Potential    Kinetic En.   Total Energy
    1.54029e+05    8.07295e+01   -4.18025e+07    8.37032e+06   -3.34321e+07
    Temperature Pres. DC (bar) Pressure (bar)   Constr. rmsd
    3.22962e+02   -1.10852e+02    1.93485e+02    1.06766e-05

DD  step 2799 load imb.: force  0.8%

           Step           Time         Lambda
           2800        5.60000        0.00000

Writing checkpoint, step 2800 at Sat Jan  2 21:09:50 2016


   Energies (kJ/mol)
          Angle       G96Angle    Proper Dih. Ryckaert-Bell.  Improper Dih.
    1.38803e+04    2.12693e+02    4.25000e+03    7.29454e+03    5.92844e+02
          LJ-14     Coulomb-14        LJ (SR)  Disper. corr.   Coulomb (SR)
    4.14945e+03    1.45712e+04    7.03758e+06   -2.15291e+05   -4.88227e+07
   Coul. recip. Position Rest.      Potential    Kinetic En.   Total Energy
    1.53775e+05    7.08853e+01   -4.18016e+07    8.37339e+06   -3.34282e+07
    Temperature Pres. DC (bar) Pressure (bar)   Constr. rmsd
    3.23080e+02   -1.11007e+02    1.84110e+02    1.04815e-05

DD  step 2899 load imb.: force  0.2%

           Step           Time         Lambda
           2900        5.80000        0.00000

   Energies (kJ/mol)
          Angle       G96Angle    Proper Dih. Ryckaert-Bell.  Improper Dih.
    1.40502e+04    2.72307e+02    4.31791e+03    7.62684e+03    4.75309e+02
          LJ-14     Coulomb-14        LJ (SR)  Disper. corr.   Coulomb (SR)
    4.26673e+03    1.43153e+04    7.02087e+06   -2.15339e+05   -4.88224e+07
   Coul. recip. Position Rest.      Potential    Kinetic En.   Total Energy
    1.53998e+05    7.46991e+01   -4.18175e+07    8.36794e+06   -3.34495e+07
    Temperature Pres. DC (bar) Pressure (bar)   Constr. rmsd
    3.22870e+02   -1.11057e+02    1.57520e+02    1.06786e-05

DD  step 2999 load imb.: force  0.8%

           Step           Time         Lambda
           3000        6.00000        0.00000

   Energies (kJ/mol)
          Angle       G96Angle    Proper Dih. Ryckaert-Bell.  Improper Dih.
    1.38655e+04    2.09722e+02    4.13961e+03    7.71598e+03    5.09382e+02
          LJ-14     Coulomb-14        LJ (SR)  Disper. corr.   Coulomb (SR)
    4.29351e+03    1.40238e+04    7.03359e+06   -2.15295e+05   -4.88302e+07
   Coul. recip. Position Rest.      Potential    Kinetic En.   Total Energy
    1.53871e+05    7.38509e+01   -4.18132e+07    8.37465e+06   -3.34386e+07
    Temperature Pres. DC (bar) Pressure (bar)   Constr. rmsd
    3.23129e+02   -1.11011e+02    1.74751e+02    1.07589e-05

Writing checkpoint, step 3040 at Sat Jan  2 21:25:07 2016


DD  step 3099 load imb.: force  0.3%

           Step           Time         Lambda
           3100        6.20000        0.00000

   Energies (kJ/mol)
          Angle       G96Angle    Proper Dih. Ryckaert-Bell.  Improper Dih.
    1.40213e+04    2.05491e+02    4.23893e+03    7.57429e+03    5.01739e+02
          LJ-14     Coulomb-14        LJ (SR)  Disper. corr.   Coulomb (SR)
    4.24240e+03    1.43144e+04    7.01316e+06   -2.15154e+05   -4.88030e+07
   Coul. recip. Position Rest.      Potential    Kinetic En.   Total Energy
    1.53855e+05    8.23608e+01   -4.18060e+07    8.37126e+06   -3.34347e+07
    Temperature Pres. DC (bar) Pressure (bar)   Constr. rmsd
    3.22998e+02   -1.10866e+02    1.34288e+02    1.03305e-05

DD  step 3199 load imb.: force  0.2%

           Step           Time         Lambda
           3200        6.40000        0.00000

   Energies (kJ/mol)
          Angle       G96Angle    Proper Dih. Ryckaert-Bell.  Improper Dih.
    1.40428e+04    2.65231e+02    4.31299e+03    7.60427e+03    5.12556e+02
          LJ-14     Coulomb-14        LJ (SR)  Disper. corr.   Coulomb (SR)
    4.19897e+03    1.45183e+04    7.00513e+06   -2.14937e+05   -4.87838e+07
   Coul. recip. Position Rest.      Potential    Kinetic En.   Total Energy
    1.54044e+05    8.48814e+01   -4.17940e+07    8.37278e+06   -3.34213e+07
    Temperature Pres. DC (bar) Pressure (bar)   Constr. rmsd
    3.23057e+02   -1.10642e+02    1.09518e+02    1.03187e-05

Writing checkpoint, step 3280 at Sat Jan  2 21:40:03 2016


DD  step 3299 load imb.: force  0.8%

           Step           Time         Lambda
           3300        6.60000        0.00000

   Energies (kJ/mol)
          Angle       G96Angle    Proper Dih. Ryckaert-Bell.  Improper Dih.
    1.42993e+04    2.30242e+02    4.20484e+03    7.57977e+03    5.53835e+02
          LJ-14     Coulomb-14        LJ (SR)  Disper. corr.   Coulomb (SR)
    4.29019e+03    1.38525e+04    6.98396e+06   -2.14659e+05   -4.87407e+07
   Coul. recip. Position Rest.      Potential    Kinetic En.   Total Energy
    1.54529e+05    6.20842e+01   -4.17718e+07    8.37489e+06   -3.33969e+07
    Temperature Pres. DC (bar) Pressure (bar)   Constr. rmsd
    3.23138e+02   -1.10357e+02    7.40591e+01    1.05427e-05

DD  step 3399 load imb.: force  0.5%

           Step           Time         Lambda
           3400        6.80000        0.00000

   Energies (kJ/mol)
          Angle       G96Angle    Proper Dih. Ryckaert-Bell.  Improper Dih.
    1.39859e+04    2.24915e+02    4.36485e+03    7.78398e+03    4.96745e+02
          LJ-14     Coulomb-14        LJ (SR)  Disper. corr.   Coulomb (SR)
    4.13982e+03    1.41194e+04    6.96845e+06   -2.14340e+05   -4.87107e+07
   Coul. recip. Position Rest.      Potential    Kinetic En.   Total Energy
    1.54494e+05    8.45448e+01   -4.17569e+07    8.36426e+06   -3.33927e+07
    Temperature Pres. DC (bar) Pressure (bar)   Constr. rmsd
    3.22728e+02   -1.10030e+02    3.25741e+01    1.04055e-05

DD  step 3499 load imb.: force  0.4%

           Step           Time         Lambda
           3500        7.00000        0.00000

   Energies (kJ/mol)
          Angle       G96Angle    Proper Dih. Ryckaert-Bell.  Improper Dih.
    1.41785e+04    2.32879e+02    4.16220e+03    7.80410e+03    5.21628e+02
          LJ-14     Coulomb-14        LJ (SR)  Disper. corr.   Coulomb (SR)
    4.21377e+03    1.42881e+04    6.95591e+06   -2.14007e+05   -4.86887e+07
   Coul. recip. Position Rest.      Potential    Kinetic En.   Total Energy
    1.54795e+05    7.58426e+01   -4.17466e+07    8.37351e+06   -3.33731e+07
    Temperature Pres. DC (bar) Pressure (bar)   Constr. rmsd
    3.23085e+02   -1.09688e+02   -8.92902e+00    1.08057e-05

Writing checkpoint, step 3520 at Sat Jan  2 21:55:47 2016


DD  step 3599 load imb.: force  0.3%

           Step           Time         Lambda
           3600        7.20000        0.00000

   Energies (kJ/mol)
          Angle       G96Angle    Proper Dih. Ryckaert-Bell.  Improper Dih.
    1.40604e+04    1.86372e+02    4.32925e+03    7.65241e+03    4.90181e+02
          LJ-14     Coulomb-14        LJ (SR)  Disper. corr.   Coulomb (SR)
    4.26220e+03    1.40689e+04    6.94626e+06   -2.13678e+05   -4.86644e+07
   Coul. recip. Position Rest.      Potential    Kinetic En.   Total Energy
    1.54183e+05    8.95120e+01   -4.17325e+07    8.36662e+06   -3.33659e+07
    Temperature Pres. DC (bar) Pressure (bar)   Constr. rmsd
    3.22819e+02   -1.09352e+02   -3.47887e+01    1.01676e-05

DD  step 3699 load imb.: force  0.4%

           Step           Time         Lambda
           3700        7.40000        0.00000

   Energies (kJ/mol)
          Angle       G96Angle    Proper Dih. Ryckaert-Bell.  Improper Dih.
    1.39567e+04    2.08363e+02    4.37647e+03    7.61096e+03    5.68579e+02
          LJ-14     Coulomb-14        LJ (SR)  Disper. corr.   Coulomb (SR)
    4.12838e+03    1.47044e+04    6.95471e+06   -2.13367e+05   -4.86524e+07
   Coul. recip. Position Rest.      Potential    Kinetic En.   Total Energy
    1.55624e+05    8.01072e+01   -4.17098e+07    8.37236e+06   -3.33374e+07
    Temperature Pres. DC (bar) Pressure (bar)   Constr. rmsd
    3.23041e+02   -1.09033e+02   -2.93345e+01    1.03213e-05

Writing checkpoint, step 3760 at Sat Jan  2 22:10:10 2016


DD  step 3799 load imb.: force  0.6%

           Step           Time         Lambda
           3800        7.60000        0.00000

   Energies (kJ/mol)
          Angle       G96Angle    Proper Dih. Ryckaert-Bell.  Improper Dih.
    1.37304e+04    1.97364e+02    4.30259e+03    7.52372e+03    5.28178e+02
          LJ-14     Coulomb-14        LJ (SR)  Disper. corr.   Coulomb (SR)
    4.16089e+03    1.45302e+04    6.93659e+06   -2.13079e+05   -4.86297e+07
   Coul. recip. Position Rest.      Potential    Kinetic En.   Total Energy
    1.55598e+05    7.19106e+01   -4.17055e+07    8.36050e+06   -3.33450e+07
    Temperature Pres. DC (bar) Pressure (bar)   Constr. rmsd
    3.22583e+02   -1.08740e+02   -7.79416e+01    1.01865e-05

DD  step 3899 load imb.: force  0.7%

           Step           Time         Lambda
           3900        7.80000        0.00000

   Energies (kJ/mol)
          Angle       G96Angle    Proper Dih. Ryckaert-Bell.  Improper Dih.
    1.38955e+04    2.33500e+02    4.34787e+03    7.57020e+03    5.10983e+02
          LJ-14     Coulomb-14        LJ (SR)  Disper. corr.   Coulomb (SR)
    4.23835e+03    1.42241e+04    6.92951e+06   -2.12834e+05   -4.86020e+07
   Coul. recip. Position Rest.      Potential    Kinetic En.   Total Energy
    1.56220e+05    6.37614e+01   -4.16840e+07    8.38406e+06   -3.32999e+07
    Temperature Pres. DC (bar) Pressure (bar)   Constr. rmsd
    3.23492e+02   -1.08490e+02   -7.34520e+01    1.03347e-05

DD  step 3999 load imb.: force  0.8%

           Step           Time         Lambda
           4000        8.00000        0.00000

Writing checkpoint, step 4000 at Sat Jan  2 22:24:56 2016


   Energies (kJ/mol)
          Angle       G96Angle    Proper Dih. Ryckaert-Bell.  Improper Dih.
    1.35065e+04    2.17582e+02    4.34765e+03    7.59779e+03    5.64720e+02
          LJ-14     Coulomb-14        LJ (SR)  Disper. corr.   Coulomb (SR)
    4.30252e+03    1.44622e+04    6.92325e+06   -2.12635e+05   -4.85958e+07
   Coul. recip. Position Rest.      Potential    Kinetic En.   Total Energy
    1.56023e+05    7.11212e+01   -4.16841e+07    8.35607e+06   -3.33280e+07
    Temperature Pres. DC (bar) Pressure (bar)   Constr. rmsd
    3.22412e+02   -1.08287e+02   -1.12386e+02    1.06076e-05

DD  step 4099 load imb.: force  0.7%

           Step           Time         Lambda
           4100        8.20000        0.00000

   Energies (kJ/mol)
          Angle       G96Angle    Proper Dih. Ryckaert-Bell.  Improper Dih.
    1.38755e+04    2.22744e+02    4.26820e+03    7.79988e+03    5.40608e+02
          LJ-14     Coulomb-14        LJ (SR)  Disper. corr.   Coulomb (SR)
    4.30416e+03    1.44114e+04    6.93611e+06   -2.12496e+05   -4.86007e+07
   Coul. recip. Position Rest.      Potential    Kinetic En.   Total Energy
    1.55956e+05    7.39449e+01   -4.16757e+07    8.38489e+06   -3.32908e+07
    Temperature Pres. DC (bar) Pressure (bar)   Constr. rmsd
    3.23524e+02   -1.08145e+02   -8.69486e+01    1.04497e-05

DD  step 4199 load imb.: force  0.5%

           Step           Time         Lambda
           4200        8.40000        0.00000

   Energies (kJ/mol)
          Angle       G96Angle    Proper Dih. Ryckaert-Bell.  Improper Dih.
    1.39983e+04    2.54315e+02    4.23342e+03    7.59096e+03    5.32963e+02
          LJ-14     Coulomb-14        LJ (SR)  Disper. corr.   Coulomb (SR)
    4.19553e+03    1.48225e+04    6.93924e+06   -2.12408e+05   -4.86093e+07
   Coul. recip. Position Rest.      Potential    Kinetic En.   Total Energy
    1.55661e+05    6.89254e+01   -4.16812e+07    8.36496e+06   -3.33162e+07
    Temperature Pres. DC (bar) Pressure (bar)   Constr. rmsd
    3.22755e+02   -1.08056e+02   -9.47069e+01    1.06337e-05

Writing checkpoint, step 4240 at Sat Jan  2 22:39:48 2016


DD  step 4299 load imb.: force  0.3%

           Step           Time         Lambda
           4300        8.60000        0.00000

   Energies (kJ/mol)
          Angle       G96Angle    Proper Dih. Ryckaert-Bell.  Improper Dih.
    1.44482e+04    2.52400e+02    4.12696e+03    7.71332e+03    5.36431e+02
          LJ-14     Coulomb-14        LJ (SR)  Disper. corr.   Coulomb (SR)
    4.21783e+03    1.42019e+04    6.95019e+06   -2.12372e+05   -4.86217e+07
   Coul. recip. Position Rest.      Potential    Kinetic En.   Total Energy
    1.55767e+05    8.44007e+01   -4.16825e+07    8.36686e+06   -3.33157e+07
    Temperature Pres. DC (bar) Pressure (bar)   Constr. rmsd
    3.22829e+02   -1.08020e+02   -8.38522e+01    1.03345e-05

DD  step 4399 load imb.: force  1.0%

           Step           Time         Lambda
           4400        8.80000        0.00000

   Energies (kJ/mol)
          Angle       G96Angle    Proper Dih. Ryckaert-Bell.  Improper Dih.
    1.41833e+04    2.25607e+02    4.23031e+03    7.42222e+03    5.47074e+02
          LJ-14     Coulomb-14        LJ (SR)  Disper. corr.   Coulomb (SR)
    4.20758e+03    1.44352e+04    6.95250e+06   -2.12384e+05   -4.86210e+07
   Coul. recip. Position Rest.      Potential    Kinetic En.   Total Energy
    1.57089e+05    7.01986e+01   -4.16785e+07    8.38179e+06   -3.32967e+07
    Temperature Pres. DC (bar) Pressure (bar)   Constr. rmsd
    3.23404e+02   -1.08032e+02   -7.21789e+01    1.04851e-05

Writing checkpoint, step 4480 at Sat Jan  2 22:54:36 2016


DD  step 4499 load imb.: force  0.1%

           Step           Time         Lambda
           4500        9.00000        0.00000

   Energies (kJ/mol)
          Angle       G96Angle    Proper Dih. Ryckaert-Bell.  Improper Dih.
    1.41978e+04    1.89716e+02    4.31022e+03    7.67743e+03    5.14681e+02
          LJ-14     Coulomb-14        LJ (SR)  Disper. corr.   Coulomb (SR)
    4.10098e+03    1.44427e+04    6.95424e+06   -2.12435e+05   -4.86361e+07
   Coul. recip. Position Rest.      Potential    Kinetic En.   Total Energy
    1.55954e+05    5.68835e+01   -4.16929e+07    8.37247e+06   -3.33204e+07
    Temperature Pres. DC (bar) Pressure (bar)   Constr. rmsd
    3.23045e+02   -1.08084e+02   -7.46842e+01    1.07235e-05

DD  step 4599 load imb.: force  0.4%

           Step           Time         Lambda
           4600        9.20000        0.00000

   Energies (kJ/mol)
          Angle       G96Angle    Proper Dih. Ryckaert-Bell.  Improper Dih.
    1.40574e+04    1.97465e+02    4.36873e+03    7.80362e+03    5.11425e+02
          LJ-14     Coulomb-14        LJ (SR)  Disper. corr.   Coulomb (SR)
    4.16643e+03    1.45516e+04    6.97456e+06   -2.12527e+05   -4.86502e+07
   Coul. recip. Position Rest.      Potential    Kinetic En.   Total Energy
    1.56709e+05    8.24601e+01   -4.16857e+07    8.36302e+06   -3.33227e+07
    Temperature Pres. DC (bar) Pressure (bar)   Constr. rmsd
    3.22680e+02   -1.08177e+02   -2.97091e+01    1.05732e-05

DD  step 4699 load imb.: force  0.9%

           Step           Time         Lambda
           4700        9.40000        0.00000

   Energies (kJ/mol)
          Angle       G96Angle    Proper Dih. Ryckaert-Bell.  Improper Dih.
    1.38029e+04    2.14772e+02    4.21876e+03    7.66913e+03    4.81200e+02
          LJ-14     Coulomb-14        LJ (SR)  Disper. corr.   Coulomb (SR)
    4.16829e+03    1.48043e+04    6.96364e+06   -2.12648e+05   -4.86417e+07
   Coul. recip. Position Rest.      Potential    Kinetic En.   Total Energy
    1.55988e+05    7.76140e+01   -4.16893e+07    8.36964e+06   -3.33197e+07
    Temperature Pres. DC (bar) Pressure (bar)   Constr. rmsd
    3.22936e+02   -1.08301e+02   -3.57136e+01    1.04789e-05

Writing checkpoint, step 4720 at Sat Jan  2 23:10:34 2016


DD  step 4799 load imb.: force  0.4%

           Step           Time         Lambda
           4800        9.60000        0.00000

   Energies (kJ/mol)
          Angle       G96Angle    Proper Dih. Ryckaert-Bell.  Improper Dih.
    1.38186e+04    2.13457e+02    4.34401e+03    7.51709e+03    4.85996e+02
          LJ-14     Coulomb-14        LJ (SR)  Disper. corr.   Coulomb (SR)
    4.22750e+03    1.45448e+04    6.96710e+06   -2.12789e+05   -4.86620e+07
   Coul. recip. Position Rest.      Potential    Kinetic En.   Total Energy
    1.55435e+05    7.57109e+01   -4.17071e+07    8.37170e+06   -3.33354e+07
    Temperature Pres. DC (bar) Pressure (bar)   Constr. rmsd
    3.23015e+02   -1.08444e+02   -3.28684e+01    1.05059e-05

DD  step 4899 load imb.: force  0.9%

           Step           Time         Lambda
           4900        9.80000        0.00000

   Energies (kJ/mol)
          Angle       G96Angle    Proper Dih. Ryckaert-Bell.  Improper Dih.
    1.40816e+04    2.10217e+02    4.20865e+03    7.72904e+03    5.75802e+02
          LJ-14     Coulomb-14        LJ (SR)  Disper. corr.   Coulomb (SR)
    4.24640e+03    1.46074e+04    6.98761e+06   -2.12945e+05   -4.86809e+07
   Coul. recip. Position Rest.      Potential    Kinetic En.   Total Energy
    1.55606e+05    6.11965e+01   -4.17049e+07    8.36719e+06   -3.33377e+07
    Temperature Pres. DC (bar) Pressure (bar)   Constr. rmsd
    3.22841e+02   -1.08603e+02    5.27625e+00    1.03510e-05

Writing checkpoint, step 4920 at Sat Jan  2 23:24:35 2016


DD  step 4999 load imb.: force  0.5%

           Step           Time         Lambda
           5000       10.00000        0.00000

Writing checkpoint, step 5000 at Sat Jan  2 23:29:47 2016


   Energies (kJ/mol)
          Angle       G96Angle    Proper Dih. Ryckaert-Bell.  Improper Dih.
    1.40299e+04    1.99712e+02    4.21504e+03    7.47697e+03    5.46697e+02
          LJ-14     Coulomb-14        LJ (SR)  Disper. corr.   Coulomb (SR)
    4.16359e+03    1.45772e+04    6.97062e+06   -2.13104e+05   -4.86546e+07
   Coul. recip. Position Rest.      Potential    Kinetic En.   Total Energy
    1.54709e+05    6.57020e+01   -4.16971e+07    8.37248e+06   -3.33247e+07
    Temperature Pres. DC (bar) Pressure (bar)   Constr. rmsd
    3.23045e+02   -1.08764e+02   -4.27040e-01    1.01450e-05

	<======  ###############  ==>
	<====  A V E R A G E S  ====>
	<==  ###############  ======>

	Statistics over 5001 steps using 51 frames

   Energies (kJ/mol)
          Angle       G96Angle    Proper Dih. Ryckaert-Bell.  Improper Dih.
    1.40283e+04    2.28350e+02    4.27019e+03    7.47840e+03    5.22843e+02
          LJ-14     Coulomb-14        LJ (SR)  Disper. corr.   Coulomb (SR)
    4.22342e+03    1.43210e+04    6.96732e+06   -2.13551e+05   -4.86793e+07
   Coul. recip. Position Rest.      Potential    Kinetic En.   Total Energy
    1.55149e+05    7.31884e+01   -4.17252e+07    8.37108e+06   -3.33541e+07
    Temperature Pres. DC (bar) Pressure (bar)   Constr. rmsd
    3.22991e+02   -1.09238e+02    5.05022e+00    0.00000e+00

          Box-X          Box-Y          Box-Z
    3.57682e+01    3.57682e+01    2.53985e+01

   Total Virial (kJ/mol)
    2.78676e+06    5.33171e+02    5.00287e-01
   -4.33030e+02    2.78660e+06   -1.32683e+03
    2.03487e+02   -9.19506e+02    2.79032e+06

   Pressure (bar)
    6.34206e+00   -3.52890e-01    2.85944e-01
    6.29780e-01    7.21259e+00    1.38552e+00
    7.62275e-02    9.69166e-01    1.59600e+00

      T-Protein         T-DPPC       T-SOL_CL
    3.23965e+02    3.22832e+02    3.22992e+02


	M E G A - F L O P S   A C C O U N T I N G

 NB=Group-cutoff nonbonded kernels    NxN=N-by-N cluster Verlet kernels
 RF=Reaction-Field  VdW=Van der Waals  QSTab=quadratic-spline table
 W3=SPC/TIP3p  W4=TIP4p (single or pairs)
 V&F=Potential and force  V=Potential only  F=Force only

 Computing:                               M-Number         M-Flops  % Flops
-----------------------------------------------------------------------------
 Pair Search distance check          409515.958524     3685643.627     0.6
 NxN Ewald Elec. + LJ [F]           4871225.537856   321500885.498    48.8
 NxN Ewald Elec. + LJ [V&F]           50200.575160     5371461.542     0.8
 NxN LJ [F]                            2901.069456       95735.292     0.0
 NxN LJ [V&F]                            30.078944        1293.395     0.0
 NxN Ewald Elec. [F]                4762078.000256   290486758.016    44.1
 NxN Ewald Elec. [V&F]                49074.014856     4122217.248     0.6
 1,4 nonbonded interactions              19.433886        1749.050     0.0
 Calc Weights                         46765.266183     1683549.583     0.3
 Spread Q Bspline                    997659.011904     1995318.024     0.3
 Gather F Bspline                    997659.011904     5985954.071     0.9
 3D-FFT                             2633031.661032    21064253.288     3.2
 Solve PME                              250.930176       16059.531     0.0
 Reset In Box                           779.265250        2337.796     0.0
 CG-CoM                                 782.382311        2347.147     0.0
 Angles                                  36.912381        6201.280     0.0
 Propers                                 14.872974        3405.911     0.0
 Impropers                                2.150430         447.289     0.0
 RB-Dihedrals                            15.123024        3735.387     0.0
 Pos. Restr.                              0.545109          27.255     0.0
 Virial                                3120.358241       56166.448     0.0
 Stop-CM                                158.970111        1589.701     0.0
 Calc-Ekin                             6240.356122      168489.615     0.0
 Lincs                                   34.272994        2056.380     0.0
 Lincs-Mat                              479.294364        1917.177     0.0
 Constraint-V                         15817.899683      126543.197     0.0
 Constraint-Vir                        3159.250241       75822.006     0.0
 Settle                                5249.784565     1695680.414     0.3
-----------------------------------------------------------------------------
 Total                                               658157645.170   100.0
-----------------------------------------------------------------------------


    D O M A I N   D E C O M P O S I T I O N   S T A T I S T I C S

 av. #atoms communicated per step for force:  2 x 523445.9
 av. #atoms communicated per step for LINCS:  2 x 39207.9

 Average load imbalance: 0.5 %
 Part of the total run time spent waiting due to load imbalance: 0.3 %


     R E A L   C Y C L E   A N D   T I M E   A C C O U N T I N G

On 4 MPI ranks

 Computing:          Num   Num      Call    Wall time         Giga-Cycles
                     Ranks Threads  Count      (s)         total sum    %
-----------------------------------------------------------------------------
 Domain decomp.         4    1        250     100.942       1251.618   0.6
 DD comm. load          4    1         51       0.277          3.431   0.0
 Neighbor search        4    1        251     660.173       8185.777   3.8
 Comm. coord.           4    1       4750      40.758        505.373   0.2
 Force                  4    1       5001   12404.198     153805.041  71.1
 Wait + Comm. F         4    1       5001      25.148        311.824   0.1
 PME mesh               4    1       5001    3173.842      39353.842  18.2
 NB X/F buffer ops.     4    1      14501      52.418        649.952   0.3
 Write traj.            4    1         67      55.054        682.637   0.3
 Update                 4    1       5001     288.632       3578.868   1.7
 Constraints            4    1       5001     560.832       6953.996   3.2
 Comm. energies         4    1       1001       8.243        102.207   0.0
 Rest                                          85.937       1065.571   0.5
-----------------------------------------------------------------------------
 Total                                      17456.452     216450.138 100.0
-----------------------------------------------------------------------------
 Breakdown of PME mesh computation
-----------------------------------------------------------------------------
 PME redist. X/F        4    1      10002     337.373       4183.233   1.9
 PME spread/gather      4    1      10002    1661.713      20604.306   9.5
 PME 3D-FFT             4    1      10002     970.790      12037.244   5.6
 PME 3D-FFT Comm.       4    1      10002     107.453       1332.352   0.6
 PME solve Elec         4    1       5001      96.466       1196.127   0.6
-----------------------------------------------------------------------------

               Core t (s)   Wall t (s)        (%)
       Time:    69825.808    17456.452      400.0
                         4h50:56
                 (ns/day)    (hour/ns)
Performance:        0.050      484.804
Finished mdrun on rank 0 Sat Jan  2 23:30:03 2016
