Log file opened on Sat Jan  2 14:04:57 2016
Host: xiaoyideMacBook-Pro.local  pid: 57773  rank ID: 0  number of ranks:  1
GROMACS:    gmx mdrun, VERSION 5.0.6

GROMACS is written by:
Emile Apol         Rossen Apostolov   Herman J.C. Berendsen Par Bjelkmar       
Aldert van Buuren  Rudi van Drunen    Anton Feenstra     Sebastian Fritsch  
Gerrit Groenhof    Christoph Junghans Peter Kasson       Carsten Kutzner    
Per Larsson        Justin A. Lemkul   Magnus Lundborg    Pieter Meulenhoff  
Erik Marklund      Teemu Murtola      Szilard Pall       Sander Pronk       
Roland Schulz      Alexey Shvetsov    Michael Shirts     Alfons Sijbers     
Peter Tieleman     Christian Wennberg Maarten Wolf       
and the project leaders:
Mark Abraham, Berk Hess, Erik Lindahl, and David van der Spoel

Copyright (c) 1991-2000, University of Groningen, The Netherlands.
Copyright (c) 2001-2014, The GROMACS development team at
Uppsala University, Stockholm University and
the Royal Institute of Technology, Sweden.
check out http://www.gromacs.org for more information.

GROMACS is free software; you can redistribute it and/or modify it
under the terms of the GNU Lesser General Public License
as published by the Free Software Foundation; either version 2.1
of the License, or (at your option) any later version.

GROMACS:      gmx mdrun, VERSION 5.0.6
Executable:   /usr/local/bin/../Cellar/gromacs/5.0.6/bin/gmx
Library dir:  /usr/local/bin/../Cellar/gromacs/5.0.6/share/gromacs/top
Command line:
  gmx mdrun -deffnm nvt

Gromacs version:    VERSION 5.0.6
Precision:          single
Memory model:       64 bit
MPI library:        thread_mpi
OpenMP support:     disabled
GPU support:        disabled
invsqrt routine:    gmx_software_invsqrt(x)
SIMD instructions:  AVX_256
FFT library:        fftw-3.3.4-sse2
RDTSCP usage:       enabled
C++11 compilation:  enabled
TNG support:        enabled
Tracing support:    disabled
Built on:           Fri Aug  7 06:21:30 PDT 2015
Built by:           brew@yosemitevm.local [CMAKE]
Build OS/arch:      Darwin 14.4.0 x86_64
Build CPU vendor:   GenuineIntel
Build CPU brand:    Intel(R) Core(TM) i7-3720QM CPU @ 2.60GHz
Build CPU family:   6   Model: 58   Stepping: 9
Build CPU features: aes apic avx clfsh cmov cx8 cx16 f16c lahf_lm mmx msr nonstop_tsc pcid pclmuldq popcnt pse rdrnd rdtscp sse2 sse3 sse4.1 sse4.2 ssse3 tdt x2apic
C compiler:         /usr/local/Library/ENV/4.3/clang Clang 6.1.0.6020053
C compiler flags:    -mavx    -Wall -Wno-unused -Wunused-value -Wunused-parameter -Wno-unknown-pragmas    
C++ compiler:       /usr/local/Library/ENV/4.3/clang++ Clang 6.1.0.6020053
C++ compiler flags:  -mavx   -std=c++0x  -Wextra -Wno-missing-field-initializers -Wpointer-arith -Wall -Wno-unused-function -Wno-unknown-pragmas    
Boost version:      1.55.0 (internal)



++++ PLEASE READ AND CITE THE FOLLOWING REFERENCE ++++
S. Páll, M. J. Abraham, C. Kutzner, B. Hess, E. Lindahl
Tackling Exascale Software Challenges in Molecular Dynamics Simulations with
GROMACS
In S. Markidis & E. Laure (Eds.), Solving Software Challenges for Exascale 8759 (2015) pp. 3–27
-------- -------- --- Thank You --- -------- --------


++++ PLEASE READ AND CITE THE FOLLOWING REFERENCE ++++
S. Pronk, S. Páll, R. Schulz, P. Larsson, P. Bjelkmar, R. Apostolov, M. R.
Shirts, J. C. Smith, P. M. Kasson, D. van der Spoel, B. Hess, and E. Lindahl
GROMACS 4.5: a high-throughput and highly parallel open source molecular
simulation toolkit
Bioinformatics 29 (2013) pp. 845-54
-------- -------- --- Thank You --- -------- --------


++++ PLEASE READ AND CITE THE FOLLOWING REFERENCE ++++
B. Hess and C. Kutzner and D. van der Spoel and E. Lindahl
GROMACS 4: Algorithms for highly efficient, load-balanced, and scalable
molecular simulation
J. Chem. Theory Comput. 4 (2008) pp. 435-447
-------- -------- --- Thank You --- -------- --------


++++ PLEASE READ AND CITE THE FOLLOWING REFERENCE ++++
D. van der Spoel, E. Lindahl, B. Hess, G. Groenhof, A. E. Mark and H. J. C.
Berendsen
GROMACS: Fast, Flexible and Free
J. Comp. Chem. 26 (2005) pp. 1701-1719
-------- -------- --- Thank You --- -------- --------


++++ PLEASE READ AND CITE THE FOLLOWING REFERENCE ++++
E. Lindahl and B. Hess and D. van der Spoel
GROMACS 3.0: A package for molecular simulation and trajectory analysis
J. Mol. Mod. 7 (2001) pp. 306-317
-------- -------- --- Thank You --- -------- --------


++++ PLEASE READ AND CITE THE FOLLOWING REFERENCE ++++
H. J. C. Berendsen, D. van der Spoel and R. van Drunen
GROMACS: A message-passing parallel molecular dynamics implementation
Comp. Phys. Comm. 91 (1995) pp. 43-56
-------- -------- --- Thank You --- -------- --------

Changing nstlist from 5 to 20, rlist from 1.2 to 1.228

Input Parameters:
   integrator                     = md
   tinit                          = 0
   dt                             = 0.002
   nsteps                         = 5000
   init-step                      = 0
   simulation-part                = 1
   comm-mode                      = Linear
   nstcomm                        = 100
   bd-fric                        = 0
   ld-seed                        = 1909506326
   emtol                          = 10
   emstep                         = 0.01
   niter                          = 20
   fcstep                         = 0
   nstcgsteep                     = 1000
   nbfgscorr                      = 10
   rtpi                           = 0.05
   nstxout                        = 100
   nstvout                        = 100
   nstfout                        = 0
   nstlog                         = 100
   nstcalcenergy                  = 100
   nstenergy                      = 100
   nstxout-compressed             = 0
   compressed-x-precision         = 1000
   cutoff-scheme                  = Verlet
   nstlist                        = 20
   ns-type                        = Grid
   pbc                            = xyz
   periodic-molecules             = FALSE
   verlet-buffer-tolerance        = 0.005
   rlist                          = 1.228
   rlistlong                      = 1.228
   nstcalclr                      = 5
   coulombtype                    = PME
   coulomb-modifier               = Potential-shift
   rcoulomb-switch                = 0
   rcoulomb                       = 1.2
   epsilon-r                      = 1
   epsilon-rf                     = inf
   vdw-type                       = Cut-off
   vdw-modifier                   = Potential-shift
   rvdw-switch                    = 0
   rvdw                           = 1.2
   DispCorr                       = EnerPres
   table-extension                = 1
   fourierspacing                 = 0.16
   fourier-nx                     = 224
   fourier-ny                     = 224
   fourier-nz                     = 224
   pme-order                      = 4
   ewald-rtol                     = 1e-05
   ewald-rtol-lj                  = 0.001
   lj-pme-comb-rule               = Geometric
   ewald-geometry                 = 0
   epsilon-surface                = 0
   implicit-solvent               = No
   gb-algorithm                   = Still
   nstgbradii                     = 1
   rgbradii                       = 1
   gb-epsilon-solvent             = 80
   gb-saltconc                    = 0
   gb-obc-alpha                   = 1
   gb-obc-beta                    = 0.8
   gb-obc-gamma                   = 4.85
   gb-dielectric-offset           = 0.009
   sa-algorithm                   = Ace-approximation
   sa-surface-tension             = 2.05016
   tcoupl                         = V-rescale
   nsttcouple                     = 5
   nh-chain-length                = 0
   print-nose-hoover-chain-variables = FALSE
   pcoupl                         = No
   pcoupltype                     = Isotropic
   nstpcouple                     = -1
   tau-p                          = 1
   compressibility (3x3):
      compressibility[    0]={ 0.00000e+00,  0.00000e+00,  0.00000e+00}
      compressibility[    1]={ 0.00000e+00,  0.00000e+00,  0.00000e+00}
      compressibility[    2]={ 0.00000e+00,  0.00000e+00,  0.00000e+00}
   ref-p (3x3):
      ref-p[    0]={ 0.00000e+00,  0.00000e+00,  0.00000e+00}
      ref-p[    1]={ 0.00000e+00,  0.00000e+00,  0.00000e+00}
      ref-p[    2]={ 0.00000e+00,  0.00000e+00,  0.00000e+00}
   refcoord-scaling               = No
   posres-com (3):
      posres-com[0]= 0.00000e+00
      posres-com[1]= 0.00000e+00
      posres-com[2]= 0.00000e+00
   posres-comB (3):
      posres-comB[0]= 0.00000e+00
      posres-comB[1]= 0.00000e+00
      posres-comB[2]= 0.00000e+00
   QMMM                           = FALSE
   QMconstraints                  = 0
   QMMMscheme                     = 0
   MMChargeScaleFactor            = 1
qm-opts:
   ngQM                           = 0
   constraint-algorithm           = Lincs
   continuation                   = FALSE
   Shake-SOR                      = FALSE
   shake-tol                      = 0.0001
   lincs-order                    = 4
   lincs-iter                     = 1
   lincs-warnangle                = 30
   nwall                          = 0
   wall-type                      = 9-3
   wall-r-linpot                  = -1
   wall-atomtype[0]               = -1
   wall-atomtype[1]               = -1
   wall-density[0]                = 0
   wall-density[1]                = 0
   wall-ewald-zfac                = 3
   pull                           = no
   rotation                       = FALSE
   interactiveMD                  = FALSE
   disre                          = No
   disre-weighting                = Conservative
   disre-mixed                    = FALSE
   dr-fc                          = 1000
   dr-tau                         = 0
   nstdisreout                    = 100
   orire-fc                       = 0
   orire-tau                      = 0
   nstorireout                    = 100
   free-energy                    = no
   cos-acceleration               = 0
   deform (3x3):
      deform[    0]={ 0.00000e+00,  0.00000e+00,  0.00000e+00}
      deform[    1]={ 0.00000e+00,  0.00000e+00,  0.00000e+00}
      deform[    2]={ 0.00000e+00,  0.00000e+00,  0.00000e+00}
   simulated-tempering            = FALSE
   E-x:
      n = 0
   E-xt:
      n = 0
   E-y:
      n = 0
   E-yt:
      n = 0
   E-z:
      n = 0
   E-zt:
      n = 0
   swapcoords                     = no
   adress                         = FALSE
   userint1                       = 0
   userint2                       = 0
   userint3                       = 0
   userint4                       = 0
   userreal1                      = 0
   userreal2                      = 0
   userreal3                      = 0
   userreal4                      = 0
grpopts:
   nrdf:     276.936     12723.1  6.22125e+06
   ref-t:         323         323         323
   tau-t:         0.1         0.1         0.1
annealing:          No          No          No
annealing-npoints:           0           0           0
   acc:	           0           0           0
   nfreeze:           N           N           N
   energygrp-flags[  0]: 0

Initializing Domain Decomposition on 4 ranks
Dynamic load balancing: auto
Will sort the charge groups at every domain (re)decomposition
Initial maximum inter charge-group distances:
    two-body bonded interactions: 0.393 nm, LJ-14, atoms 11 14
  multi-body bonded interactions: 0.393 nm, Proper Dih., atoms 11 14
Minimum cell size due to bonded interactions: 0.432 nm
Maximum distance for 5 constraints, at 120 deg. angles, all-trans: 0.771 nm
Estimated maximum distance required for P-LINCS: 0.771 nm
This distance will limit the DD cell size, you can override this with -rcon
Using 0 separate PME ranks, as there are too few total
 ranks for efficient splitting
Scaling the initial minimum size with 1/0.8 (option -dds) = 1.25
Optimizing the DD grid for 4 cells with a minimum initial size of 0.964 nm
The maximum allowed number of cells is: X 30 Y 30 Z 25
Domain decomposition grid 4 x 1 x 1, separate PME ranks 0
PME domain decomposition: 4 x 1 x 1
Domain decomposition rank 0, coordinates 0 0 0

Using 4 MPI threads

Detecting CPU SIMD instructions.
Present hardware specification:
Vendor: GenuineIntel
Brand:  Intel(R) Core(TM) i7-5557U CPU @ 3.10GHz
Family:  6  Model: 61  Stepping:  4
Features: aes apic avx avx2 clfsh cmov cx8 cx16 f16c fma htt lahf_lm mmx msr nonstop_tsc pcid pclmuldq pdcm pdpe1gb popcnt pse rdrnd rdtscp sse2 sse3 sse4.1 sse4.2 ssse3 tdt x2apic
SIMD instructions most likely to fit this hardware: AVX2_256
SIMD instructions selected at GROMACS compile time: AVX_256


Binary not matching hardware - you might be losing performance.
SIMD instructions most likely to fit this hardware: AVX2_256
SIMD instructions selected at GROMACS compile time: AVX_256

Will do PME sum in reciprocal space for electrostatic interactions.

++++ PLEASE READ AND CITE THE FOLLOWING REFERENCE ++++
U. Essmann, L. Perera, M. L. Berkowitz, T. Darden, H. Lee and L. G. Pedersen 
A smooth particle mesh Ewald method
J. Chem. Phys. 103 (1995) pp. 8577-8592
-------- -------- --- Thank You --- -------- --------

Will do ordinary reciprocal space Ewald sum.
Using a Gaussian width (1/beta) of 0.384195 nm for Ewald
Cut-off's:   NS: 1.228   Coulomb: 1.2   LJ: 1.2
Long Range LJ corr.: <C6> 2.9481e-04
System total charge: 0.000
Generated table with 1114 data points for Ewald.
Tabscale = 500 points/nm
Generated table with 1114 data points for LJ6.
Tabscale = 500 points/nm
Generated table with 1114 data points for LJ12.
Tabscale = 500 points/nm
Generated table with 1114 data points for 1-4 COUL.
Tabscale = 500 points/nm
Generated table with 1114 data points for 1-4 LJ6.
Tabscale = 500 points/nm
Generated table with 1114 data points for 1-4 LJ12.
Tabscale = 500 points/nm

Using AVX_256 4x4 non-bonded kernels

Using full Lennard-Jones parameter combination matrix

Potential shift: LJ r^-12: -1.122e-01 r^-6: -3.349e-01, Ewald -1.000e-05
Initialized non-bonded Ewald correction tables, spacing: 1.02e-03 size: 2181

Removing pbc first time

Initializing Parallel LINear Constraint Solver

++++ PLEASE READ AND CITE THE FOLLOWING REFERENCE ++++
B. Hess
P-LINCS: A Parallel Linear Constraint Solver for molecular simulation
J. Chem. Theory Comput. 4 (2008) pp. 116-122
-------- -------- --- Thank You --- -------- --------

The number of constraints is 6311
There are inter charge-group constraints,
will communicate selected coordinates each lincs iteration

++++ PLEASE READ AND CITE THE FOLLOWING REFERENCE ++++
S. Miyamoto and P. A. Kollman
SETTLE: An Analytical Version of the SHAKE and RATTLE Algorithms for Rigid
Water Models
J. Comp. Chem. 13 (1992) pp. 952-962
-------- -------- --- Thank You --- -------- --------


Linking all bonded interactions to atoms
There are 3131221 inter charge-group exclusions,
will use an extra communication step for exclusion forces for PME

The initial number of communication pulses is: X 1
The initial domain decomposition cell size is: X 7.23 nm

The maximum allowed distance for charge groups involved in interactions is:
                 non-bonded interactions           1.228 nm
            two-body bonded interactions  (-rdd)   1.228 nm
          multi-body bonded interactions  (-rdd)   1.228 nm
  atoms separated by up to 5 constraints  (-rcon)  7.232 nm

When dynamic load balancing gets turned on, these settings will change to:
The maximum number of communication pulses is: X 1
The minimum size for domain decomposition cells is 1.228 nm
The requested allowed shrink of DD cells (option -dds) is: 0.80
The allowed shrink of domain decomposition cells is: X 0.17
The maximum allowed distance for charge groups involved in interactions is:
                 non-bonded interactions           1.228 nm
            two-body bonded interactions  (-rdd)   1.228 nm
          multi-body bonded interactions  (-rdd)   1.228 nm
  atoms separated by up to 5 constraints  (-rcon)  1.228 nm


Making 1D domain decomposition grid 4 x 1 x 1, home cell index 0 0 0

Center of mass motion removal mode is Linear
We have the following groups for center of mass motion removal:
  0:  Protein_DPPC
  1:  SOL_CL

++++ PLEASE READ AND CITE THE FOLLOWING REFERENCE ++++
G. Bussi, D. Donadio and M. Parrinello
Canonical sampling through velocity rescaling
J. Chem. Phys. 126 (2007) pp. 014101
-------- -------- --- Thank You --- -------- --------

There are: 3117061 Atoms
Charge group distribution at step 0: 783608 778942 774740 779771

Constraining the starting coordinates (step 0)

Constraining the coordinates at t0-dt (step 0)
RMS relative constraint deviation after constraining: 1.18e-05
Initial temperature: 327.69 K

Started mdrun on rank 0 Sat Jan  2 14:05:02 2016
           Step           Time         Lambda
              0        0.00000        0.00000

   Energies (kJ/mol)
          Angle       G96Angle    Proper Dih. Ryckaert-Bell.  Improper Dih.
    7.13305e+03    7.17309e+01    3.68362e+03    2.63586e+03    2.50057e+02
          LJ-14     Coulomb-14        LJ (SR)  Disper. corr.   Coulomb (SR)
    3.99553e+03    1.20591e+04    9.23942e+06   -2.20601e+05   -6.19648e+07
   Coul. recip. Position Rest.      Potential    Kinetic En.   Total Energy
    6.08166e+04    3.67613e-02   -5.28553e+07    8.49304e+06   -4.43623e+07
  Conserved En.    Temperature Pres. DC (bar) Pressure (bar)   Constr. rmsd
   -4.43623e+07    3.27697e+02   -1.16546e+02   -3.77031e+03    1.13823e-05

DD  step 19 load imb.: force  1.6%

DD  step 99 load imb.: force  0.4%

           Step           Time         Lambda
            100        0.20000        0.00000

   Energies (kJ/mol)
          Angle       G96Angle    Proper Dih. Ryckaert-Bell.  Improper Dih.
    1.25071e+04    1.87732e+02    4.67089e+03    5.87294e+03    4.47389e+02
          LJ-14     Coulomb-14        LJ (SR)  Disper. corr.   Coulomb (SR)
    4.16976e+03    1.30019e+04    7.99657e+06   -2.20601e+05   -5.34327e+07
   Coul. recip. Position Rest.      Potential    Kinetic En.   Total Energy
    1.16910e+05    5.69933e+01   -4.54989e+07    6.40068e+06   -3.90982e+07
  Conserved En.    Temperature Pres. DC (bar) Pressure (bar)   Constr. rmsd
   -4.43921e+07    2.46965e+02   -1.16546e+02   -7.89627e+02    9.98741e-06

DD  step 199 load imb.: force  0.4%

           Step           Time         Lambda
            200        0.40000        0.00000

   Energies (kJ/mol)
          Angle       G96Angle    Proper Dih. Ryckaert-Bell.  Improper Dih.
    1.38293e+04    2.01490e+02    4.81180e+03    6.72507e+03    5.44561e+02
          LJ-14     Coulomb-14        LJ (SR)  Disper. corr.   Coulomb (SR)
    4.29359e+03    1.33247e+04    7.94897e+06   -2.20601e+05   -5.19608e+07
   Coul. recip. Position Rest.      Potential    Kinetic En.   Total Energy
    1.30373e+05    4.73380e+01   -4.40582e+07    7.50572e+06   -3.65525e+07
  Conserved En.    Temperature Pres. DC (bar) Pressure (bar)   Constr. rmsd
   -4.44086e+07    2.89602e+02   -1.16546e+02    3.78839e+02    9.93776e-06

Writing checkpoint, step 260 at Sat Jan  2 14:20:26 2016


DD  step 299 load imb.: force  0.5%

           Step           Time         Lambda
            300        0.60000        0.00000

   Energies (kJ/mol)
          Angle       G96Angle    Proper Dih. Ryckaert-Bell.  Improper Dih.
    1.36242e+04    2.56502e+02    4.95628e+03    7.03529e+03    6.26865e+02
          LJ-14     Coulomb-14        LJ (SR)  Disper. corr.   Coulomb (SR)
    4.41312e+03    1.33270e+04    7.69209e+06   -2.20601e+05   -5.08914e+07
   Coul. recip. Position Rest.      Potential    Kinetic En.   Total Energy
    1.38731e+05    6.25980e+01   -4.32369e+07    7.91774e+06   -3.53191e+07
  Conserved En.    Temperature Pres. DC (bar) Pressure (bar)   Constr. rmsd
   -4.44218e+07    3.05500e+02   -1.16546e+02    5.90163e+02    1.02899e-05

DD  step 399 load imb.: force  0.6%

           Step           Time         Lambda
            400        0.80000        0.00000

   Energies (kJ/mol)
          Angle       G96Angle    Proper Dih. Ryckaert-Bell.  Improper Dih.
    1.35448e+04    1.94396e+02    5.00601e+03    7.12551e+03    5.81250e+02
          LJ-14     Coulomb-14        LJ (SR)  Disper. corr.   Coulomb (SR)
    4.30938e+03    1.35920e+04    7.52412e+06   -2.20601e+05   -5.02713e+07
   Coul. recip. Position Rest.      Potential    Kinetic En.   Total Energy
    1.42816e+05    5.76260e+01   -4.27805e+07    8.11792e+06   -3.46626e+07
  Conserved En.    Temperature Pres. DC (bar) Pressure (bar)   Constr. rmsd
   -4.44288e+07    3.13223e+02   -1.16546e+02    6.54634e+02    9.86739e-06

DD  step 499 load imb.: force  0.5%

           Step           Time         Lambda
            500        1.00000        0.00000

   Energies (kJ/mol)
          Angle       G96Angle    Proper Dih. Ryckaert-Bell.  Improper Dih.
    1.35249e+04    2.29608e+02    4.95848e+03    7.31809e+03    5.55543e+02
          LJ-14     Coulomb-14        LJ (SR)  Disper. corr.   Coulomb (SR)
    4.31238e+03    1.38310e+04    7.39883e+06   -2.20601e+05   -4.98741e+07
   Coul. recip. Position Rest.      Potential    Kinetic En.   Total Energy
    1.45790e+05    5.41107e+01   -4.25053e+07    8.21562e+06   -3.42897e+07
  Conserved En.    Temperature Pres. DC (bar) Pressure (bar)   Constr. rmsd
   -4.44341e+07    3.16993e+02   -1.16546e+02    6.58833e+02    1.01357e-05

Writing checkpoint, step 540 at Sat Jan  2 14:35:41 2016


DD  step 599 load imb.: force  0.6%

           Step           Time         Lambda
            600        1.20000        0.00000

   Energies (kJ/mol)
          Angle       G96Angle    Proper Dih. Ryckaert-Bell.  Improper Dih.
    1.36880e+04    2.08959e+02    4.80877e+03    7.20295e+03    5.50396e+02
          LJ-14     Coulomb-14        LJ (SR)  Disper. corr.   Coulomb (SR)
    4.21308e+03    1.39859e+04    7.32949e+06   -2.20601e+05   -4.96382e+07
   Coul. recip. Position Rest.      Potential    Kinetic En.   Total Energy
    1.47312e+05    5.52368e+01   -4.23373e+07    8.27700e+06   -3.40603e+07
  Conserved En.    Temperature Pres. DC (bar) Pressure (bar)   Constr. rmsd
   -4.44371e+07    3.19361e+02   -1.16546e+02    6.63040e+02    1.03619e-05

DD  step 699 load imb.: force  0.3%

           Step           Time         Lambda
            700        1.40000        0.00000

   Energies (kJ/mol)
          Angle       G96Angle    Proper Dih. Ryckaert-Bell.  Improper Dih.
    1.40215e+04    2.46205e+02    4.83514e+03    7.28510e+03    5.47493e+02
          LJ-14     Coulomb-14        LJ (SR)  Disper. corr.   Coulomb (SR)
    4.20881e+03    1.38309e+04    7.28200e+06   -2.20601e+05   -4.94872e+07
   Coul. recip. Position Rest.      Potential    Kinetic En.   Total Energy
    1.48014e+05    6.87466e+01   -4.22327e+07    8.31522e+06   -3.39175e+07
  Conserved En.    Temperature Pres. DC (bar) Pressure (bar)   Constr. rmsd
   -4.44388e+07    3.20836e+02   -1.16546e+02    6.57668e+02    1.02718e-05

DD  step 799 load imb.: force  0.2%

           Step           Time         Lambda
            800        1.60000        0.00000

   Energies (kJ/mol)
          Angle       G96Angle    Proper Dih. Ryckaert-Bell.  Improper Dih.
    1.40024e+04    2.16033e+02    4.66347e+03    7.55305e+03    5.75719e+02
          LJ-14     Coulomb-14        LJ (SR)  Disper. corr.   Coulomb (SR)
    4.29606e+03    1.36351e+04    7.25576e+06   -2.20601e+05   -4.93872e+07
   Coul. recip. Position Rest.      Potential    Kinetic En.   Total Energy
    1.48201e+05    5.45411e+01   -4.21589e+07    8.32846e+06   -3.38304e+07
  Conserved En.    Temperature Pres. DC (bar) Pressure (bar)   Constr. rmsd
   -4.44397e+07    3.21347e+02   -1.16546e+02    6.81152e+02    1.01556e-05

Writing checkpoint, step 820 at Sat Jan  2 14:50:53 2016


DD  step 899 load imb.: force  0.4%

           Step           Time         Lambda
            900        1.80000        0.00000

   Energies (kJ/mol)
          Angle       G96Angle    Proper Dih. Ryckaert-Bell.  Improper Dih.
    1.42583e+04    2.54517e+02    4.62282e+03    7.36261e+03    5.69953e+02
          LJ-14     Coulomb-14        LJ (SR)  Disper. corr.   Coulomb (SR)
    4.30364e+03    1.36031e+04    7.21842e+06   -2.20601e+05   -4.93048e+07
   Coul. recip. Position Rest.      Potential    Kinetic En.   Total Energy
    1.50002e+05    7.15262e+01   -4.21120e+07    8.34725e+06   -3.37647e+07
  Conserved En.    Temperature Pres. DC (bar) Pressure (bar)   Constr. rmsd
   -4.44408e+07    3.22072e+02   -1.16546e+02    6.55848e+02    1.00616e-05

DD  step 999 load imb.: force  0.6%

           Step           Time         Lambda
           1000        2.00000        0.00000

   Energies (kJ/mol)
          Angle       G96Angle    Proper Dih. Ryckaert-Bell.  Improper Dih.
    1.40612e+04    2.39689e+02    4.68685e+03    7.41932e+03    5.42529e+02
          LJ-14     Coulomb-14        LJ (SR)  Disper. corr.   Coulomb (SR)
    4.19527e+03    1.38954e+04    7.21039e+06   -2.20601e+05   -4.92760e+07
   Coul. recip. Position Rest.      Potential    Kinetic En.   Total Energy
    1.49380e+05    9.36191e+01   -4.20917e+07    8.35879e+06   -3.37329e+07
  Conserved En.    Temperature Pres. DC (bar) Pressure (bar)   Constr. rmsd
   -4.44418e+07    3.22517e+02   -1.16546e+02    6.56416e+02    1.02283e-05

DD  step 1099 load imb.: force  0.2%

           Step           Time         Lambda
           1100        2.20000        0.00000

Writing checkpoint, step 1100 at Sat Jan  2 15:06:01 2016


   Energies (kJ/mol)
          Angle       G96Angle    Proper Dih. Ryckaert-Bell.  Improper Dih.
    1.42577e+04    2.53753e+02    4.70874e+03    7.40667e+03    5.35195e+02
          LJ-14     Coulomb-14        LJ (SR)  Disper. corr.   Coulomb (SR)
    4.27043e+03    1.37947e+04    7.19514e+06   -2.20601e+05   -4.92352e+07
   Coul. recip. Position Rest.      Potential    Kinetic En.   Total Energy
    1.48819e+05    6.65004e+01   -4.20666e+07    8.36392e+06   -3.37027e+07
  Conserved En.    Temperature Pres. DC (bar) Pressure (bar)   Constr. rmsd
   -4.44414e+07    3.22715e+02   -1.16546e+02    6.52397e+02    1.04721e-05

DD  step 1199 load imb.: force  0.5%

           Step           Time         Lambda
           1200        2.40000        0.00000

   Energies (kJ/mol)
          Angle       G96Angle    Proper Dih. Ryckaert-Bell.  Improper Dih.
    1.36598e+04    2.14923e+02    4.56345e+03    7.55524e+03    5.43706e+02
          LJ-14     Coulomb-14        LJ (SR)  Disper. corr.   Coulomb (SR)
    4.14803e+03    1.38993e+04    7.19990e+06   -2.20601e+05   -4.92254e+07
   Coul. recip. Position Rest.      Potential    Kinetic En.   Total Energy
    1.49788e+05    4.71588e+01   -4.20517e+07    8.35731e+06   -3.36944e+07
  Conserved En.    Temperature Pres. DC (bar) Pressure (bar)   Constr. rmsd
   -4.44421e+07    3.22460e+02   -1.16546e+02    6.67460e+02    1.00733e-05

DD  step 1299 load imb.: force  0.2%

           Step           Time         Lambda
           1300        2.60000        0.00000

   Energies (kJ/mol)
          Angle       G96Angle    Proper Dih. Ryckaert-Bell.  Improper Dih.
    1.41722e+04    2.40101e+02    4.59660e+03    7.36322e+03    4.87204e+02
          LJ-14     Coulomb-14        LJ (SR)  Disper. corr.   Coulomb (SR)
    4.25076e+03    1.36789e+04    7.18568e+06   -2.20601e+05   -4.91911e+07
   Coul. recip. Position Rest.      Potential    Kinetic En.   Total Energy
    1.49813e+05    7.21381e+01   -4.20313e+07    8.36877e+06   -3.36626e+07
  Conserved En.    Temperature Pres. DC (bar) Pressure (bar)   Constr. rmsd
   -4.44419e+07    3.22902e+02   -1.16546e+02    6.54187e+02    1.02944e-05

Writing checkpoint, step 1380 at Sat Jan  2 15:21:11 2016


DD  step 1399 load imb.: force  0.4%

           Step           Time         Lambda
           1400        2.80000        0.00000

   Energies (kJ/mol)
          Angle       G96Angle    Proper Dih. Ryckaert-Bell.  Improper Dih.
    1.37754e+04    2.72660e+02    4.59262e+03    7.56953e+03    5.49228e+02
          LJ-14     Coulomb-14        LJ (SR)  Disper. corr.   Coulomb (SR)
    4.21683e+03    1.43568e+04    7.19035e+06   -2.20601e+05   -4.91915e+07
   Coul. recip. Position Rest.      Potential    Kinetic En.   Total Energy
    1.49763e+05    6.65836e+01   -4.20266e+07    8.36736e+06   -3.36592e+07
  Conserved En.    Temperature Pres. DC (bar) Pressure (bar)   Constr. rmsd
   -4.44418e+07    3.22848e+02   -1.16546e+02    6.63621e+02    1.05255e-05

DD  step 1499 load imb.: force  0.6%

           Step           Time         Lambda
           1500        3.00000        0.00000

   Energies (kJ/mol)
          Angle       G96Angle    Proper Dih. Ryckaert-Bell.  Improper Dih.
    1.36493e+04    2.49826e+02    4.54401e+03    7.58480e+03    5.18829e+02
          LJ-14     Coulomb-14        LJ (SR)  Disper. corr.   Coulomb (SR)
    4.09982e+03    1.37865e+04    7.17310e+06   -2.20601e+05   -4.91786e+07
   Coul. recip. Position Rest.      Potential    Kinetic En.   Total Energy
    1.49907e+05    5.55271e+01   -4.20318e+07    8.37057e+06   -3.36612e+07
  Conserved En.    Temperature Pres. DC (bar) Pressure (bar)   Constr. rmsd
   -4.44425e+07    3.22972e+02   -1.16546e+02    6.39909e+02    1.08063e-05

DD  step 1599 load imb.: force  0.2%

           Step           Time         Lambda
           1600        3.20000        0.00000

   Energies (kJ/mol)
          Angle       G96Angle    Proper Dih. Ryckaert-Bell.  Improper Dih.
    1.39922e+04    2.52413e+02    4.52423e+03    7.45848e+03    5.51724e+02
          LJ-14     Coulomb-14        LJ (SR)  Disper. corr.   Coulomb (SR)
    4.12356e+03    1.39316e+04    7.16658e+06   -2.20601e+05   -4.91680e+07
   Coul. recip. Position Rest.      Potential    Kinetic En.   Total Energy
    1.49650e+05    6.46096e+01   -4.20275e+07    8.36756e+06   -3.36600e+07
  Conserved En.    Temperature Pres. DC (bar) Pressure (bar)   Constr. rmsd
   -4.44427e+07    3.22855e+02   -1.16546e+02    6.39860e+02    1.05582e-05

Writing checkpoint, step 1660 at Sat Jan  2 15:36:21 2016


DD  step 1699 load imb.: force  0.2%

           Step           Time         Lambda
           1700        3.40000        0.00000

   Energies (kJ/mol)
          Angle       G96Angle    Proper Dih. Ryckaert-Bell.  Improper Dih.
    1.38758e+04    2.29101e+02    4.58423e+03    7.39466e+03    4.99314e+02
          LJ-14     Coulomb-14        LJ (SR)  Disper. corr.   Coulomb (SR)
    4.25373e+03    1.43384e+04    7.17558e+06   -2.20601e+05   -4.91832e+07
   Coul. recip. Position Rest.      Potential    Kinetic En.   Total Energy
    1.50081e+05    5.44109e+01   -4.20329e+07    8.37515e+06   -3.36578e+07
  Conserved En.    Temperature Pres. DC (bar) Pressure (bar)   Constr. rmsd
   -4.44417e+07    3.23148e+02   -1.16546e+02    6.51081e+02    9.91417e-06

DD  step 1799 load imb.: force  0.3%

           Step           Time         Lambda
           1800        3.60000        0.00000

   Energies (kJ/mol)
          Angle       G96Angle    Proper Dih. Ryckaert-Bell.  Improper Dih.
    1.41191e+04    2.36847e+02    4.41246e+03    7.61529e+03    5.76478e+02
          LJ-14     Coulomb-14        LJ (SR)  Disper. corr.   Coulomb (SR)
    4.29237e+03    1.44966e+04    7.18281e+06   -2.20601e+05   -4.91897e+07
   Coul. recip. Position Rest.      Potential    Kinetic En.   Total Energy
    1.49748e+05    7.22280e+01   -4.20320e+07    8.37050e+06   -3.36615e+07
  Conserved En.    Temperature Pres. DC (bar) Pressure (bar)   Constr. rmsd
   -4.44414e+07    3.22969e+02   -1.16546e+02    6.58869e+02    1.03213e-05

DD  step 1899 load imb.: force  0.2%

           Step           Time         Lambda
           1900        3.80000        0.00000

   Energies (kJ/mol)
          Angle       G96Angle    Proper Dih. Ryckaert-Bell.  Improper Dih.
    1.48955e+04    2.47250e+02    4.60398e+03    7.47012e+03    5.62912e+02
          LJ-14     Coulomb-14        LJ (SR)  Disper. corr.   Coulomb (SR)
    4.31196e+03    1.33042e+04    7.17741e+06   -2.20601e+05   -4.91862e+07
   Coul. recip. Position Rest.      Potential    Kinetic En.   Total Energy
    1.49252e+05    5.09387e+01   -4.20347e+07    8.37037e+06   -3.36643e+07
  Conserved En.    Temperature Pres. DC (bar) Pressure (bar)   Constr. rmsd
   -4.44416e+07    3.22964e+02   -1.16546e+02    6.49845e+02    1.03296e-05

Writing checkpoint, step 1920 at Sat Jan  2 15:50:24 2016


DD  step 1999 load imb.: force  0.7%

           Step           Time         Lambda
           2000        4.00000        0.00000

   Energies (kJ/mol)
          Angle       G96Angle    Proper Dih. Ryckaert-Bell.  Improper Dih.
    1.40969e+04    2.28808e+02    4.51902e+03    7.43866e+03    5.61361e+02
          LJ-14     Coulomb-14        LJ (SR)  Disper. corr.   Coulomb (SR)
    4.18398e+03    1.40096e+04    7.18764e+06   -2.20601e+05   -4.91862e+07
   Coul. recip. Position Rest.      Potential    Kinetic En.   Total Energy
    1.49582e+05    4.60669e+01   -4.20245e+07    8.36397e+06   -3.36605e+07
  Conserved En.    Temperature Pres. DC (bar) Pressure (bar)   Constr. rmsd
   -4.44412e+07    3.22717e+02   -1.16546e+02    6.75402e+02    1.00471e-05

DD  step 2099 load imb.: force  0.5%

           Step           Time         Lambda
           2100        4.20000        0.00000

   Energies (kJ/mol)
          Angle       G96Angle    Proper Dih. Ryckaert-Bell.  Improper Dih.
    1.37906e+04    2.34806e+02    4.52570e+03    7.38734e+03    5.63719e+02
          LJ-14     Coulomb-14        LJ (SR)  Disper. corr.   Coulomb (SR)
    4.22867e+03    1.41179e+04    7.16495e+06   -2.20601e+05   -4.91732e+07
   Coul. recip. Position Rest.      Potential    Kinetic En.   Total Energy
    1.50302e+05    5.59294e+01   -4.20337e+07    8.37073e+06   -3.36629e+07
  Conserved En.    Temperature Pres. DC (bar) Pressure (bar)   Constr. rmsd
   -4.44414e+07    3.22978e+02   -1.16546e+02    6.27934e+02    1.03518e-05

DD  step 2199 load imb.: force  0.5%

           Step           Time         Lambda
           2200        4.40000        0.00000

Writing checkpoint, step 2200 at Sat Jan  2 16:05:30 2016


   Energies (kJ/mol)
          Angle       G96Angle    Proper Dih. Ryckaert-Bell.  Improper Dih.
    1.38642e+04    2.11918e+02    4.44023e+03    7.27861e+03    5.51686e+02
          LJ-14     Coulomb-14        LJ (SR)  Disper. corr.   Coulomb (SR)
    4.20075e+03    1.43148e+04    7.17369e+06   -2.20601e+05   -4.91858e+07
   Coul. recip. Position Rest.      Potential    Kinetic En.   Total Energy
    1.50066e+05    5.28755e+01   -4.20378e+07    8.36625e+06   -3.36715e+07
  Conserved En.    Temperature Pres. DC (bar) Pressure (bar)   Constr. rmsd
   -4.44408e+07    3.22805e+02   -1.16546e+02    6.34762e+02    1.02633e-05

DD  step 2299 load imb.: force  0.1%

           Step           Time         Lambda
           2300        4.60000        0.00000

   Energies (kJ/mol)
          Angle       G96Angle    Proper Dih. Ryckaert-Bell.  Improper Dih.
    1.39580e+04    1.70262e+02    4.57465e+03    7.56486e+03    5.44563e+02
          LJ-14     Coulomb-14        LJ (SR)  Disper. corr.   Coulomb (SR)
    4.31934e+03    1.37713e+04    7.17558e+06   -2.20601e+05   -4.91742e+07
   Coul. recip. Position Rest.      Potential    Kinetic En.   Total Energy
    1.49192e+05    4.66509e+01   -4.20251e+07    8.36170e+06   -3.36634e+07
  Conserved En.    Temperature Pres. DC (bar) Pressure (bar)   Constr. rmsd
   -4.44413e+07    3.22629e+02   -1.16546e+02    6.47744e+02    1.01729e-05

DD  step 2399 load imb.: force  0.3%

           Step           Time         Lambda
           2400        4.80000        0.00000

   Energies (kJ/mol)
          Angle       G96Angle    Proper Dih. Ryckaert-Bell.  Improper Dih.
    1.41400e+04    1.95027e+02    4.47619e+03    7.61837e+03    4.88208e+02
          LJ-14     Coulomb-14        LJ (SR)  Disper. corr.   Coulomb (SR)
    4.32032e+03    1.37664e+04    7.18022e+06   -2.20601e+05   -4.91869e+07
   Coul. recip. Position Rest.      Potential    Kinetic En.   Total Energy
    1.50069e+05    4.56475e+01   -4.20321e+07    8.37074e+06   -3.36614e+07
  Conserved En.    Temperature Pres. DC (bar) Pressure (bar)   Constr. rmsd
   -4.44412e+07    3.22978e+02   -1.16546e+02    6.56505e+02    1.05381e-05

Writing checkpoint, step 2480 at Sat Jan  2 16:20:41 2016


DD  step 2499 load imb.: force  0.1%

           Step           Time         Lambda
           2500        5.00000        0.00000

   Energies (kJ/mol)
          Angle       G96Angle    Proper Dih. Ryckaert-Bell.  Improper Dih.
    1.45140e+04    2.36893e+02    4.56500e+03    7.46721e+03    4.93695e+02
          LJ-14     Coulomb-14        LJ (SR)  Disper. corr.   Coulomb (SR)
    4.29193e+03    1.36402e+04    7.18512e+06   -2.20601e+05   -4.91855e+07
   Coul. recip. Position Rest.      Potential    Kinetic En.   Total Energy
    1.50172e+05    6.29098e+01   -4.20255e+07    8.37375e+06   -3.36518e+07
  Conserved En.    Temperature Pres. DC (bar) Pressure (bar)   Constr. rmsd
   -4.44413e+07    3.23094e+02   -1.16546e+02    6.72521e+02    1.03437e-05

DD  step 2599 load imb.: force  0.4%

           Step           Time         Lambda
           2600        5.20000        0.00000

   Energies (kJ/mol)
          Angle       G96Angle    Proper Dih. Ryckaert-Bell.  Improper Dih.
    1.41587e+04    2.32431e+02    4.63410e+03    7.68390e+03    5.43138e+02
          LJ-14     Coulomb-14        LJ (SR)  Disper. corr.   Coulomb (SR)
    4.15021e+03    1.39454e+04    7.17236e+06   -2.20601e+05   -4.91682e+07
   Coul. recip. Position Rest.      Potential    Kinetic En.   Total Energy
    1.49399e+05    8.25375e+01   -4.20217e+07    8.37445e+06   -3.36472e+07
  Conserved En.    Temperature Pres. DC (bar) Pressure (bar)   Constr. rmsd
   -4.44412e+07    3.23121e+02   -1.16546e+02    6.57456e+02    1.05632e-05

DD  step 2699 load imb.: force  0.8%

           Step           Time         Lambda
           2700        5.40000        0.00000

   Energies (kJ/mol)
          Angle       G96Angle    Proper Dih. Ryckaert-Bell.  Improper Dih.
    1.41501e+04    2.58618e+02    4.43350e+03    7.40381e+03    5.24872e+02
          LJ-14     Coulomb-14        LJ (SR)  Disper. corr.   Coulomb (SR)
    4.27415e+03    1.37833e+04    7.16818e+06   -2.20601e+05   -4.91682e+07
   Coul. recip. Position Rest.      Potential    Kinetic En.   Total Energy
    1.49695e+05    6.63650e+01   -4.20260e+07    8.37604e+06   -3.36499e+07
  Conserved En.    Temperature Pres. DC (bar) Pressure (bar)   Constr. rmsd
   -4.44414e+07    3.23182e+02   -1.16546e+02    6.39641e+02    1.05641e-05

Writing checkpoint, step 2760 at Sat Jan  2 16:35:53 2016


DD  step 2799 load imb.: force  0.1%

           Step           Time         Lambda
           2800        5.60000        0.00000

   Energies (kJ/mol)
          Angle       G96Angle    Proper Dih. Ryckaert-Bell.  Improper Dih.
    1.41858e+04    2.39569e+02    4.39780e+03    7.39220e+03    4.86766e+02
          LJ-14     Coulomb-14        LJ (SR)  Disper. corr.   Coulomb (SR)
    4.36775e+03    1.36229e+04    7.18120e+06   -2.20601e+05   -4.91883e+07
   Coul. recip. Position Rest.      Potential    Kinetic En.   Total Energy
    1.49164e+05    6.56838e+01   -4.20338e+07    8.37437e+06   -3.36594e+07
  Conserved En.    Temperature Pres. DC (bar) Pressure (bar)   Constr. rmsd
   -4.44403e+07    3.23118e+02   -1.16546e+02    6.54355e+02    1.04176e-05

DD  step 2899 load imb.: force  0.4%

           Step           Time         Lambda
           2900        5.80000        0.00000

   Energies (kJ/mol)
          Angle       G96Angle    Proper Dih. Ryckaert-Bell.  Improper Dih.
    1.40063e+04    2.41866e+02    4.42051e+03    7.46534e+03    5.56032e+02
          LJ-14     Coulomb-14        LJ (SR)  Disper. corr.   Coulomb (SR)
    4.12373e+03    1.40478e+04    7.18893e+06   -2.20601e+05   -4.92011e+07
   Coul. recip. Position Rest.      Potential    Kinetic En.   Total Energy
    1.49268e+05    5.60035e+01   -4.20386e+07    8.36741e+06   -3.36712e+07
  Conserved En.    Temperature Pres. DC (bar) Pressure (bar)   Constr. rmsd
   -4.44407e+07    3.22850e+02   -1.16546e+02    6.68103e+02    1.04445e-05

DD  step 2999 load imb.: force  0.4%

           Step           Time         Lambda
           3000        6.00000        0.00000

   Energies (kJ/mol)
          Angle       G96Angle    Proper Dih. Ryckaert-Bell.  Improper Dih.
    1.42311e+04    2.17881e+02    4.42370e+03    7.56188e+03    5.74991e+02
          LJ-14     Coulomb-14        LJ (SR)  Disper. corr.   Coulomb (SR)
    4.18935e+03    1.38817e+04    7.18658e+06   -2.20601e+05   -4.91993e+07
   Coul. recip. Position Rest.      Potential    Kinetic En.   Total Energy
    1.50330e+05    6.26178e+01   -4.20378e+07    8.37721e+06   -3.36606e+07
  Conserved En.    Temperature Pres. DC (bar) Pressure (bar)   Constr. rmsd
   -4.44400e+07    3.23228e+02   -1.16546e+02    6.74074e+02    1.02061e-05

Writing checkpoint, step 3040 at Sat Jan  2 16:51:08 2016


DD  step 3099 load imb.: force  0.4%

           Step           Time         Lambda
           3100        6.20000        0.00000

   Energies (kJ/mol)
          Angle       G96Angle    Proper Dih. Ryckaert-Bell.  Improper Dih.
    1.47011e+04    2.18711e+02    4.40217e+03    7.51218e+03    5.73803e+02
          LJ-14     Coulomb-14        LJ (SR)  Disper. corr.   Coulomb (SR)
    4.24001e+03    1.34973e+04    7.17132e+06   -2.20601e+05   -4.91774e+07
   Coul. recip. Position Rest.      Potential    Kinetic En.   Total Energy
    1.49119e+05    7.35272e+01   -4.20323e+07    8.36523e+06   -3.36671e+07
  Conserved En.    Temperature Pres. DC (bar) Pressure (bar)   Constr. rmsd
   -4.44407e+07    3.22766e+02   -1.16546e+02    6.35404e+02    1.06853e-05

DD  step 3199 load imb.: force  0.2%

           Step           Time         Lambda
           3200        6.40000        0.00000

   Energies (kJ/mol)
          Angle       G96Angle    Proper Dih. Ryckaert-Bell.  Improper Dih.
    1.41087e+04    2.35894e+02    4.41552e+03    7.59690e+03    5.84466e+02
          LJ-14     Coulomb-14        LJ (SR)  Disper. corr.   Coulomb (SR)
    4.11401e+03    1.42450e+04    7.16412e+06   -2.20601e+05   -4.91653e+07
   Coul. recip. Position Rest.      Potential    Kinetic En.   Total Energy
    1.49651e+05    8.10727e+01   -4.20267e+07    8.37098e+06   -3.36558e+07
  Conserved En.    Temperature Pres. DC (bar) Pressure (bar)   Constr. rmsd
   -4.44410e+07    3.22988e+02   -1.16546e+02    6.32882e+02    1.05881e-05

DD  step 3299 load imb.: force  0.2%

           Step           Time         Lambda
           3300        6.60000        0.00000

   Energies (kJ/mol)
          Angle       G96Angle    Proper Dih. Ryckaert-Bell.  Improper Dih.
    1.40628e+04    2.39145e+02    4.40188e+03    7.28313e+03    5.83466e+02
          LJ-14     Coulomb-14        LJ (SR)  Disper. corr.   Coulomb (SR)
    4.29287e+03    1.43648e+04    7.17982e+06   -2.20601e+05   -4.91928e+07
   Coul. recip. Position Rest.      Potential    Kinetic En.   Total Energy
    1.49048e+05    6.31190e+01   -4.20392e+07    8.37923e+06   -3.36600e+07
  Conserved En.    Temperature Pres. DC (bar) Pressure (bar)   Constr. rmsd
   -4.44410e+07    3.23306e+02   -1.16546e+02    6.69156e+02    1.00943e-05

Writing checkpoint, step 3320 at Sat Jan  2 17:06:26 2016


DD  step 3399 load imb.: force  0.3%

           Step           Time         Lambda
           3400        6.80000        0.00000

   Energies (kJ/mol)
          Angle       G96Angle    Proper Dih. Ryckaert-Bell.  Improper Dih.
    1.45752e+04    2.61701e+02    4.25428e+03    7.42168e+03    5.56104e+02
          LJ-14     Coulomb-14        LJ (SR)  Disper. corr.   Coulomb (SR)
    4.28920e+03    1.38217e+04    7.16354e+06   -2.20601e+05   -4.91588e+07
   Coul. recip. Position Rest.      Potential    Kinetic En.   Total Energy
    1.50329e+05    6.96684e+01   -4.20203e+07    8.37213e+06   -3.36481e+07
  Conserved En.    Temperature Pres. DC (bar) Pressure (bar)   Constr. rmsd
   -4.44406e+07    3.23032e+02   -1.16546e+02    6.33795e+02    1.02698e-05

DD  step 3499 load imb.: force  0.4%

           Step           Time         Lambda
           3500        7.00000        0.00000

   Energies (kJ/mol)
          Angle       G96Angle    Proper Dih. Ryckaert-Bell.  Improper Dih.
    1.39793e+04    2.18768e+02    4.46591e+03    7.48038e+03    5.80999e+02
          LJ-14     Coulomb-14        LJ (SR)  Disper. corr.   Coulomb (SR)
    4.27956e+03    1.40035e+04    7.17494e+06   -2.20601e+05   -4.91714e+07
   Coul. recip. Position Rest.      Potential    Kinetic En.   Total Energy
    1.49663e+05    6.39289e+01   -4.20223e+07    8.37046e+06   -3.36518e+07
  Conserved En.    Temperature Pres. DC (bar) Pressure (bar)   Constr. rmsd
   -4.44402e+07    3.22967e+02   -1.16546e+02    6.55578e+02    9.97442e-06

Writing checkpoint, step 3580 at Sat Jan  2 17:20:39 2016


DD  step 3599 load imb.: force  0.3%

           Step           Time         Lambda
           3600        7.20000        0.00000

   Energies (kJ/mol)
          Angle       G96Angle    Proper Dih. Ryckaert-Bell.  Improper Dih.
    1.42271e+04    2.32230e+02    4.30377e+03    7.47447e+03    5.97199e+02
          LJ-14     Coulomb-14        LJ (SR)  Disper. corr.   Coulomb (SR)
    4.18989e+03    1.42917e+04    7.19235e+06   -2.20601e+05   -4.91889e+07
   Coul. recip. Position Rest.      Potential    Kinetic En.   Total Energy
    1.50062e+05    5.57996e+01   -4.20218e+07    8.37424e+06   -3.36475e+07
  Conserved En.    Temperature Pres. DC (bar) Pressure (bar)   Constr. rmsd
   -4.44403e+07    3.23113e+02   -1.16546e+02    6.87807e+02    1.02721e-05

DD  step 3699 load imb.: force  0.7%

           Step           Time         Lambda
           3700        7.40000        0.00000

   Energies (kJ/mol)
          Angle       G96Angle    Proper Dih. Ryckaert-Bell.  Improper Dih.
    1.43147e+04    2.51675e+02    4.39325e+03    7.51312e+03    4.59115e+02
          LJ-14     Coulomb-14        LJ (SR)  Disper. corr.   Coulomb (SR)
    4.30510e+03    1.44222e+04    7.17159e+06   -2.20601e+05   -4.91721e+07
   Coul. recip. Position Rest.      Potential    Kinetic En.   Total Energy
    1.49772e+05    7.40460e+01   -4.20256e+07    8.37466e+06   -3.36509e+07
  Conserved En.    Temperature Pres. DC (bar) Pressure (bar)   Constr. rmsd
   -4.44402e+07    3.23130e+02   -1.16546e+02    6.49918e+02    1.01744e-05

DD  step 3799 load imb.: force  0.2%

           Step           Time         Lambda
           3800        7.60000        0.00000

   Energies (kJ/mol)
          Angle       G96Angle    Proper Dih. Ryckaert-Bell.  Improper Dih.
    1.41560e+04    2.45278e+02    4.43209e+03    7.54827e+03    4.88496e+02
          LJ-14     Coulomb-14        LJ (SR)  Disper. corr.   Coulomb (SR)
    4.22413e+03    1.42636e+04    7.16419e+06   -2.20601e+05   -4.91607e+07
   Coul. recip. Position Rest.      Potential    Kinetic En.   Total Energy
    1.50109e+05    6.59131e+01   -4.20216e+07    8.37625e+06   -3.36454e+07
  Conserved En.    Temperature Pres. DC (bar) Pressure (bar)   Constr. rmsd
   -4.44412e+07    3.23191e+02   -1.16546e+02    6.35606e+02    1.03397e-05

Writing checkpoint, step 3860 at Sat Jan  2 17:35:57 2016


DD  step 3899 load imb.: force  0.2%

           Step           Time         Lambda
           3900        7.80000        0.00000

   Energies (kJ/mol)
          Angle       G96Angle    Proper Dih. Ryckaert-Bell.  Improper Dih.
    1.41000e+04    2.11914e+02    4.54554e+03    7.26685e+03    4.84158e+02
          LJ-14     Coulomb-14        LJ (SR)  Disper. corr.   Coulomb (SR)
    4.14416e+03    1.50233e+04    7.15659e+06   -2.20601e+05   -4.91564e+07
   Coul. recip. Position Rest.      Potential    Kinetic En.   Total Energy
    1.49305e+05    5.91341e+01   -4.20252e+07    8.37700e+06   -3.36482e+07
  Conserved En.    Temperature Pres. DC (bar) Pressure (bar)   Constr. rmsd
   -4.44409e+07    3.23220e+02   -1.16546e+02    6.28858e+02    1.02199e-05

DD  step 3999 load imb.: force  0.3%

           Step           Time         Lambda
           4000        8.00000        0.00000

   Energies (kJ/mol)
          Angle       G96Angle    Proper Dih. Ryckaert-Bell.  Improper Dih.
    1.43178e+04    2.35789e+02    4.35809e+03    7.62192e+03    5.20481e+02
          LJ-14     Coulomb-14        LJ (SR)  Disper. corr.   Coulomb (SR)
    4.27423e+03    1.44410e+04    7.15876e+06   -2.20601e+05   -4.91561e+07
   Coul. recip. Position Rest.      Potential    Kinetic En.   Total Energy
    1.48885e+05    6.31519e+01   -4.20232e+07    8.37731e+06   -3.36459e+07
  Conserved En.    Temperature Pres. DC (bar) Pressure (bar)   Constr. rmsd
   -4.44399e+07    3.23232e+02   -1.16546e+02    6.42886e+02    1.00969e-05

DD  step 4099 load imb.: force  0.5%

           Step           Time         Lambda
           4100        8.20000        0.00000

   Energies (kJ/mol)
          Angle       G96Angle    Proper Dih. Ryckaert-Bell.  Improper Dih.
    1.39334e+04    2.26881e+02    4.22994e+03    7.45486e+03    5.51997e+02
          LJ-14     Coulomb-14        LJ (SR)  Disper. corr.   Coulomb (SR)
    4.20590e+03    1.49495e+04    7.16758e+06   -2.20601e+05   -4.91594e+07
   Coul. recip. Position Rest.      Potential    Kinetic En.   Total Energy
    1.49392e+05    5.66725e+01   -4.20174e+07    8.37093e+06   -3.36465e+07
  Conserved En.    Temperature Pres. DC (bar) Pressure (bar)   Constr. rmsd
   -4.44403e+07    3.22986e+02   -1.16546e+02    6.50418e+02    1.02571e-05

Writing checkpoint, step 4140 at Sat Jan  2 17:51:16 2016


DD  step 4199 load imb.: force  0.4%

           Step           Time         Lambda
           4200        8.40000        0.00000

   Energies (kJ/mol)
          Angle       G96Angle    Proper Dih. Ryckaert-Bell.  Improper Dih.
    1.40667e+04    2.19731e+02    4.45449e+03    7.30743e+03    4.63968e+02
          LJ-14     Coulomb-14        LJ (SR)  Disper. corr.   Coulomb (SR)
    4.11892e+03    1.48191e+04    7.17951e+06   -2.20601e+05   -4.91723e+07
   Coul. recip. Position Rest.      Potential    Kinetic En.   Total Energy
    1.49810e+05    5.80095e+01   -4.20181e+07    8.37293e+06   -3.36451e+07
  Conserved En.    Temperature Pres. DC (bar) Pressure (bar)   Constr. rmsd
   -4.44399e+07    3.23063e+02   -1.16546e+02    6.58765e+02    1.02048e-05

DD  step 4299 load imb.: force  0.3%

           Step           Time         Lambda
           4300        8.60000        0.00000

   Energies (kJ/mol)
          Angle       G96Angle    Proper Dih. Ryckaert-Bell.  Improper Dih.
    1.43332e+04    2.23429e+02    4.34222e+03    7.09432e+03    6.26401e+02
          LJ-14     Coulomb-14        LJ (SR)  Disper. corr.   Coulomb (SR)
    4.24864e+03    1.47797e+04    7.16986e+06   -2.20601e+05   -4.91701e+07
   Coul. recip. Position Rest.      Potential    Kinetic En.   Total Energy
    1.49127e+05    5.12244e+01   -4.20260e+07    8.37145e+06   -3.36545e+07
  Conserved En.    Temperature Pres. DC (bar) Pressure (bar)   Constr. rmsd
   -4.44402e+07    3.23006e+02   -1.16546e+02    6.37875e+02    1.02970e-05

DD  step 4399 load imb.: force  0.7%

           Step           Time         Lambda
           4400        8.80000        0.00000

Writing checkpoint, step 4400 at Sat Jan  2 18:05:30 2016


   Energies (kJ/mol)
          Angle       G96Angle    Proper Dih. Ryckaert-Bell.  Improper Dih.
    1.40687e+04    2.43018e+02    4.51822e+03    7.24890e+03    5.14467e+02
          LJ-14     Coulomb-14        LJ (SR)  Disper. corr.   Coulomb (SR)
    4.04942e+03    1.46591e+04    7.15948e+06   -2.20601e+05   -4.91571e+07
   Coul. recip. Position Rest.      Potential    Kinetic En.   Total Energy
    1.50371e+05    7.73182e+01   -4.20225e+07    8.37464e+06   -3.36479e+07
  Conserved En.    Temperature Pres. DC (bar) Pressure (bar)   Constr. rmsd
   -4.44400e+07    3.23129e+02   -1.16546e+02    6.33415e+02    1.06260e-05

DD  step 4499 load imb.: force  0.1%

           Step           Time         Lambda
           4500        9.00000        0.00000

   Energies (kJ/mol)
          Angle       G96Angle    Proper Dih. Ryckaert-Bell.  Improper Dih.
    1.41822e+04    2.49989e+02    4.30969e+03    7.51725e+03    4.93730e+02
          LJ-14     Coulomb-14        LJ (SR)  Disper. corr.   Coulomb (SR)
    4.19398e+03    1.46668e+04    7.16720e+06   -2.20601e+05   -4.91606e+07
   Coul. recip. Position Rest.      Potential    Kinetic En.   Total Energy
    1.50237e+05    6.04452e+01   -4.20181e+07    8.36922e+06   -3.36489e+07
  Conserved En.    Temperature Pres. DC (bar) Pressure (bar)   Constr. rmsd
   -4.44396e+07    3.22920e+02   -1.16546e+02    6.52521e+02    1.03274e-05

DD  step 4599 load imb.: force  0.4%

           Step           Time         Lambda
           4600        9.20000        0.00000

   Energies (kJ/mol)
          Angle       G96Angle    Proper Dih. Ryckaert-Bell.  Improper Dih.
    1.41688e+04    2.29892e+02    4.26688e+03    7.64392e+03    5.05307e+02
          LJ-14     Coulomb-14        LJ (SR)  Disper. corr.   Coulomb (SR)
    4.16460e+03    1.47708e+04    7.16817e+06   -2.20601e+05   -4.91619e+07
   Coul. recip. Position Rest.      Potential    Kinetic En.   Total Energy
    1.49310e+05    6.97738e+01   -4.20192e+07    8.37405e+06   -3.36451e+07
  Conserved En.    Temperature Pres. DC (bar) Pressure (bar)   Constr. rmsd
   -4.44393e+07    3.23106e+02   -1.16546e+02    6.43758e+02    1.08207e-05

Writing checkpoint, step 4680 at Sat Jan  2 18:20:54 2016


DD  step 4699 load imb.: force  0.1%

           Step           Time         Lambda
           4700        9.40000        0.00000

   Energies (kJ/mol)
          Angle       G96Angle    Proper Dih. Ryckaert-Bell.  Improper Dih.
    1.42979e+04    2.37933e+02    4.24703e+03    7.30822e+03    5.02600e+02
          LJ-14     Coulomb-14        LJ (SR)  Disper. corr.   Coulomb (SR)
    4.20594e+03    1.43026e+04    7.15724e+06   -2.20601e+05   -4.91515e+07
   Coul. recip. Position Rest.      Potential    Kinetic En.   Total Energy
    1.49912e+05    7.63439e+01   -4.20198e+07    8.37211e+06   -3.36476e+07
  Conserved En.    Temperature Pres. DC (bar) Pressure (bar)   Constr. rmsd
   -4.44396e+07    3.23031e+02   -1.16546e+02    6.23067e+02    1.06562e-05

DD  step 4799 load imb.: force  0.5%

           Step           Time         Lambda
           4800        9.60000        0.00000

   Energies (kJ/mol)
          Angle       G96Angle    Proper Dih. Ryckaert-Bell.  Improper Dih.
    1.41587e+04    2.26374e+02    4.29846e+03    7.27199e+03    5.58023e+02
          LJ-14     Coulomb-14        LJ (SR)  Disper. corr.   Coulomb (SR)
    4.21960e+03    1.44453e+04    7.17989e+06   -2.20601e+05   -4.91815e+07
   Coul. recip. Position Rest.      Potential    Kinetic En.   Total Energy
    1.49640e+05    7.31949e+01   -4.20273e+07    8.37439e+06   -3.36530e+07
  Conserved En.    Temperature Pres. DC (bar) Pressure (bar)   Constr. rmsd
   -4.44395e+07    3.23119e+02   -1.16546e+02    6.67879e+02    1.01941e-05

DD  step 4899 load imb.: force  0.3%

           Step           Time         Lambda
           4900        9.80000        0.00000

   Energies (kJ/mol)
          Angle       G96Angle    Proper Dih. Ryckaert-Bell.  Improper Dih.
    1.40135e+04    2.16025e+02    4.30307e+03    7.51939e+03    5.30973e+02
          LJ-14     Coulomb-14        LJ (SR)  Disper. corr.   Coulomb (SR)
    4.36358e+03    1.46652e+04    7.17515e+06   -2.20601e+05   -4.91746e+07
   Coul. recip. Position Rest.      Potential    Kinetic En.   Total Energy
    1.50202e+05    6.97063e+01   -4.20242e+07    8.37745e+06   -3.36467e+07
  Conserved En.    Temperature Pres. DC (bar) Pressure (bar)   Constr. rmsd
   -4.44387e+07    3.23237e+02   -1.16546e+02    6.55290e+02    1.04899e-05

Writing checkpoint, step 4960 at Sat Jan  2 18:36:07 2016


DD  step 4999 load imb.: force  0.6%

           Step           Time         Lambda
           5000       10.00000        0.00000

Writing checkpoint, step 5000 at Sat Jan  2 18:38:20 2016


   Energies (kJ/mol)
          Angle       G96Angle    Proper Dih. Ryckaert-Bell.  Improper Dih.
    1.42146e+04    2.38490e+02    4.33185e+03    7.69135e+03    5.54808e+02
          LJ-14     Coulomb-14        LJ (SR)  Disper. corr.   Coulomb (SR)
    4.16447e+03    1.46243e+04    7.17724e+06   -2.20601e+05   -4.91725e+07
   Coul. recip. Position Rest.      Potential    Kinetic En.   Total Energy
    1.49181e+05    5.57197e+01   -4.20208e+07    8.37956e+06   -3.36412e+07
  Conserved En.    Temperature Pres. DC (bar) Pressure (bar)   Constr. rmsd
   -4.44387e+07    3.23318e+02   -1.16546e+02    6.63115e+02    1.03792e-05

	<======  ###############  ==>
	<====  A V E R A G E S  ====>
	<==  ###############  ======>

	Statistics over 5001 steps using 51 frames

   Energies (kJ/mol)
          Angle       G96Angle    Proper Dih. Ryckaert-Bell.  Improper Dih.
    1.39151e+04    2.28131e+02    4.50038e+03    7.29397e+03    5.34038e+02
          LJ-14     Coulomb-14        LJ (SR)  Disper. corr.   Coulomb (SR)
    4.22777e+03    1.40320e+04    7.27658e+06   -2.20601e+05   -4.96591e+07
   Coul. recip. Position Rest.      Potential    Kinetic En.   Total Energy
    1.46383e+05    6.14417e+01   -4.24120e+07    8.29686e+06   -3.41151e+07
  Conserved En.    Temperature Pres. DC (bar) Pressure (bar)   Constr. rmsd
   -4.44368e+07    3.20127e+02   -1.16546e+02    5.30988e+02    0.00000e+00

   Total Virial (kJ/mol)
    2.27493e+06   -5.65733e+03   -2.54736e+03
   -6.45744e+03    2.27780e+06   -9.31491e+03
   -3.10189e+03   -9.36226e+03    2.23548e+06

   Pressure (bar)
    5.21348e+02    5.14439e+00    5.22528e+00
    5.98922e+00    5.14846e+02    1.00715e+01
    5.81080e+00    1.01215e+01    5.56769e+02

      T-Protein         T-DPPC       T-SOL_CL
    3.23205e+02    3.23449e+02    3.20121e+02


	M E G A - F L O P S   A C C O U N T I N G

 NB=Group-cutoff nonbonded kernels    NxN=N-by-N cluster Verlet kernels
 RF=Reaction-Field  VdW=Van der Waals  QSTab=quadratic-spline table
 W3=SPC/TIP3p  W4=TIP4p (single or pairs)
 V&F=Potential and force  V=Potential only  F=Force only

 Computing:                               M-Number         M-Flops  % Flops
-----------------------------------------------------------------------------
 Pair Search distance check          418182.201066     3763639.810     0.6
 NxN Ewald Elec. + LJ [F]           5019658.178432   331297439.777    48.9
 NxN Ewald Elec. + LJ [V&F]           51715.249912     5533531.741     0.8
 NxN LJ [F]                            2997.214208       98908.069     0.0
 NxN LJ [V&F]                            30.660704        1318.410     0.0
 NxN Ewald Elec. [F]                4905825.941136   299255382.409    44.2
 NxN Ewald Elec. [V&F]                50547.296856     4245972.936     0.6
 1,4 nonbonded interactions              19.433886        1749.050     0.0
 Calc Weights                         46765.266183     1683549.583     0.2
 Spread Q Bspline                    997659.011904     1995318.024     0.3
 Gather F Bspline                    997659.011904     5985954.071     0.9
 3D-FFT                             2633031.661032    21064253.288     3.1
 Solve PME                              250.930176       16059.531     0.0
 Reset In Box                           782.382311        2347.147     0.0
 CG-CoM                                 785.499372        2356.498     0.0
 Angles                                  36.912381        6201.280     0.0
 Propers                                 14.872974        3405.911     0.0
 Impropers                                2.150430         447.289     0.0
 RB-Dihedrals                            15.123024        3735.387     0.0
 Pos. Restr.                              0.545109          27.255     0.0
 Virial                                 158.979291        2861.627     0.0
 Stop-CM                                162.087172        1620.872     0.0
 Calc-Ekin                             6240.356122      168489.615     0.0
 Lincs                                   34.219160        2053.150     0.0
 Lincs-Mat                              478.423980        1913.696     0.0
 Constraint-V                         15823.247799      126585.982     0.0
 Constraint-Vir                         160.983458        3863.603     0.0
 Settle                                5252.657788     1696608.466     0.3
-----------------------------------------------------------------------------
 Total                                               676965594.477   100.0
-----------------------------------------------------------------------------


    D O M A I N   D E C O M P O S I T I O N   S T A T I S T I C S

 av. #atoms communicated per step for force:  2 x 529044.1
 av. #atoms communicated per step for LINCS:  2 x 39659.2

 Average load imbalance: 0.4 %
 Part of the total run time spent waiting due to load imbalance: 0.3 %


     R E A L   C Y C L E   A N D   T I M E   A C C O U N T I N G

On 4 MPI ranks

 Computing:          Num   Num      Call    Wall time         Giga-Cycles
                     Ranks Threads  Count      (s)         total sum    %
-----------------------------------------------------------------------------
 Domain decomp.         4    1        251      90.490       1122.028   0.6
 DD comm. load          4    1         51       0.199          2.473   0.0
 Neighbor search        4    1        251     629.543       7805.986   3.8
 Comm. coord.           4    1       4750      34.310        425.431   0.2
 Force                  4    1       5001   12011.745     148939.009  73.2
 Wait + Comm. F         4    1       5001      22.400        277.751   0.1
 PME mesh               4    1       5001    2876.450      35666.396  17.5
 NB X/F buffer ops.     4    1      14501      48.309        599.001   0.3
 Write traj.            4    1         66      51.412        637.485   0.3
 Update                 4    1       5001      88.050       1091.775   0.5
 Constraints            4    1       5001     503.497       6243.087   3.1
 Comm. energies         4    1       1001       6.300         78.118   0.0
 Rest                                          52.946        656.504   0.3
-----------------------------------------------------------------------------
 Total                                      16415.653     203545.045 100.0
-----------------------------------------------------------------------------
 Breakdown of PME mesh computation
-----------------------------------------------------------------------------
 PME redist. X/F        4    1      10002     293.371       3637.638   1.8
 PME spread/gather      4    1      10002    1517.157      18811.914   9.2
 PME 3D-FFT             4    1      10002     903.899      11207.853   5.5
 PME 3D-FFT Comm.       4    1      10002      90.611       1123.520   0.6
 PME solve Elec         4    1       5001      71.368        884.929   0.4
-----------------------------------------------------------------------------

               Core t (s)   Wall t (s)        (%)
       Time:    65662.612    16415.653      400.0
                         4h33:35
                 (ns/day)    (hour/ns)
Performance:        0.053      455.899
Finished mdrun on rank 0 Sat Jan  2 18:38:37 2016
